Initializing simulation based upon argument string:
scripts/train_lgn.py --datadir=/home/jano/clariant/data/toptag/h5 --maxdim=3 --max-zf=1 --num-channels 2 4 4 2 --num-epoch=53 --batch-size=8 --num-cg-levels=3 --scale=0.005 --lr-init=0.001 --lr-final=7.59e-6 --mlp=True --alpha=100 --pmu-in=True --nobj=126 --lr-decay-type=exp -v=0 --prefix=maxdim3_nobj126_lr1e-3_1e-7_lrdecay-exp_pt550-650_nepoch_100_data100_run6
Log, best, checkpoint, load files: ./log/maxdim3_nobj126_lr1e-3_1e-7_lrdecay-exp_pt550-650_nepoch_100_data100_run6.log ./model/maxdim3_nobj126_lr1e-3_1e-7_lrdecay-exp_pt550-650_nepoch_100_data100_run6_best.pt ./model/maxdim3_nobj126_lr1e-3_1e-7_lrdecay-exp_pt550-650_nepoch_100_data100_run6.pt ./model/maxdim3_nobj126_lr1e-3_1e-7_lrdecay-exp_pt550-650_nepoch_100_data100_run6.pt
Dataset, learning target, datadir: jet is_signal /home/jano/clariant/data/toptag/h5
Git status: c7bcf55

Values of all model arguments:
Namespace(activation='leakyrelu', add_beams=True, alpha=100.0, batch_group_size=1, batch_size=8, beam_mass=1, bestfile='./model/maxdim3_nobj126_lr1e-3_1e-7_lrdecay-exp_pt550-650_nepoch_100_data100_run6_best.pt', checkfile='./model/maxdim3_nobj126_lr1e-3_1e-7_lrdecay-exp_pt550-650_nepoch_100_data100_run6.pt', cuda=True, cutoff_decay=0, cutoff_type=['learn'], datadir='/home/jano/clariant/data/toptag/h5', dataset='jet', dtype='float', force_download=False, full_scalars=False, gaussian_mask=False, hard_cut_rad=inf, input='linear', level_gain=[1.0], load=False, loadfile='./model/maxdim3_nobj126_lr1e-3_1e-7_lrdecay-exp_pt550-650_nepoch_100_data100_run6.pt', log_level='info', logdir='log/', logfile='./log/maxdim3_nobj126_lr1e-3_1e-7_lrdecay-exp_pt550-650_nepoch_100_data100_run6.log', lr_decay=inf, lr_decay_type='exp', lr_final=7.59e-06, lr_init=0.001, lr_minibatch=True, max_zf=[1], maxdim=[3], mlp=True, mlp_depth=3, mlp_width=2, modeldir='model/', nobj=126, num_basis_fn=10, num_cg_levels=3, num_channels=[2, 4, 4, 2], num_epoch=53, num_mpnn_levels=1, num_test=-1, num_train=-1, num_valid=-1, num_workers=0, optim='amsgrad', parallel=False, pmu_in=True, predict=True, predictdir='predict/', predictfile='./predict/maxdim3_nobj126_lr1e-3_1e-7_lrdecay-exp_pt550-650_nepoch_100_data100_run6', prefix='maxdim3_nobj126_lr1e-3_1e-7_lrdecay-exp_pt550-650_nepoch_100_data100_run6', quiet=True, save=True, scale=0.005, seed=1, sgd_restart=-1, shuffle=True, soft_cut_rad=inf, soft_cut_width=inf, target='is_signal', task='train', test=True, textlog=True, top='linear', verbose=False, weight_decay=0, weight_init='randn', workdir='./')
Beginning training on CUDA/GPU! Device: 0
Initializing network!
hard_cut_rad: [inf, inf, inf]
soft_cut_rad: [inf, inf, inf]
soft_cut_width: [inf, inf, inf]
maxdim: [3, 3, 3]
max_zf: [1, 1, 1]
num_channels: [2, 4, 4, 2]
CGdict maxdim: 3
{(0, 0): 2, (1, 1): 2}
{(0, 0): 4, (1, 1): 4, (0, 2): 4, (2, 0): 4, (2, 2): 4}
{(0, 0): 4, (1, 1): 4, (0, 2): 4, (2, 0): 4, (2, 2): 4}
{(0, 0): 2, (1, 1): 2, (0, 2): 2, (2, 0): 2, (2, 2): 2}
Model initialized. Number of parameters: 6014
Testing network for symmetries:
Beginning covariance test!
Boost invariance test. The output is a table of [gamma, rel. deviation] tuples:
[[1.0, 0.0], [1.5430806348152437, 2.8128124540671706e-07], [3.7621956910836314, 1.023904474095616e-06], [10.067661995777765, 1.0492350156710017e-05], [27.308232836016487, 9.84535290626809e-05], [74.20994852478785, 0.0008832206367515028], [201.7156361224559, 0.015533316880464554], [548.317035155212, 0.5654723048210144], [1490.479161252178, 201.0189666748047], [4051.5420254925943, 10770.2822265625]]
Rotation invariance test. The output is a table of [angle, rel. deviation] tuples:
[[0.0, 0.0], [1.0, 3.051876262816222e-07], [2.0, 4.109859901291202e-07], [3.0, 3.031530297903373e-07], [4.0, 3.626646218890528e-07], [5.0, 2.238042640101412e-07], [6.0, 2.878936697925383e-07], [7.0, 3.1027408908812504e-07], [8.0, 4.59307386790897e-07], [9.0, 2.9501470066861657e-07]]
Averages of components of all tensors:
 [{(0, 0): 0.2586890757083893, (1, 1): 0.003641741815954447}, {(2, 0): 0.0002972555812448263, (1, 1): 0.04294935241341591, (2, 2): 0.001709132338874042, (0, 2): 0.00023055347264744341, (0, 0): 0.27531588077545166}, {(2, 0): 0.0004838102904614061, (1, 1): 0.015110286884009838, (2, 2): 0.0018141870386898518, (0, 2): 0.00032469857251271605, (0, 0): 0.1574682593345642}, {(2, 0): 0.00015752186300233006, (1, 1): 0.004805193282663822, (2, 2): 0.0004037008620798588, (0, 2): 0.00010759059659903869, (0, 0): 0.11099229753017426}]
Medians of components of all tensors:
 [{(0, 0): 0.19226758182048798, (1, 1): 0.0}, {(2, 0): 3.473836329703772e-08, (1, 1): 0.015159610658884048, (2, 2): 0.00027366046560928226, (0, 2): 3.2167989161280275e-08, (0, 0): 0.2411213219165802}, {(2, 0): 1.7961494449991733e-05, (1, 1): 0.004229947924613953, (2, 2): 0.0003454877878539264, (0, 2): 1.4678193110739812e-05, (0, 0): 0.09511257708072662}, {(2, 0): 1.6775578842498362e-05, (1, 1): 0.0014673685654997826, (2, 2): 8.536171662854031e-05, (0, 2): 1.6106416296679527e-05, (0, 0): 0.06850333511829376}]
Rotation Invariance test (relative): 0.00023706
Largest deviation in covariance test : 0.034308
Largest deviation in covariance test 0.034308 detected! Detailed summary (all relative):
(lvl, key) = (0, (0, 0)) -> 0.00019802 (norm) 4.2026e-05 (mean)
(lvl, key) = (0, (1, 1)) -> 8.0755e-08 (norm) 6.41e-08 (mean)
(lvl, key) = (1, (2, 0)) -> 3.0444e-05 (norm) 4.6544e-05 (mean)
(lvl, key) = (1, (1, 1)) -> 0.0022566 (norm) 0.00061835 (mean)
(lvl, key) = (1, (2, 2)) -> 0.0026079 (norm) 0.00025258 (mean)
(lvl, key) = (1, (0, 2)) -> 3.2525e-05 (norm) 5.1762e-05 (mean)
(lvl, key) = (1, (0, 0)) -> 0.0010454 (norm) 0.00013788 (mean)
(lvl, key) = (2, (2, 0)) -> 0.038626 (norm) 0.011246 (mean)
(lvl, key) = (2, (1, 1)) -> 0.0081639 (norm) 0.0016437 (mean)
(lvl, key) = (2, (2, 2)) -> 0.0030683 (norm) 0.00053167 (mean)
(lvl, key) = (2, (0, 2)) -> 0.026114 (norm) 0.0091865 (mean)
(lvl, key) = (2, (0, 0)) -> 0.00047805 (norm) 0.00012744 (mean)
(lvl, key) = (3, (2, 0)) -> 0.15257 (norm) 0.19063 (mean)
(lvl, key) = (3, (1, 1)) -> 0.0057549 (norm) 0.0025323 (mean)
(lvl, key) = (3, (2, 2)) -> 0.0033179 (norm) 0.00074854 (mean)
(lvl, key) = (3, (0, 2)) -> 0.12722 (norm) 0.14991 (mean)
(lvl, key) = (3, (0, 0)) -> 0.001862 (norm) 0.00031076 (mean)
Beginning permutation test!
Permutation Invariance test error: 0.7952944040298462
Beginning batch invariance test!
Batch invariance test error: 7.812802209627989e-07
Test complete!
Starting Epoch: 1
Epoch 1 Complete! Current Training Loss:     0.2323     0.9081     0.9541     134.7103 @0.3000     LR: 9.12E-04
[[0.444 0.056]
 [0.036 0.464]]

ROC saved to file ./predict/maxdim3_nobj126_lr1e-3_1e-7_lrdecay-exp_pt550-650_nepoch_100_data100_run6.epoch1.train_ROC.csv

Saving predictions to file: ./model/maxdim3_nobj126_lr1e-3_1e-7_lrdecay-exp_pt550-650_nepoch_100_data100_run6.epoch1.train.pt
Saving model to checkpoint file: ./model/maxdim3_nobj126_lr1e-3_1e-7_lrdecay-exp_pt550-650_nepoch_100_data100_run6.pt
Starting testing on valid set: 
 Done! (Time: 2314.416508s)
Epoch 1 Complete! Current Validation Loss:     0.1985     0.9207     0.9709     266.1863 @0.3002     LR: 9.12E-04
[[0.442 0.058]
 [0.021 0.479]]

ROC saved to file ./predict/maxdim3_nobj126_lr1e-3_1e-7_lrdecay-exp_pt550-650_nepoch_100_data100_run6.epoch1.valid_ROC.csv

Saving predictions to file: ./model/maxdim3_nobj126_lr1e-3_1e-7_lrdecay-exp_pt550-650_nepoch_100_data100_run6.epoch1.valid.pt
Lowest loss achieved! Saving best model to file: ./model/maxdim3_nobj126_lr1e-3_1e-7_lrdecay-exp_pt550-650_nepoch_100_data100_run6_best.pt
Epoch 1 complete!
Starting Epoch: 2
Epoch 2 Complete! Current Training Loss:     0.1974     0.9201     0.9702     251.2544 @0.3000     LR: 8.32E-04
[[0.449 0.051]
 [0.029 0.471]]

ROC saved to file ./predict/maxdim3_nobj126_lr1e-3_1e-7_lrdecay-exp_pt550-650_nepoch_100_data100_run6.epoch2.train_ROC.csv

Saving predictions to file: ./model/maxdim3_nobj126_lr1e-3_1e-7_lrdecay-exp_pt550-650_nepoch_100_data100_run6.epoch2.train.pt
Saving model to checkpoint file: ./model/maxdim3_nobj126_lr1e-3_1e-7_lrdecay-exp_pt550-650_nepoch_100_data100_run6.pt
Starting testing on valid set: 
 Done! (Time: 2330.959951s)
Epoch 2 Complete! Current Validation Loss:     0.1925     0.9223     0.9724     260.3398 @0.3000     LR: 8.32E-04
[[0.449 0.051]
 [0.027 0.473]]

ROC saved to file ./predict/maxdim3_nobj126_lr1e-3_1e-7_lrdecay-exp_pt550-650_nepoch_100_data100_run6.epoch2.valid_ROC.csv

Saving predictions to file: ./model/maxdim3_nobj126_lr1e-3_1e-7_lrdecay-exp_pt550-650_nepoch_100_data100_run6.epoch2.valid.pt
Lowest loss achieved! Saving best model to file: ./model/maxdim3_nobj126_lr1e-3_1e-7_lrdecay-exp_pt550-650_nepoch_100_data100_run6_best.pt
Epoch 2 complete!
Starting Epoch: 3
Epoch 3 Complete! Current Training Loss:     0.1912     0.9225     0.9714     245.3497 @0.3000     LR: 7.59E-04
[[0.451 0.049]
 [0.029 0.471]]

ROC saved to file ./predict/maxdim3_nobj126_lr1e-3_1e-7_lrdecay-exp_pt550-650_nepoch_100_data100_run6.epoch3.train_ROC.csv

Saving predictions to file: ./model/maxdim3_nobj126_lr1e-3_1e-7_lrdecay-exp_pt550-650_nepoch_100_data100_run6.epoch3.train.pt
Saving model to checkpoint file: ./model/maxdim3_nobj126_lr1e-3_1e-7_lrdecay-exp_pt550-650_nepoch_100_data100_run6.pt
Starting testing on valid set: 
 Done! (Time: 2315.550631s)
Epoch 3 Complete! Current Validation Loss:     0.2050     0.9152     0.9718     281.0363 @0.2998     LR: 7.59E-04
[[0.47  0.03 ]
 [0.055 0.445]]

ROC saved to file ./predict/maxdim3_nobj126_lr1e-3_1e-7_lrdecay-exp_pt550-650_nepoch_100_data100_run6.epoch3.valid_ROC.csv

Saving predictions to file: ./model/maxdim3_nobj126_lr1e-3_1e-7_lrdecay-exp_pt550-650_nepoch_100_data100_run6.epoch3.valid.pt
Epoch 3 complete!
Starting Epoch: 4
Epoch 4 Complete! Current Training Loss:     0.1892     0.9236     0.9714     250.3196 @0.3000     LR: 6.92E-04
[[0.452 0.048]
 [0.028 0.472]]

ROC saved to file ./predict/maxdim3_nobj126_lr1e-3_1e-7_lrdecay-exp_pt550-650_nepoch_100_data100_run6.epoch4.train_ROC.csv

Saving predictions to file: ./model/maxdim3_nobj126_lr1e-3_1e-7_lrdecay-exp_pt550-650_nepoch_100_data100_run6.epoch4.train.pt
Saving model to checkpoint file: ./model/maxdim3_nobj126_lr1e-3_1e-7_lrdecay-exp_pt550-650_nepoch_100_data100_run6.pt
Starting testing on valid set: 
 Done! (Time: 2319.927168s)
Epoch 4 Complete! Current Validation Loss:     0.1943     0.9213     0.9714     254.7446 @0.3000     LR: 6.92E-04
[[0.465 0.035]
 [0.043 0.457]]

ROC saved to file ./predict/maxdim3_nobj126_lr1e-3_1e-7_lrdecay-exp_pt550-650_nepoch_100_data100_run6.epoch4.valid_ROC.csv

Saving predictions to file: ./model/maxdim3_nobj126_lr1e-3_1e-7_lrdecay-exp_pt550-650_nepoch_100_data100_run6.epoch4.valid.pt
Epoch 4 complete!
Starting Epoch: 5
Epoch 5 Complete! Current Training Loss:     0.1878     0.9244     0.9717     263.0421 @0.3000     LR: 6.31E-04
[[0.452 0.048]
 [0.028 0.472]]

ROC saved to file ./predict/maxdim3_nobj126_lr1e-3_1e-7_lrdecay-exp_pt550-650_nepoch_100_data100_run6.epoch5.train_ROC.csv

Saving predictions to file: ./model/maxdim3_nobj126_lr1e-3_1e-7_lrdecay-exp_pt550-650_nepoch_100_data100_run6.epoch5.train.pt
Saving model to checkpoint file: ./model/maxdim3_nobj126_lr1e-3_1e-7_lrdecay-exp_pt550-650_nepoch_100_data100_run6.pt
Starting testing on valid set: 
 Done! (Time: 2315.841299s)
Epoch 5 Complete! Current Validation Loss:     0.1873     0.9242     0.9693     190.6367 @0.3000     LR: 6.31E-04
[[0.448 0.052]
 [0.024 0.476]]

ROC saved to file ./predict/maxdim3_nobj126_lr1e-3_1e-7_lrdecay-exp_pt550-650_nepoch_100_data100_run6.epoch5.valid_ROC.csv

Saving predictions to file: ./model/maxdim3_nobj126_lr1e-3_1e-7_lrdecay-exp_pt550-650_nepoch_100_data100_run6.epoch5.valid.pt
Lowest loss achieved! Saving best model to file: ./model/maxdim3_nobj126_lr1e-3_1e-7_lrdecay-exp_pt550-650_nepoch_100_data100_run6_best.pt
Epoch 5 complete!
Starting Epoch: 6
Epoch 6 Complete! Current Training Loss:     0.1868     0.9249     0.9716     267.5753 @0.3000     LR: 5.75E-04
[[0.453 0.047]
 [0.028 0.472]]

ROC saved to file ./predict/maxdim3_nobj126_lr1e-3_1e-7_lrdecay-exp_pt550-650_nepoch_100_data100_run6.epoch6.train_ROC.csv

Saving predictions to file: ./model/maxdim3_nobj126_lr1e-3_1e-7_lrdecay-exp_pt550-650_nepoch_100_data100_run6.epoch6.train.pt
Saving model to checkpoint file: ./model/maxdim3_nobj126_lr1e-3_1e-7_lrdecay-exp_pt550-650_nepoch_100_data100_run6.pt
Starting testing on valid set: 
 Done! (Time: 2312.845937s)
Epoch 6 Complete! Current Validation Loss:     0.1891     0.9232     0.9754     372.4640 @0.3000     LR: 5.75E-04
[[0.447 0.053]
 [0.024 0.476]]

ROC saved to file ./predict/maxdim3_nobj126_lr1e-3_1e-7_lrdecay-exp_pt550-650_nepoch_100_data100_run6.epoch6.valid_ROC.csv

Saving predictions to file: ./model/maxdim3_nobj126_lr1e-3_1e-7_lrdecay-exp_pt550-650_nepoch_100_data100_run6.epoch6.valid.pt
Epoch 6 complete!
Starting Epoch: 7
Epoch 7 Complete! Current Training Loss:     0.1858     0.9252     0.9720     281.2462 @0.3000     LR: 5.25E-04
[[0.453 0.047]
 [0.028 0.472]]

ROC saved to file ./predict/maxdim3_nobj126_lr1e-3_1e-7_lrdecay-exp_pt550-650_nepoch_100_data100_run6.epoch7.train_ROC.csv

Saving predictions to file: ./model/maxdim3_nobj126_lr1e-3_1e-7_lrdecay-exp_pt550-650_nepoch_100_data100_run6.epoch7.train.pt
Saving model to checkpoint file: ./model/maxdim3_nobj126_lr1e-3_1e-7_lrdecay-exp_pt550-650_nepoch_100_data100_run6.pt
Starting testing on valid set: 
 Done! (Time: 2314.601731s)
Epoch 7 Complete! Current Validation Loss:     0.1865     0.9244     0.9717     245.1375 @0.3001     LR: 5.25E-04
[[0.446 0.054]
 [0.021 0.479]]

ROC saved to file ./predict/maxdim3_nobj126_lr1e-3_1e-7_lrdecay-exp_pt550-650_nepoch_100_data100_run6.epoch7.valid_ROC.csv

Saving predictions to file: ./model/maxdim3_nobj126_lr1e-3_1e-7_lrdecay-exp_pt550-650_nepoch_100_data100_run6.epoch7.valid.pt
Lowest loss achieved! Saving best model to file: ./model/maxdim3_nobj126_lr1e-3_1e-7_lrdecay-exp_pt550-650_nepoch_100_data100_run6_best.pt
Epoch 7 complete!
Starting Epoch: 8
Epoch 8 Complete! Current Training Loss:     0.1851     0.9257     0.9719     286.5703 @0.3000     LR: 4.79E-04
[[0.453 0.047]
 [0.028 0.472]]

ROC saved to file ./predict/maxdim3_nobj126_lr1e-3_1e-7_lrdecay-exp_pt550-650_nepoch_100_data100_run6.epoch8.train_ROC.csv

Saving predictions to file: ./model/maxdim3_nobj126_lr1e-3_1e-7_lrdecay-exp_pt550-650_nepoch_100_data100_run6.epoch8.train.pt
Saving model to checkpoint file: ./model/maxdim3_nobj126_lr1e-3_1e-7_lrdecay-exp_pt550-650_nepoch_100_data100_run6.pt
Starting testing on valid set: 
 Done! (Time: 2311.57277s)
Epoch 8 Complete! Current Validation Loss:     0.1853     0.9251     0.9747     399.8075 @0.2999     LR: 4.79E-04
[[0.456 0.044]
 [0.03  0.47 ]]

ROC saved to file ./predict/maxdim3_nobj126_lr1e-3_1e-7_lrdecay-exp_pt550-650_nepoch_100_data100_run6.epoch8.valid_ROC.csv

Saving predictions to file: ./model/maxdim3_nobj126_lr1e-3_1e-7_lrdecay-exp_pt550-650_nepoch_100_data100_run6.epoch8.valid.pt
Lowest loss achieved! Saving best model to file: ./model/maxdim3_nobj126_lr1e-3_1e-7_lrdecay-exp_pt550-650_nepoch_100_data100_run6_best.pt
Epoch 8 complete!
Starting Epoch: 9
Epoch 9 Complete! Current Training Loss:     0.1845     0.9258     0.9721     293.0895 @0.3000     LR: 4.37E-04
[[0.454 0.046]
 [0.028 0.472]]

ROC saved to file ./predict/maxdim3_nobj126_lr1e-3_1e-7_lrdecay-exp_pt550-650_nepoch_100_data100_run6.epoch9.train_ROC.csv

Saving predictions to file: ./model/maxdim3_nobj126_lr1e-3_1e-7_lrdecay-exp_pt550-650_nepoch_100_data100_run6.epoch9.train.pt
Saving model to checkpoint file: ./model/maxdim3_nobj126_lr1e-3_1e-7_lrdecay-exp_pt550-650_nepoch_100_data100_run6.pt
Starting testing on valid set: 
 Done! (Time: 2302.742048s)
Epoch 9 Complete! Current Validation Loss:     0.1856     0.9255     0.9717     262.3737 @0.3001     LR: 4.37E-04
[[0.452 0.048]
 [0.026 0.474]]

ROC saved to file ./predict/maxdim3_nobj126_lr1e-3_1e-7_lrdecay-exp_pt550-650_nepoch_100_data100_run6.epoch9.valid_ROC.csv

Saving predictions to file: ./model/maxdim3_nobj126_lr1e-3_1e-7_lrdecay-exp_pt550-650_nepoch_100_data100_run6.epoch9.valid.pt
Epoch 9 complete!
Starting Epoch: 10
Epoch 10 Complete! Current Training Loss:     0.1839     0.9260     0.9721     291.3970 @0.3000     LR: 3.98E-04
[[0.454 0.046]
 [0.028 0.472]]

ROC saved to file ./predict/maxdim3_nobj126_lr1e-3_1e-7_lrdecay-exp_pt550-650_nepoch_100_data100_run6.epoch10.train_ROC.csv

Saving predictions to file: ./model/maxdim3_nobj126_lr1e-3_1e-7_lrdecay-exp_pt550-650_nepoch_100_data100_run6.epoch10.train.pt
Saving model to checkpoint file: ./model/maxdim3_nobj126_lr1e-3_1e-7_lrdecay-exp_pt550-650_nepoch_100_data100_run6.pt
Starting testing on valid set: 
 Done! (Time: 2321.414889s)
Epoch 10 Complete! Current Validation Loss:     0.1846     0.9258     0.9726     255.0671 @0.3002     LR: 3.98E-04
[[0.451 0.049]
 [0.025 0.475]]

ROC saved to file ./predict/maxdim3_nobj126_lr1e-3_1e-7_lrdecay-exp_pt550-650_nepoch_100_data100_run6.epoch10.valid_ROC.csv

Saving predictions to file: ./model/maxdim3_nobj126_lr1e-3_1e-7_lrdecay-exp_pt550-650_nepoch_100_data100_run6.epoch10.valid.pt
Lowest loss achieved! Saving best model to file: ./model/maxdim3_nobj126_lr1e-3_1e-7_lrdecay-exp_pt550-650_nepoch_100_data100_run6_best.pt
Epoch 10 complete!
Starting Epoch: 11
Epoch 11 Complete! Current Training Loss:     0.1835     0.9263     0.9726     307.6845 @0.3000     LR: 3.63E-04
[[0.454 0.046]
 [0.028 0.472]]

ROC saved to file ./predict/maxdim3_nobj126_lr1e-3_1e-7_lrdecay-exp_pt550-650_nepoch_100_data100_run6.epoch11.train_ROC.csv

Saving predictions to file: ./model/maxdim3_nobj126_lr1e-3_1e-7_lrdecay-exp_pt550-650_nepoch_100_data100_run6.epoch11.train.pt
Saving model to checkpoint file: ./model/maxdim3_nobj126_lr1e-3_1e-7_lrdecay-exp_pt550-650_nepoch_100_data100_run6.pt
Starting testing on valid set: 
 Done! (Time: 2336.570997s)
Epoch 11 Complete! Current Validation Loss:     0.1859     0.9252     0.9711     285.8199 @0.2999     LR: 3.63E-04
[[0.447 0.053]
 [0.022 0.478]]

ROC saved to file ./predict/maxdim3_nobj126_lr1e-3_1e-7_lrdecay-exp_pt550-650_nepoch_100_data100_run6.epoch11.valid_ROC.csv

Saving predictions to file: ./model/maxdim3_nobj126_lr1e-3_1e-7_lrdecay-exp_pt550-650_nepoch_100_data100_run6.epoch11.valid.pt
Epoch 11 complete!
Starting Epoch: 12
Epoch 12 Complete! Current Training Loss:     0.1831     0.9264     0.9727     314.2309 @0.3000     LR: 3.31E-04
[[0.454 0.046]
 [0.028 0.472]]

ROC saved to file ./predict/maxdim3_nobj126_lr1e-3_1e-7_lrdecay-exp_pt550-650_nepoch_100_data100_run6.epoch12.train_ROC.csv

Saving predictions to file: ./model/maxdim3_nobj126_lr1e-3_1e-7_lrdecay-exp_pt550-650_nepoch_100_data100_run6.epoch12.train.pt
Saving model to checkpoint file: ./model/maxdim3_nobj126_lr1e-3_1e-7_lrdecay-exp_pt550-650_nepoch_100_data100_run6.pt
Starting testing on valid set: 
 Done! (Time: 2572.15281s)
Epoch 12 Complete! Current Validation Loss:     0.1835     0.9261     0.9716     276.0315 @0.3000     LR: 3.31E-04
[[0.451 0.049]
 [0.025 0.475]]

ROC saved to file ./predict/maxdim3_nobj126_lr1e-3_1e-7_lrdecay-exp_pt550-650_nepoch_100_data100_run6.epoch12.valid_ROC.csv

Saving predictions to file: ./model/maxdim3_nobj126_lr1e-3_1e-7_lrdecay-exp_pt550-650_nepoch_100_data100_run6.epoch12.valid.pt
Lowest loss achieved! Saving best model to file: ./model/maxdim3_nobj126_lr1e-3_1e-7_lrdecay-exp_pt550-650_nepoch_100_data100_run6_best.pt
Epoch 12 complete!
Starting Epoch: 13
Epoch 13 Complete! Current Training Loss:     0.1826     0.9266     0.9729     317.0277 @0.3000     LR: 3.02E-04
[[0.454 0.046]
 [0.028 0.472]]

ROC saved to file ./predict/maxdim3_nobj126_lr1e-3_1e-7_lrdecay-exp_pt550-650_nepoch_100_data100_run6.epoch13.train_ROC.csv

Saving predictions to file: ./model/maxdim3_nobj126_lr1e-3_1e-7_lrdecay-exp_pt550-650_nepoch_100_data100_run6.epoch13.train.pt
Saving model to checkpoint file: ./model/maxdim3_nobj126_lr1e-3_1e-7_lrdecay-exp_pt550-650_nepoch_100_data100_run6.pt
Starting testing on valid set: 
 Done! (Time: 2310.345525s)
Epoch 13 Complete! Current Validation Loss:     0.1832     0.9263     0.9731     292.8823 @0.3000     LR: 3.02E-04
[[0.454 0.046]
 [0.028 0.472]]

ROC saved to file ./predict/maxdim3_nobj126_lr1e-3_1e-7_lrdecay-exp_pt550-650_nepoch_100_data100_run6.epoch13.valid_ROC.csv

Saving predictions to file: ./model/maxdim3_nobj126_lr1e-3_1e-7_lrdecay-exp_pt550-650_nepoch_100_data100_run6.epoch13.valid.pt
Lowest loss achieved! Saving best model to file: ./model/maxdim3_nobj126_lr1e-3_1e-7_lrdecay-exp_pt550-650_nepoch_100_data100_run6_best.pt
Epoch 13 complete!
Starting Epoch: 14
Epoch 14 Complete! Current Training Loss:     0.1823     0.9267     0.9728     321.7444 @0.3000     LR: 2.75E-04
[[0.454 0.046]
 [0.028 0.472]]

ROC saved to file ./predict/maxdim3_nobj126_lr1e-3_1e-7_lrdecay-exp_pt550-650_nepoch_100_data100_run6.epoch14.train_ROC.csv

Saving predictions to file: ./model/maxdim3_nobj126_lr1e-3_1e-7_lrdecay-exp_pt550-650_nepoch_100_data100_run6.epoch14.train.pt
Saving model to checkpoint file: ./model/maxdim3_nobj126_lr1e-3_1e-7_lrdecay-exp_pt550-650_nepoch_100_data100_run6.pt
Starting testing on valid set: 
 Done! (Time: 2383.70091s)
Epoch 14 Complete! Current Validation Loss:     0.1829     0.9265     0.9721     300.3025 @0.3001     LR: 2.75E-04
[[0.457 0.043]
 [0.031 0.469]]

ROC saved to file ./predict/maxdim3_nobj126_lr1e-3_1e-7_lrdecay-exp_pt550-650_nepoch_100_data100_run6.epoch14.valid_ROC.csv

Saving predictions to file: ./model/maxdim3_nobj126_lr1e-3_1e-7_lrdecay-exp_pt550-650_nepoch_100_data100_run6.epoch14.valid.pt
Lowest loss achieved! Saving best model to file: ./model/maxdim3_nobj126_lr1e-3_1e-7_lrdecay-exp_pt550-650_nepoch_100_data100_run6_best.pt
Epoch 14 complete!
Starting Epoch: 15
Epoch 15 Complete! Current Training Loss:     0.1820     0.9268     0.9729     326.6036 @0.3000     LR: 2.51E-04
[[0.454 0.046]
 [0.028 0.472]]

ROC saved to file ./predict/maxdim3_nobj126_lr1e-3_1e-7_lrdecay-exp_pt550-650_nepoch_100_data100_run6.epoch15.train_ROC.csv

Saving predictions to file: ./model/maxdim3_nobj126_lr1e-3_1e-7_lrdecay-exp_pt550-650_nepoch_100_data100_run6.epoch15.train.pt
Saving model to checkpoint file: ./model/maxdim3_nobj126_lr1e-3_1e-7_lrdecay-exp_pt550-650_nepoch_100_data100_run6.pt
Starting testing on valid set: 
 Done! (Time: 2301.359013s)
Epoch 15 Complete! Current Validation Loss:     0.1824     0.9264     0.9732     335.2795 @0.3001     LR: 2.51E-04
[[0.456 0.044]
 [0.029 0.471]]

ROC saved to file ./predict/maxdim3_nobj126_lr1e-3_1e-7_lrdecay-exp_pt550-650_nepoch_100_data100_run6.epoch15.valid_ROC.csv

Saving predictions to file: ./model/maxdim3_nobj126_lr1e-3_1e-7_lrdecay-exp_pt550-650_nepoch_100_data100_run6.epoch15.valid.pt
Lowest loss achieved! Saving best model to file: ./model/maxdim3_nobj126_lr1e-3_1e-7_lrdecay-exp_pt550-650_nepoch_100_data100_run6_best.pt
Epoch 15 complete!
Starting Epoch: 16
Epoch 16 Complete! Current Training Loss:     0.1817     0.9270     0.9730     325.7251 @0.3000     LR: 2.29E-04
[[0.454 0.046]
 [0.027 0.472]]

ROC saved to file ./predict/maxdim3_nobj126_lr1e-3_1e-7_lrdecay-exp_pt550-650_nepoch_100_data100_run6.epoch16.train_ROC.csv

Saving predictions to file: ./model/maxdim3_nobj126_lr1e-3_1e-7_lrdecay-exp_pt550-650_nepoch_100_data100_run6.epoch16.train.pt
Saving model to checkpoint file: ./model/maxdim3_nobj126_lr1e-3_1e-7_lrdecay-exp_pt550-650_nepoch_100_data100_run6.pt
Starting testing on valid set: 
 Done! (Time: 2310.743663s)
Epoch 16 Complete! Current Validation Loss:     0.1831     0.9266     0.9722     303.0120 @0.3001     LR: 2.29E-04
[[0.455 0.045]
 [0.029 0.471]]

ROC saved to file ./predict/maxdim3_nobj126_lr1e-3_1e-7_lrdecay-exp_pt550-650_nepoch_100_data100_run6.epoch16.valid_ROC.csv

Saving predictions to file: ./model/maxdim3_nobj126_lr1e-3_1e-7_lrdecay-exp_pt550-650_nepoch_100_data100_run6.epoch16.valid.pt
Epoch 16 complete!
Starting Epoch: 17
Epoch 17 Complete! Current Training Loss:     0.1815     0.9271     0.9729     339.6091 @0.3000     LR: 2.09E-04
[[0.455 0.045]
 [0.027 0.473]]

ROC saved to file ./predict/maxdim3_nobj126_lr1e-3_1e-7_lrdecay-exp_pt550-650_nepoch_100_data100_run6.epoch17.train_ROC.csv

Saving predictions to file: ./model/maxdim3_nobj126_lr1e-3_1e-7_lrdecay-exp_pt550-650_nepoch_100_data100_run6.epoch17.train.pt
Saving model to checkpoint file: ./model/maxdim3_nobj126_lr1e-3_1e-7_lrdecay-exp_pt550-650_nepoch_100_data100_run6.pt
Starting testing on valid set: 
 Done! (Time: 2322.825054s)
Epoch 17 Complete! Current Validation Loss:     0.1823     0.9267     0.9734     377.3464 @0.3000     LR: 2.09E-04
[[0.458 0.042]
 [0.031 0.469]]

ROC saved to file ./predict/maxdim3_nobj126_lr1e-3_1e-7_lrdecay-exp_pt550-650_nepoch_100_data100_run6.epoch17.valid_ROC.csv

Saving predictions to file: ./model/maxdim3_nobj126_lr1e-3_1e-7_lrdecay-exp_pt550-650_nepoch_100_data100_run6.epoch17.valid.pt
Lowest loss achieved! Saving best model to file: ./model/maxdim3_nobj126_lr1e-3_1e-7_lrdecay-exp_pt550-650_nepoch_100_data100_run6_best.pt
Epoch 17 complete!
Starting Epoch: 18
Epoch 18 Complete! Current Training Loss:     0.1812     0.9272     0.9729     339.7997 @0.3000     LR: 1.91E-04
[[0.455 0.045]
 [0.027 0.473]]

ROC saved to file ./predict/maxdim3_nobj126_lr1e-3_1e-7_lrdecay-exp_pt550-650_nepoch_100_data100_run6.epoch18.train_ROC.csv

Saving predictions to file: ./model/maxdim3_nobj126_lr1e-3_1e-7_lrdecay-exp_pt550-650_nepoch_100_data100_run6.epoch18.train.pt
Saving model to checkpoint file: ./model/maxdim3_nobj126_lr1e-3_1e-7_lrdecay-exp_pt550-650_nepoch_100_data100_run6.pt
Starting testing on valid set: 
 Done! (Time: 2290.909742s)
Epoch 18 Complete! Current Validation Loss:     0.1816     0.9273     0.9718     289.1004 @0.3000     LR: 1.91E-04
[[0.455 0.045]
 [0.027 0.473]]

ROC saved to file ./predict/maxdim3_nobj126_lr1e-3_1e-7_lrdecay-exp_pt550-650_nepoch_100_data100_run6.epoch18.valid_ROC.csv

Saving predictions to file: ./model/maxdim3_nobj126_lr1e-3_1e-7_lrdecay-exp_pt550-650_nepoch_100_data100_run6.epoch18.valid.pt
Lowest loss achieved! Saving best model to file: ./model/maxdim3_nobj126_lr1e-3_1e-7_lrdecay-exp_pt550-650_nepoch_100_data100_run6_best.pt
Epoch 18 complete!
Starting Epoch: 19
Epoch 19 Complete! Current Training Loss:     0.1810     0.9274     0.9727     346.8058 @0.3000     LR: 1.74E-04
[[0.455 0.045]
 [0.027 0.473]]

ROC saved to file ./predict/maxdim3_nobj126_lr1e-3_1e-7_lrdecay-exp_pt550-650_nepoch_100_data100_run6.epoch19.train_ROC.csv

Saving predictions to file: ./model/maxdim3_nobj126_lr1e-3_1e-7_lrdecay-exp_pt550-650_nepoch_100_data100_run6.epoch19.train.pt
Saving model to checkpoint file: ./model/maxdim3_nobj126_lr1e-3_1e-7_lrdecay-exp_pt550-650_nepoch_100_data100_run6.pt
Starting testing on valid set: 
 Done! (Time: 2304.375303s)
Epoch 19 Complete! Current Validation Loss:     0.1814     0.9272     0.9733     383.8152 @0.3000     LR: 1.74E-04
[[0.454 0.046]
 [0.027 0.473]]

ROC saved to file ./predict/maxdim3_nobj126_lr1e-3_1e-7_lrdecay-exp_pt550-650_nepoch_100_data100_run6.epoch19.valid_ROC.csv

Saving predictions to file: ./model/maxdim3_nobj126_lr1e-3_1e-7_lrdecay-exp_pt550-650_nepoch_100_data100_run6.epoch19.valid.pt
Lowest loss achieved! Saving best model to file: ./model/maxdim3_nobj126_lr1e-3_1e-7_lrdecay-exp_pt550-650_nepoch_100_data100_run6_best.pt
Epoch 19 complete!
Starting Epoch: 20
Epoch 20 Complete! Current Training Loss:     0.1807     0.9275     0.9726     345.4210 @0.3000     LR: 1.59E-04
[[0.455 0.045]
 [0.027 0.473]]

ROC saved to file ./predict/maxdim3_nobj126_lr1e-3_1e-7_lrdecay-exp_pt550-650_nepoch_100_data100_run6.epoch20.train_ROC.csv

Saving predictions to file: ./model/maxdim3_nobj126_lr1e-3_1e-7_lrdecay-exp_pt550-650_nepoch_100_data100_run6.epoch20.train.pt
Saving model to checkpoint file: ./model/maxdim3_nobj126_lr1e-3_1e-7_lrdecay-exp_pt550-650_nepoch_100_data100_run6.pt
Starting testing on valid set: 
 Done! (Time: 2331.338977s)
Epoch 20 Complete! Current Validation Loss:     0.1812     0.9272     0.9734     366.3691 @0.3000     LR: 1.59E-04
[[0.456 0.044]
 [0.029 0.471]]

ROC saved to file ./predict/maxdim3_nobj126_lr1e-3_1e-7_lrdecay-exp_pt550-650_nepoch_100_data100_run6.epoch20.valid_ROC.csv

Saving predictions to file: ./model/maxdim3_nobj126_lr1e-3_1e-7_lrdecay-exp_pt550-650_nepoch_100_data100_run6.epoch20.valid.pt
Lowest loss achieved! Saving best model to file: ./model/maxdim3_nobj126_lr1e-3_1e-7_lrdecay-exp_pt550-650_nepoch_100_data100_run6_best.pt
Epoch 20 complete!
Starting Epoch: 21
Epoch 21 Complete! Current Training Loss:     0.1805     0.9276     0.9727     346.2110 @0.3000     LR: 1.45E-04
[[0.455 0.045]
 [0.027 0.473]]

ROC saved to file ./predict/maxdim3_nobj126_lr1e-3_1e-7_lrdecay-exp_pt550-650_nepoch_100_data100_run6.epoch21.train_ROC.csv

Saving predictions to file: ./model/maxdim3_nobj126_lr1e-3_1e-7_lrdecay-exp_pt550-650_nepoch_100_data100_run6.epoch21.train.pt
Saving model to checkpoint file: ./model/maxdim3_nobj126_lr1e-3_1e-7_lrdecay-exp_pt550-650_nepoch_100_data100_run6.pt
Starting testing on valid set: 
 Done! (Time: 2301.87679s)
Epoch 21 Complete! Current Validation Loss:     0.1852     0.9250     0.9730     366.3691 @0.3001     LR: 1.45E-04
[[0.445 0.055]
 [0.02  0.48 ]]

ROC saved to file ./predict/maxdim3_nobj126_lr1e-3_1e-7_lrdecay-exp_pt550-650_nepoch_100_data100_run6.epoch21.valid_ROC.csv

Saving predictions to file: ./model/maxdim3_nobj126_lr1e-3_1e-7_lrdecay-exp_pt550-650_nepoch_100_data100_run6.epoch21.valid.pt
Epoch 21 complete!
Starting Epoch: 22
Epoch 22 Complete! Current Training Loss:     0.1804     0.9274     0.9725     346.0131 @0.3000     LR: 1.32E-04
[[0.455 0.045]
 [0.027 0.473]]

ROC saved to file ./predict/maxdim3_nobj126_lr1e-3_1e-7_lrdecay-exp_pt550-650_nepoch_100_data100_run6.epoch22.train_ROC.csv

Saving predictions to file: ./model/maxdim3_nobj126_lr1e-3_1e-7_lrdecay-exp_pt550-650_nepoch_100_data100_run6.epoch22.train.pt
Saving model to checkpoint file: ./model/maxdim3_nobj126_lr1e-3_1e-7_lrdecay-exp_pt550-650_nepoch_100_data100_run6.pt
Starting testing on valid set: 
 Done! (Time: 2308.447055s)
Epoch 22 Complete! Current Validation Loss:     0.1819     0.9269     0.9718     300.3025 @0.3002     LR: 1.32E-04
[[0.45  0.05 ]
 [0.023 0.477]]

ROC saved to file ./predict/maxdim3_nobj126_lr1e-3_1e-7_lrdecay-exp_pt550-650_nepoch_100_data100_run6.epoch22.valid_ROC.csv

Saving predictions to file: ./model/maxdim3_nobj126_lr1e-3_1e-7_lrdecay-exp_pt550-650_nepoch_100_data100_run6.epoch22.valid.pt
Epoch 22 complete!
Starting Epoch: 23
Epoch 23 Complete! Current Training Loss:     0.1802     0.9276     0.9724     347.6022 @0.3000     LR: 1.20E-04
[[0.455 0.045]
 [0.027 0.473]]

ROC saved to file ./predict/maxdim3_nobj126_lr1e-3_1e-7_lrdecay-exp_pt550-650_nepoch_100_data100_run6.epoch23.train_ROC.csv

Saving predictions to file: ./model/maxdim3_nobj126_lr1e-3_1e-7_lrdecay-exp_pt550-650_nepoch_100_data100_run6.epoch23.train.pt
Saving model to checkpoint file: ./model/maxdim3_nobj126_lr1e-3_1e-7_lrdecay-exp_pt550-650_nepoch_100_data100_run6.pt
Starting testing on valid set: 
 Done! (Time: 2304.845385s)
Epoch 23 Complete! Current Validation Loss:     0.1814     0.9269     0.9710     328.1808 @0.3000     LR: 1.20E-04
[[0.455 0.045]
 [0.028 0.472]]

ROC saved to file ./predict/maxdim3_nobj126_lr1e-3_1e-7_lrdecay-exp_pt550-650_nepoch_100_data100_run6.epoch23.valid_ROC.csv

Saving predictions to file: ./model/maxdim3_nobj126_lr1e-3_1e-7_lrdecay-exp_pt550-650_nepoch_100_data100_run6.epoch23.valid.pt
Epoch 23 complete!
Starting Epoch: 24
Epoch 24 Complete! Current Training Loss:     0.1800     0.9277     0.9724     345.6182 @0.3000     LR: 1.10E-04
[[0.455 0.045]
 [0.027 0.473]]

ROC saved to file ./predict/maxdim3_nobj126_lr1e-3_1e-7_lrdecay-exp_pt550-650_nepoch_100_data100_run6.epoch24.train_ROC.csv

Saving predictions to file: ./model/maxdim3_nobj126_lr1e-3_1e-7_lrdecay-exp_pt550-650_nepoch_100_data100_run6.epoch24.train.pt
Saving model to checkpoint file: ./model/maxdim3_nobj126_lr1e-3_1e-7_lrdecay-exp_pt550-650_nepoch_100_data100_run6.pt
Starting testing on valid set: 
 Done! (Time: 2298.361664s)
Epoch 24 Complete! Current Validation Loss:     0.1807     0.9275     0.9710     304.8457 @0.3000     LR: 1.10E-04
[[0.455 0.045]
 [0.028 0.472]]

ROC saved to file ./predict/maxdim3_nobj126_lr1e-3_1e-7_lrdecay-exp_pt550-650_nepoch_100_data100_run6.epoch24.valid_ROC.csv

Saving predictions to file: ./model/maxdim3_nobj126_lr1e-3_1e-7_lrdecay-exp_pt550-650_nepoch_100_data100_run6.epoch24.valid.pt
Lowest loss achieved! Saving best model to file: ./model/maxdim3_nobj126_lr1e-3_1e-7_lrdecay-exp_pt550-650_nepoch_100_data100_run6_best.pt
Epoch 24 complete!
Starting Epoch: 25
Epoch 25 Complete! Current Training Loss:     0.1798     0.9277     0.9722     350.6213 @0.3000     LR: 1.00E-04
[[0.455 0.045]
 [0.027 0.473]]

ROC saved to file ./predict/maxdim3_nobj126_lr1e-3_1e-7_lrdecay-exp_pt550-650_nepoch_100_data100_run6.epoch25.train_ROC.csv

Saving predictions to file: ./model/maxdim3_nobj126_lr1e-3_1e-7_lrdecay-exp_pt550-650_nepoch_100_data100_run6.epoch25.train.pt
Saving model to checkpoint file: ./model/maxdim3_nobj126_lr1e-3_1e-7_lrdecay-exp_pt550-650_nepoch_100_data100_run6.pt
Starting testing on valid set: 
 Done! (Time: 2315.019637s)
Epoch 25 Complete! Current Validation Loss:     0.1808     0.9277     0.9714     278.7040 @0.3000     LR: 1.00E-04
[[0.454 0.046]
 [0.026 0.474]]

ROC saved to file ./predict/maxdim3_nobj126_lr1e-3_1e-7_lrdecay-exp_pt550-650_nepoch_100_data100_run6.epoch25.valid_ROC.csv

Saving predictions to file: ./model/maxdim3_nobj126_lr1e-3_1e-7_lrdecay-exp_pt550-650_nepoch_100_data100_run6.epoch25.valid.pt
Epoch 25 complete!
Starting Epoch: 26
Epoch 26 Complete! Current Training Loss:     0.1797     0.9278     0.9721     340.1815 @0.3000     LR: 9.12E-05
[[0.455 0.045]
 [0.027 0.473]]

ROC saved to file ./predict/maxdim3_nobj126_lr1e-3_1e-7_lrdecay-exp_pt550-650_nepoch_100_data100_run6.epoch26.train_ROC.csv

Saving predictions to file: ./model/maxdim3_nobj126_lr1e-3_1e-7_lrdecay-exp_pt550-650_nepoch_100_data100_run6.epoch26.train.pt
Saving model to checkpoint file: ./model/maxdim3_nobj126_lr1e-3_1e-7_lrdecay-exp_pt550-650_nepoch_100_data100_run6.pt
Starting testing on valid set: 
 Done! (Time: 2333.881454s)
Epoch 26 Complete! Current Validation Loss:     0.1810     0.9274     0.9704     274.5272 @0.3000     LR: 9.12E-05
[[0.453 0.047]
 [0.026 0.474]]

ROC saved to file ./predict/maxdim3_nobj126_lr1e-3_1e-7_lrdecay-exp_pt550-650_nepoch_100_data100_run6.epoch26.valid_ROC.csv

Saving predictions to file: ./model/maxdim3_nobj126_lr1e-3_1e-7_lrdecay-exp_pt550-650_nepoch_100_data100_run6.epoch26.valid.pt
Epoch 26 complete!
Starting Epoch: 27
Epoch 27 Complete! Current Training Loss:     0.1796     0.9278     0.9720     344.4386 @0.3000     LR: 8.32E-05
[[0.455 0.045]
 [0.027 0.473]]

ROC saved to file ./predict/maxdim3_nobj126_lr1e-3_1e-7_lrdecay-exp_pt550-650_nepoch_100_data100_run6.epoch27.train_ROC.csv

Saving predictions to file: ./model/maxdim3_nobj126_lr1e-3_1e-7_lrdecay-exp_pt550-650_nepoch_100_data100_run6.epoch27.train.pt
Saving model to checkpoint file: ./model/maxdim3_nobj126_lr1e-3_1e-7_lrdecay-exp_pt550-650_nepoch_100_data100_run6.pt
Starting testing on valid set: 
 Done! (Time: 2311.771399s)
Epoch 27 Complete! Current Validation Loss:     0.1809     0.9274     0.9725     351.6632 @0.3000     LR: 8.32E-05
[[0.456 0.044]
 [0.029 0.471]]

ROC saved to file ./predict/maxdim3_nobj126_lr1e-3_1e-7_lrdecay-exp_pt550-650_nepoch_100_data100_run6.epoch27.valid_ROC.csv

Saving predictions to file: ./model/maxdim3_nobj126_lr1e-3_1e-7_lrdecay-exp_pt550-650_nepoch_100_data100_run6.epoch27.valid.pt
Epoch 27 complete!
Starting Epoch: 28
Epoch 28 Complete! Current Training Loss:     0.1795     0.9279     0.9721     352.2531 @0.3000     LR: 7.59E-05
[[0.455 0.045]
 [0.027 0.473]]

ROC saved to file ./predict/maxdim3_nobj126_lr1e-3_1e-7_lrdecay-exp_pt550-650_nepoch_100_data100_run6.epoch28.train_ROC.csv

Saving predictions to file: ./model/maxdim3_nobj126_lr1e-3_1e-7_lrdecay-exp_pt550-650_nepoch_100_data100_run6.epoch28.train.pt
Saving model to checkpoint file: ./model/maxdim3_nobj126_lr1e-3_1e-7_lrdecay-exp_pt550-650_nepoch_100_data100_run6.pt
Starting testing on valid set: 
 Done! (Time: 2333.25829s)
Epoch 28 Complete! Current Validation Loss:     0.1804     0.9276     0.9716     321.8898 @0.2999     LR: 7.59E-05
[[0.456 0.044]
 [0.028 0.472]]

ROC saved to file ./predict/maxdim3_nobj126_lr1e-3_1e-7_lrdecay-exp_pt550-650_nepoch_100_data100_run6.epoch28.valid_ROC.csv

Saving predictions to file: ./model/maxdim3_nobj126_lr1e-3_1e-7_lrdecay-exp_pt550-650_nepoch_100_data100_run6.epoch28.valid.pt
Lowest loss achieved! Saving best model to file: ./model/maxdim3_nobj126_lr1e-3_1e-7_lrdecay-exp_pt550-650_nepoch_100_data100_run6_best.pt
Epoch 28 complete!
Starting Epoch: 29
Epoch 29 Complete! Current Training Loss:     0.1793     0.9280     0.9720     340.1815 @0.3000     LR: 6.92E-05
[[0.455 0.045]
 [0.027 0.473]]

ROC saved to file ./predict/maxdim3_nobj126_lr1e-3_1e-7_lrdecay-exp_pt550-650_nepoch_100_data100_run6.epoch29.train_ROC.csv

Saving predictions to file: ./model/maxdim3_nobj126_lr1e-3_1e-7_lrdecay-exp_pt550-650_nepoch_100_data100_run6.epoch29.train.pt
Saving model to checkpoint file: ./model/maxdim3_nobj126_lr1e-3_1e-7_lrdecay-exp_pt550-650_nepoch_100_data100_run6.pt
Starting testing on valid set: 
 Done! (Time: 2337.916829s)
Epoch 29 Complete! Current Validation Loss:     0.1809     0.9274     0.9711     297.6411 @0.3000     LR: 6.92E-05
[[0.456 0.044]
 [0.028 0.472]]

ROC saved to file ./predict/maxdim3_nobj126_lr1e-3_1e-7_lrdecay-exp_pt550-650_nepoch_100_data100_run6.epoch29.valid_ROC.csv

Saving predictions to file: ./model/maxdim3_nobj126_lr1e-3_1e-7_lrdecay-exp_pt550-650_nepoch_100_data100_run6.epoch29.valid.pt
Epoch 29 complete!
Starting Epoch: 30
Epoch 30 Complete! Current Training Loss:     0.1792     0.9280     0.9720     342.2968 @0.3000     LR: 6.31E-05
[[0.455 0.045]
 [0.027 0.473]]

ROC saved to file ./predict/maxdim3_nobj126_lr1e-3_1e-7_lrdecay-exp_pt550-650_nepoch_100_data100_run6.epoch30.train_ROC.csv

Saving predictions to file: ./model/maxdim3_nobj126_lr1e-3_1e-7_lrdecay-exp_pt550-650_nepoch_100_data100_run6.epoch30.train.pt
Saving model to checkpoint file: ./model/maxdim3_nobj126_lr1e-3_1e-7_lrdecay-exp_pt550-650_nepoch_100_data100_run6.pt
Starting testing on valid set: 
 Done! (Time: 2315.03685s)
Epoch 30 Complete! Current Validation Loss:     0.1805     0.9277     0.9721     338.6605 @0.2999     LR: 6.31E-05
[[0.453 0.047]
 [0.025 0.475]]

ROC saved to file ./predict/maxdim3_nobj126_lr1e-3_1e-7_lrdecay-exp_pt550-650_nepoch_100_data100_run6.epoch30.valid_ROC.csv

Saving predictions to file: ./model/maxdim3_nobj126_lr1e-3_1e-7_lrdecay-exp_pt550-650_nepoch_100_data100_run6.epoch30.valid.pt
Epoch 30 complete!
Starting Epoch: 31
Epoch 31 Complete! Current Training Loss:     0.1791     0.9281     0.9719     339.9905 @0.3000     LR: 5.76E-05
[[0.455 0.045]
 [0.027 0.473]]

ROC saved to file ./predict/maxdim3_nobj126_lr1e-3_1e-7_lrdecay-exp_pt550-650_nepoch_100_data100_run6.epoch31.train_ROC.csv

Saving predictions to file: ./model/maxdim3_nobj126_lr1e-3_1e-7_lrdecay-exp_pt550-650_nepoch_100_data100_run6.epoch31.train.pt
Saving model to checkpoint file: ./model/maxdim3_nobj126_lr1e-3_1e-7_lrdecay-exp_pt550-650_nepoch_100_data100_run6.pt
Starting testing on valid set: 
 Done! (Time: 2320.997011s)
Epoch 31 Complete! Current Validation Loss:     0.1805     0.9275     0.9722     339.2306 @0.3000     LR: 5.76E-05
[[0.454 0.046]
 [0.027 0.473]]

ROC saved to file ./predict/maxdim3_nobj126_lr1e-3_1e-7_lrdecay-exp_pt550-650_nepoch_100_data100_run6.epoch31.valid_ROC.csv

Saving predictions to file: ./model/maxdim3_nobj126_lr1e-3_1e-7_lrdecay-exp_pt550-650_nepoch_100_data100_run6.epoch31.valid.pt
Epoch 31 complete!
Starting Epoch: 32
Epoch 32 Complete! Current Training Loss:     0.1790     0.9282     0.9718     334.1738 @0.3000     LR: 5.25E-05
[[0.455 0.045]
 [0.027 0.473]]

ROC saved to file ./predict/maxdim3_nobj126_lr1e-3_1e-7_lrdecay-exp_pt550-650_nepoch_100_data100_run6.epoch32.train_ROC.csv

Saving predictions to file: ./model/maxdim3_nobj126_lr1e-3_1e-7_lrdecay-exp_pt550-650_nepoch_100_data100_run6.epoch32.train.pt
Saving model to checkpoint file: ./model/maxdim3_nobj126_lr1e-3_1e-7_lrdecay-exp_pt550-650_nepoch_100_data100_run6.pt
Starting testing on valid set: 
 Done! (Time: 2339.452898s)
Epoch 32 Complete! Current Validation Loss:     0.1805     0.9274     0.9726     372.4640 @0.2999     LR: 5.25E-05
[[0.455 0.045]
 [0.028 0.472]]

ROC saved to file ./predict/maxdim3_nobj126_lr1e-3_1e-7_lrdecay-exp_pt550-650_nepoch_100_data100_run6.epoch32.valid_ROC.csv

Saving predictions to file: ./model/maxdim3_nobj126_lr1e-3_1e-7_lrdecay-exp_pt550-650_nepoch_100_data100_run6.epoch32.valid.pt
Epoch 32 complete!
Starting Epoch: 33
Epoch 33 Complete! Current Training Loss:     0.1789     0.9281     0.9717     335.6558 @0.3000     LR: 4.79E-05
[[0.455 0.045]
 [0.027 0.473]]

ROC saved to file ./predict/maxdim3_nobj126_lr1e-3_1e-7_lrdecay-exp_pt550-650_nepoch_100_data100_run6.epoch33.train_ROC.csv

Saving predictions to file: ./model/maxdim3_nobj126_lr1e-3_1e-7_lrdecay-exp_pt550-650_nepoch_100_data100_run6.epoch33.train.pt
Saving model to checkpoint file: ./model/maxdim3_nobj126_lr1e-3_1e-7_lrdecay-exp_pt550-650_nepoch_100_data100_run6.pt
Starting testing on valid set: 
 Done! (Time: 2404.053188s)
Epoch 33 Complete! Current Validation Loss:     0.1802     0.9277     0.9709     332.5132 @0.2999     LR: 4.79E-05
[[0.454 0.046]
 [0.026 0.474]]

ROC saved to file ./predict/maxdim3_nobj126_lr1e-3_1e-7_lrdecay-exp_pt550-650_nepoch_100_data100_run6.epoch33.valid_ROC.csv

Saving predictions to file: ./model/maxdim3_nobj126_lr1e-3_1e-7_lrdecay-exp_pt550-650_nepoch_100_data100_run6.epoch33.valid.pt
Lowest loss achieved! Saving best model to file: ./model/maxdim3_nobj126_lr1e-3_1e-7_lrdecay-exp_pt550-650_nepoch_100_data100_run6_best.pt
Epoch 33 complete!
Starting Epoch: 34
Epoch 34 Complete! Current Training Loss:     0.1788     0.9282     0.9716     334.1738 @0.3000     LR: 4.37E-05
[[0.455 0.045]
 [0.027 0.473]]

ROC saved to file ./predict/maxdim3_nobj126_lr1e-3_1e-7_lrdecay-exp_pt550-650_nepoch_100_data100_run6.epoch34.train_ROC.csv

Saving predictions to file: ./model/maxdim3_nobj126_lr1e-3_1e-7_lrdecay-exp_pt550-650_nepoch_100_data100_run6.epoch34.train.pt
Saving model to checkpoint file: ./model/maxdim3_nobj126_lr1e-3_1e-7_lrdecay-exp_pt550-650_nepoch_100_data100_run6.pt
Starting testing on valid set: 
 Done! (Time: 2322.74852s)
Epoch 34 Complete! Current Validation Loss:     0.1807     0.9272     0.9722     351.0505 @0.2999     LR: 4.37E-05
[[0.457 0.043]
 [0.029 0.471]]

ROC saved to file ./predict/maxdim3_nobj126_lr1e-3_1e-7_lrdecay-exp_pt550-650_nepoch_100_data100_run6.epoch34.valid_ROC.csv

Saving predictions to file: ./model/maxdim3_nobj126_lr1e-3_1e-7_lrdecay-exp_pt550-650_nepoch_100_data100_run6.epoch34.valid.pt
Epoch 34 complete!
Starting Epoch: 35
Epoch 35 Complete! Current Training Loss:     0.1787     0.9282     0.9717     333.6215 @0.3000     LR: 3.98E-05
[[0.456 0.044]
 [0.027 0.473]]

ROC saved to file ./predict/maxdim3_nobj126_lr1e-3_1e-7_lrdecay-exp_pt550-650_nepoch_100_data100_run6.epoch35.train_ROC.csv

Saving predictions to file: ./model/maxdim3_nobj126_lr1e-3_1e-7_lrdecay-exp_pt550-650_nepoch_100_data100_run6.epoch35.train.pt
Saving model to checkpoint file: ./model/maxdim3_nobj126_lr1e-3_1e-7_lrdecay-exp_pt550-650_nepoch_100_data100_run6.pt
Starting testing on valid set: 
 Done! (Time: 2323.270948s)
Epoch 35 Complete! Current Validation Loss:     0.1802     0.9278     0.9714     323.4398 @0.2999     LR: 3.98E-05
[[0.454 0.046]
 [0.026 0.474]]

ROC saved to file ./predict/maxdim3_nobj126_lr1e-3_1e-7_lrdecay-exp_pt550-650_nepoch_100_data100_run6.epoch35.valid_ROC.csv

Saving predictions to file: ./model/maxdim3_nobj126_lr1e-3_1e-7_lrdecay-exp_pt550-650_nepoch_100_data100_run6.epoch35.valid.pt
Lowest loss achieved! Saving best model to file: ./model/maxdim3_nobj126_lr1e-3_1e-7_lrdecay-exp_pt550-650_nepoch_100_data100_run6_best.pt
Epoch 35 complete!
Starting Epoch: 36
Epoch 36 Complete! Current Training Loss:     0.1787     0.9283     0.9716     336.2149 @0.3000     LR: 3.63E-05
[[0.456 0.044]
 [0.027 0.473]]

ROC saved to file ./predict/maxdim3_nobj126_lr1e-3_1e-7_lrdecay-exp_pt550-650_nepoch_100_data100_run6.epoch36.train_ROC.csv

Saving predictions to file: ./model/maxdim3_nobj126_lr1e-3_1e-7_lrdecay-exp_pt550-650_nepoch_100_data100_run6.epoch36.train.pt
Saving model to checkpoint file: ./model/maxdim3_nobj126_lr1e-3_1e-7_lrdecay-exp_pt550-650_nepoch_100_data100_run6.pt
Starting testing on valid set: 
 Done! (Time: 2326.614468s)
Epoch 36 Complete! Current Validation Loss:     0.1806     0.9278     0.9704     273.0393 @0.3000     LR: 3.63E-05
[[0.453 0.047]
 [0.025 0.475]]

ROC saved to file ./predict/maxdim3_nobj126_lr1e-3_1e-7_lrdecay-exp_pt550-650_nepoch_100_data100_run6.epoch36.valid_ROC.csv

Saving predictions to file: ./model/maxdim3_nobj126_lr1e-3_1e-7_lrdecay-exp_pt550-650_nepoch_100_data100_run6.epoch36.valid.pt
Epoch 36 complete!
Starting Epoch: 37
Epoch 37 Complete! Current Training Loss:     0.1786     0.9283     0.9716     335.2841 @0.3000     LR: 3.31E-05
[[0.456 0.044]
 [0.027 0.473]]

ROC saved to file ./predict/maxdim3_nobj126_lr1e-3_1e-7_lrdecay-exp_pt550-650_nepoch_100_data100_run6.epoch37.train_ROC.csv

Saving predictions to file: ./model/maxdim3_nobj126_lr1e-3_1e-7_lrdecay-exp_pt550-650_nepoch_100_data100_run6.epoch37.train.pt
Saving model to checkpoint file: ./model/maxdim3_nobj126_lr1e-3_1e-7_lrdecay-exp_pt550-650_nepoch_100_data100_run6.pt
Starting testing on valid set: 
 Done! (Time: 2335.609698s)
Epoch 37 Complete! Current Validation Loss:     0.1799     0.9277     0.9716     340.3767 @0.2998     LR: 3.31E-05
[[0.455 0.045]
 [0.028 0.472]]

ROC saved to file ./predict/maxdim3_nobj126_lr1e-3_1e-7_lrdecay-exp_pt550-650_nepoch_100_data100_run6.epoch37.valid_ROC.csv

Saving predictions to file: ./model/maxdim3_nobj126_lr1e-3_1e-7_lrdecay-exp_pt550-650_nepoch_100_data100_run6.epoch37.valid.pt
Lowest loss achieved! Saving best model to file: ./model/maxdim3_nobj126_lr1e-3_1e-7_lrdecay-exp_pt550-650_nepoch_100_data100_run6_best.pt
Epoch 37 complete!
Starting Epoch: 38
Epoch 38 Complete! Current Training Loss:     0.1785     0.9283     0.9715     333.8054 @0.3000     LR: 3.02E-05
[[0.456 0.044]
 [0.027 0.473]]

ROC saved to file ./predict/maxdim3_nobj126_lr1e-3_1e-7_lrdecay-exp_pt550-650_nepoch_100_data100_run6.epoch38.train_ROC.csv

Saving predictions to file: ./model/maxdim3_nobj126_lr1e-3_1e-7_lrdecay-exp_pt550-650_nepoch_100_data100_run6.epoch38.train.pt
Saving model to checkpoint file: ./model/maxdim3_nobj126_lr1e-3_1e-7_lrdecay-exp_pt550-650_nepoch_100_data100_run6.pt
Starting testing on valid set: 
 Done! (Time: 2326.592078s)
Epoch 38 Complete! Current Validation Loss:     0.1799     0.9278     0.9705     294.1650 @0.3000     LR: 3.02E-05
[[0.456 0.044]
 [0.028 0.472]]

ROC saved to file ./predict/maxdim3_nobj126_lr1e-3_1e-7_lrdecay-exp_pt550-650_nepoch_100_data100_run6.epoch38.valid_ROC.csv

Saving predictions to file: ./model/maxdim3_nobj126_lr1e-3_1e-7_lrdecay-exp_pt550-650_nepoch_100_data100_run6.epoch38.valid.pt
Epoch 38 complete!
Starting Epoch: 39
Epoch 39 Complete! Current Training Loss:     0.1785     0.9283     0.9715     332.8879 @0.3000     LR: 2.76E-05
[[0.456 0.044]
 [0.027 0.473]]

ROC saved to file ./predict/maxdim3_nobj126_lr1e-3_1e-7_lrdecay-exp_pt550-650_nepoch_100_data100_run6.epoch39.train_ROC.csv

Saving predictions to file: ./model/maxdim3_nobj126_lr1e-3_1e-7_lrdecay-exp_pt550-650_nepoch_100_data100_run6.epoch39.train.pt
Saving model to checkpoint file: ./model/maxdim3_nobj126_lr1e-3_1e-7_lrdecay-exp_pt550-650_nepoch_100_data100_run6.pt
Starting testing on valid set: 
 Done! (Time: 2325.464082s)
Epoch 39 Complete! Current Validation Loss:     0.1800     0.9277     0.9715     343.8618 @0.3000     LR: 2.76E-05
[[0.457 0.043]
 [0.029 0.471]]

ROC saved to file ./predict/maxdim3_nobj126_lr1e-3_1e-7_lrdecay-exp_pt550-650_nepoch_100_data100_run6.epoch39.valid_ROC.csv

Saving predictions to file: ./model/maxdim3_nobj126_lr1e-3_1e-7_lrdecay-exp_pt550-650_nepoch_100_data100_run6.epoch39.valid.pt
Epoch 39 complete!
Starting Epoch: 40
Epoch 40 Complete! Current Training Loss:     0.1784     0.9283     0.9715     335.2841 @0.3000     LR: 2.51E-05
[[0.456 0.044]
 [0.027 0.473]]

ROC saved to file ./predict/maxdim3_nobj126_lr1e-3_1e-7_lrdecay-exp_pt550-650_nepoch_100_data100_run6.epoch40.train_ROC.csv

Saving predictions to file: ./model/maxdim3_nobj126_lr1e-3_1e-7_lrdecay-exp_pt550-650_nepoch_100_data100_run6.epoch40.train.pt
Saving model to checkpoint file: ./model/maxdim3_nobj126_lr1e-3_1e-7_lrdecay-exp_pt550-650_nepoch_100_data100_run6.pt
Starting testing on valid set: 
 Done! (Time: 2331.949536s)
Epoch 40 Complete! Current Validation Loss:     0.1799     0.9279     0.9708     312.8929 @0.3000     LR: 2.51E-05
[[0.455 0.045]
 [0.027 0.473]]

ROC saved to file ./predict/maxdim3_nobj126_lr1e-3_1e-7_lrdecay-exp_pt550-650_nepoch_100_data100_run6.epoch40.valid_ROC.csv

Saving predictions to file: ./model/maxdim3_nobj126_lr1e-3_1e-7_lrdecay-exp_pt550-650_nepoch_100_data100_run6.epoch40.valid.pt
Lowest loss achieved! Saving best model to file: ./model/maxdim3_nobj126_lr1e-3_1e-7_lrdecay-exp_pt550-650_nepoch_100_data100_run6_best.pt
Epoch 40 complete!
Starting Epoch: 41
Epoch 41 Complete! Current Training Loss:     0.1784     0.9284     0.9714     331.7934 @0.3000     LR: 2.29E-05
[[0.456 0.044]
 [0.027 0.473]]

ROC saved to file ./predict/maxdim3_nobj126_lr1e-3_1e-7_lrdecay-exp_pt550-650_nepoch_100_data100_run6.epoch41.train_ROC.csv

Saving predictions to file: ./model/maxdim3_nobj126_lr1e-3_1e-7_lrdecay-exp_pt550-650_nepoch_100_data100_run6.epoch41.train.pt
Saving model to checkpoint file: ./model/maxdim3_nobj126_lr1e-3_1e-7_lrdecay-exp_pt550-650_nepoch_100_data100_run6.pt
Starting testing on valid set: 
 Done! (Time: 2326.41121s)
Epoch 41 Complete! Current Validation Loss:     0.1800     0.9278     0.9716     360.4705 @0.3000     LR: 2.29E-05
[[0.455 0.045]
 [0.027 0.473]]

ROC saved to file ./predict/maxdim3_nobj126_lr1e-3_1e-7_lrdecay-exp_pt550-650_nepoch_100_data100_run6.epoch41.valid_ROC.csv

Saving predictions to file: ./model/maxdim3_nobj126_lr1e-3_1e-7_lrdecay-exp_pt550-650_nepoch_100_data100_run6.epoch41.valid.pt
Epoch 41 complete!
Starting Epoch: 42
Epoch 42 Complete! Current Training Loss:     0.1783     0.9284     0.9715     334.9132 @0.3000     LR: 2.09E-05
[[0.456 0.044]
 [0.027 0.473]]

ROC saved to file ./predict/maxdim3_nobj126_lr1e-3_1e-7_lrdecay-exp_pt550-650_nepoch_100_data100_run6.epoch42.train_ROC.csv

Saving predictions to file: ./model/maxdim3_nobj126_lr1e-3_1e-7_lrdecay-exp_pt550-650_nepoch_100_data100_run6.epoch42.train.pt
Saving model to checkpoint file: ./model/maxdim3_nobj126_lr1e-3_1e-7_lrdecay-exp_pt550-650_nepoch_100_data100_run6.pt
Starting testing on valid set: 
 Done! (Time: 2322.369002s)
Epoch 42 Complete! Current Validation Loss:     0.1801     0.9279     0.9716     361.1165 @0.2999     LR: 2.09E-05
[[0.454 0.046]
 [0.026 0.474]]

ROC saved to file ./predict/maxdim3_nobj126_lr1e-3_1e-7_lrdecay-exp_pt550-650_nepoch_100_data100_run6.epoch42.valid_ROC.csv

Saving predictions to file: ./model/maxdim3_nobj126_lr1e-3_1e-7_lrdecay-exp_pt550-650_nepoch_100_data100_run6.epoch42.valid.pt
Epoch 42 complete!
Starting Epoch: 43
Epoch 43 Complete! Current Training Loss:     0.1782     0.9285     0.9714     334.5431 @0.3000     LR: 1.91E-05
[[0.456 0.044]
 [0.027 0.473]]

ROC saved to file ./predict/maxdim3_nobj126_lr1e-3_1e-7_lrdecay-exp_pt550-650_nepoch_100_data100_run6.epoch43.train_ROC.csv

Saving predictions to file: ./model/maxdim3_nobj126_lr1e-3_1e-7_lrdecay-exp_pt550-650_nepoch_100_data100_run6.epoch43.train.pt
Saving model to checkpoint file: ./model/maxdim3_nobj126_lr1e-3_1e-7_lrdecay-exp_pt550-650_nepoch_100_data100_run6.pt
Starting testing on valid set: 
 Done! (Time: 2332.361353s)
Epoch 43 Complete! Current Validation Loss:     0.1798     0.9279     0.9707     295.8928 @0.3001     LR: 1.91E-05
[[0.455 0.045]
 [0.027 0.473]]

ROC saved to file ./predict/maxdim3_nobj126_lr1e-3_1e-7_lrdecay-exp_pt550-650_nepoch_100_data100_run6.epoch43.valid_ROC.csv

Saving predictions to file: ./model/maxdim3_nobj126_lr1e-3_1e-7_lrdecay-exp_pt550-650_nepoch_100_data100_run6.epoch43.valid.pt
Lowest loss achieved! Saving best model to file: ./model/maxdim3_nobj126_lr1e-3_1e-7_lrdecay-exp_pt550-650_nepoch_100_data100_run6_best.pt
Epoch 43 complete!
Starting Epoch: 44
Epoch 44 Complete! Current Training Loss:     0.1782     0.9285     0.9713     329.9853 @0.3000     LR: 1.74E-05
[[0.456 0.044]
 [0.027 0.473]]

ROC saved to file ./predict/maxdim3_nobj126_lr1e-3_1e-7_lrdecay-exp_pt550-650_nepoch_100_data100_run6.epoch44.train_ROC.csv

Saving predictions to file: ./model/maxdim3_nobj126_lr1e-3_1e-7_lrdecay-exp_pt550-650_nepoch_100_data100_run6.epoch44.train.pt
Saving model to checkpoint file: ./model/maxdim3_nobj126_lr1e-3_1e-7_lrdecay-exp_pt550-650_nepoch_100_data100_run6.pt
Starting testing on valid set: 
 Done! (Time: 2341.3546s)
Epoch 44 Complete! Current Validation Loss:     0.1799     0.9278     0.9713     346.8210 @0.3002     LR: 1.74E-05
[[0.457 0.043]
 [0.029 0.471]]

ROC saved to file ./predict/maxdim3_nobj126_lr1e-3_1e-7_lrdecay-exp_pt550-650_nepoch_100_data100_run6.epoch44.valid_ROC.csv

Saving predictions to file: ./model/maxdim3_nobj126_lr1e-3_1e-7_lrdecay-exp_pt550-650_nepoch_100_data100_run6.epoch44.valid.pt
Epoch 44 complete!
Starting Epoch: 45
Epoch 45 Complete! Current Training Loss:     0.1782     0.9285     0.9713     332.1574 @0.3000     LR: 1.59E-05
[[0.456 0.044]
 [0.027 0.473]]

ROC saved to file ./predict/maxdim3_nobj126_lr1e-3_1e-7_lrdecay-exp_pt550-650_nepoch_100_data100_run6.epoch45.train_ROC.csv

Saving predictions to file: ./model/maxdim3_nobj126_lr1e-3_1e-7_lrdecay-exp_pt550-650_nepoch_100_data100_run6.epoch45.train.pt
Saving model to checkpoint file: ./model/maxdim3_nobj126_lr1e-3_1e-7_lrdecay-exp_pt550-650_nepoch_100_data100_run6.pt
Starting testing on valid set: 
 Done! (Time: 2341.802905s)
Epoch 45 Complete! Current Validation Loss:     0.1797     0.9280     0.9714     344.4496 @0.2999     LR: 1.59E-05
[[0.454 0.046]
 [0.026 0.474]]

ROC saved to file ./predict/maxdim3_nobj126_lr1e-3_1e-7_lrdecay-exp_pt550-650_nepoch_100_data100_run6.epoch45.valid_ROC.csv

Saving predictions to file: ./model/maxdim3_nobj126_lr1e-3_1e-7_lrdecay-exp_pt550-650_nepoch_100_data100_run6.epoch45.valid.pt
Lowest loss achieved! Saving best model to file: ./model/maxdim3_nobj126_lr1e-3_1e-7_lrdecay-exp_pt550-650_nepoch_100_data100_run6_best.pt
Epoch 45 complete!
Starting Epoch: 46
Epoch 46 Complete! Current Training Loss:     0.1781     0.9285     0.9714     332.8879 @0.3000     LR: 1.45E-05
[[0.456 0.044]
 [0.027 0.473]]

ROC saved to file ./predict/maxdim3_nobj126_lr1e-3_1e-7_lrdecay-exp_pt550-650_nepoch_100_data100_run6.epoch46.train_ROC.csv

Saving predictions to file: ./model/maxdim3_nobj126_lr1e-3_1e-7_lrdecay-exp_pt550-650_nepoch_100_data100_run6.epoch46.train.pt
Saving model to checkpoint file: ./model/maxdim3_nobj126_lr1e-3_1e-7_lrdecay-exp_pt550-650_nepoch_100_data100_run6.pt
Starting testing on valid set: 
 Done! (Time: 2338.621295s)
Epoch 46 Complete! Current Validation Loss:     0.1797     0.9280     0.9704     291.6107 @0.3000     LR: 1.45E-05
[[0.455 0.045]
 [0.027 0.473]]

ROC saved to file ./predict/maxdim3_nobj126_lr1e-3_1e-7_lrdecay-exp_pt550-650_nepoch_100_data100_run6.epoch46.valid_ROC.csv

Saving predictions to file: ./model/maxdim3_nobj126_lr1e-3_1e-7_lrdecay-exp_pt550-650_nepoch_100_data100_run6.epoch46.valid.pt
Epoch 46 complete!
Starting Epoch: 47
Epoch 47 Complete! Current Training Loss:     0.1781     0.9285     0.9713     327.3097 @0.3000     LR: 1.32E-05
[[0.456 0.044]
 [0.027 0.473]]

ROC saved to file ./predict/maxdim3_nobj126_lr1e-3_1e-7_lrdecay-exp_pt550-650_nepoch_100_data100_run6.epoch47.train_ROC.csv

Saving predictions to file: ./model/maxdim3_nobj126_lr1e-3_1e-7_lrdecay-exp_pt550-650_nepoch_100_data100_run6.epoch47.train.pt
Saving model to checkpoint file: ./model/maxdim3_nobj126_lr1e-3_1e-7_lrdecay-exp_pt550-650_nepoch_100_data100_run6.pt
Starting testing on valid set: 
 Done! (Time: 2328.524495s)
Epoch 47 Complete! Current Validation Loss:     0.1799     0.9279     0.9716     358.5463 @0.2999     LR: 1.32E-05
[[0.454 0.046]
 [0.026 0.474]]

ROC saved to file ./predict/maxdim3_nobj126_lr1e-3_1e-7_lrdecay-exp_pt550-650_nepoch_100_data100_run6.epoch47.valid_ROC.csv

Saving predictions to file: ./model/maxdim3_nobj126_lr1e-3_1e-7_lrdecay-exp_pt550-650_nepoch_100_data100_run6.epoch47.valid.pt
Epoch 47 complete!
Starting Epoch: 48
Epoch 48 Complete! Current Training Loss:     0.1781     0.9285     0.9713     329.8056 @0.3000     LR: 1.20E-05
[[0.456 0.044]
 [0.027 0.473]]

ROC saved to file ./predict/maxdim3_nobj126_lr1e-3_1e-7_lrdecay-exp_pt550-650_nepoch_100_data100_run6.epoch48.train_ROC.csv

Saving predictions to file: ./model/maxdim3_nobj126_lr1e-3_1e-7_lrdecay-exp_pt550-650_nepoch_100_data100_run6.epoch48.train.pt
Saving model to checkpoint file: ./model/maxdim3_nobj126_lr1e-3_1e-7_lrdecay-exp_pt550-650_nepoch_100_data100_run6.pt
Starting testing on valid set: 
 Done! (Time: 2361.471455s)
Epoch 48 Complete! Current Validation Loss:     0.1796     0.9281     0.9706     300.7507 @0.3001     LR: 1.20E-05
[[0.456 0.044]
 [0.028 0.472]]

ROC saved to file ./predict/maxdim3_nobj126_lr1e-3_1e-7_lrdecay-exp_pt550-650_nepoch_100_data100_run6.epoch48.valid_ROC.csv

Saving predictions to file: ./model/maxdim3_nobj126_lr1e-3_1e-7_lrdecay-exp_pt550-650_nepoch_100_data100_run6.epoch48.valid.pt
Lowest loss achieved! Saving best model to file: ./model/maxdim3_nobj126_lr1e-3_1e-7_lrdecay-exp_pt550-650_nepoch_100_data100_run6_best.pt
Epoch 48 complete!
Starting Epoch: 49
Epoch 49 Complete! Current Training Loss:     0.1781     0.9285     0.9712     323.8091 @0.3000     LR: 1.10E-05
[[0.456 0.044]
 [0.027 0.473]]

ROC saved to file ./predict/maxdim3_nobj126_lr1e-3_1e-7_lrdecay-exp_pt550-650_nepoch_100_data100_run6.epoch49.train_ROC.csv

Saving predictions to file: ./model/maxdim3_nobj126_lr1e-3_1e-7_lrdecay-exp_pt550-650_nepoch_100_data100_run6.epoch49.train.pt
Saving model to checkpoint file: ./model/maxdim3_nobj126_lr1e-3_1e-7_lrdecay-exp_pt550-650_nepoch_100_data100_run6.pt
Starting testing on valid set: 
 Done! (Time: 2336.177779s)
Epoch 49 Complete! Current Validation Loss:     0.1796     0.9280     0.9706     302.5571 @0.3000     LR: 1.10E-05
[[0.456 0.044]
 [0.028 0.472]]

ROC saved to file ./predict/maxdim3_nobj126_lr1e-3_1e-7_lrdecay-exp_pt550-650_nepoch_100_data100_run6.epoch49.valid_ROC.csv

Saving predictions to file: ./model/maxdim3_nobj126_lr1e-3_1e-7_lrdecay-exp_pt550-650_nepoch_100_data100_run6.epoch49.valid.pt
Epoch 49 complete!
Starting Epoch: 50
Epoch 50 Complete! Current Training Loss:     0.1780     0.9285     0.9712     326.7798 @0.3000     LR: 1.00E-05
[[0.456 0.044]
 [0.027 0.473]]

ROC saved to file ./predict/maxdim3_nobj126_lr1e-3_1e-7_lrdecay-exp_pt550-650_nepoch_100_data100_run6.epoch50.train_ROC.csv

Saving predictions to file: ./model/maxdim3_nobj126_lr1e-3_1e-7_lrdecay-exp_pt550-650_nepoch_100_data100_run6.epoch50.train.pt
Saving model to checkpoint file: ./model/maxdim3_nobj126_lr1e-3_1e-7_lrdecay-exp_pt550-650_nepoch_100_data100_run6.pt
Starting testing on valid set: 
 Done! (Time: 2340.134307s)
Epoch 50 Complete! Current Validation Loss:     0.1796     0.9281     0.9707     307.1692 @0.3000     LR: 1.00E-05
[[0.455 0.045]
 [0.027 0.473]]

ROC saved to file ./predict/maxdim3_nobj126_lr1e-3_1e-7_lrdecay-exp_pt550-650_nepoch_100_data100_run6.epoch50.valid_ROC.csv

Saving predictions to file: ./model/maxdim3_nobj126_lr1e-3_1e-7_lrdecay-exp_pt550-650_nepoch_100_data100_run6.epoch50.valid.pt
Lowest loss achieved! Saving best model to file: ./model/maxdim3_nobj126_lr1e-3_1e-7_lrdecay-exp_pt550-650_nepoch_100_data100_run6_best.pt
Epoch 50 complete!
Starting Epoch: 51
Epoch 51 Complete! Current Training Loss:     0.1780     0.9285     0.9712     325.0258 @0.3000     LR: 9.12E-06
[[0.456 0.044]
 [0.027 0.473]]

ROC saved to file ./predict/maxdim3_nobj126_lr1e-3_1e-7_lrdecay-exp_pt550-650_nepoch_100_data100_run6.epoch51.train_ROC.csv

Saving predictions to file: ./model/maxdim3_nobj126_lr1e-3_1e-7_lrdecay-exp_pt550-650_nepoch_100_data100_run6.epoch51.train.pt
Saving model to checkpoint file: ./model/maxdim3_nobj126_lr1e-3_1e-7_lrdecay-exp_pt550-650_nepoch_100_data100_run6.pt
Starting testing on valid set: 
 Done! (Time: 2326.212837s)
Epoch 51 Complete! Current Validation Loss:     0.1797     0.9280     0.9708     312.4078 @0.3001     LR: 9.12E-06
[[0.456 0.044]
 [0.028 0.472]]

ROC saved to file ./predict/maxdim3_nobj126_lr1e-3_1e-7_lrdecay-exp_pt550-650_nepoch_100_data100_run6.epoch51.valid_ROC.csv

Saving predictions to file: ./model/maxdim3_nobj126_lr1e-3_1e-7_lrdecay-exp_pt550-650_nepoch_100_data100_run6.epoch51.valid.pt
Epoch 51 complete!
Starting Epoch: 52
Epoch 52 Complete! Current Training Loss:     0.1780     0.9286     0.9712     322.6015 @0.3000     LR: 8.32E-06
[[0.456 0.044]
 [0.027 0.473]]

ROC saved to file ./predict/maxdim3_nobj126_lr1e-3_1e-7_lrdecay-exp_pt550-650_nepoch_100_data100_run6.epoch52.train_ROC.csv

Saving predictions to file: ./model/maxdim3_nobj126_lr1e-3_1e-7_lrdecay-exp_pt550-650_nepoch_100_data100_run6.epoch52.train.pt
Saving model to checkpoint file: ./model/maxdim3_nobj126_lr1e-3_1e-7_lrdecay-exp_pt550-650_nepoch_100_data100_run6.pt
Starting testing on valid set: 
 Done! (Time: 2309.639161s)
Epoch 52 Complete! Current Validation Loss:     0.1796     0.9281     0.9710     324.4815 @0.2999     LR: 8.32E-06
[[0.455 0.045]
 [0.026 0.474]]

ROC saved to file ./predict/maxdim3_nobj126_lr1e-3_1e-7_lrdecay-exp_pt550-650_nepoch_100_data100_run6.epoch52.valid_ROC.csv

Saving predictions to file: ./model/maxdim3_nobj126_lr1e-3_1e-7_lrdecay-exp_pt550-650_nepoch_100_data100_run6.epoch52.valid.pt
Lowest loss achieved! Saving best model to file: ./model/maxdim3_nobj126_lr1e-3_1e-7_lrdecay-exp_pt550-650_nepoch_100_data100_run6_best.pt
Epoch 52 complete!
Starting Epoch: 53
Epoch 53 Complete! Current Training Loss:     0.1779     0.9286     0.9711     321.4029 @0.3000     LR: 7.59E-06
[[0.456 0.044]
 [0.027 0.473]]

ROC saved to file ./predict/maxdim3_nobj126_lr1e-3_1e-7_lrdecay-exp_pt550-650_nepoch_100_data100_run6.epoch53.train_ROC.csv

Saving predictions to file: ./model/maxdim3_nobj126_lr1e-3_1e-7_lrdecay-exp_pt550-650_nepoch_100_data100_run6.epoch53.train.pt
Saving model to checkpoint file: ./model/maxdim3_nobj126_lr1e-3_1e-7_lrdecay-exp_pt550-650_nepoch_100_data100_run6.pt
Starting testing on valid set: 
 Done! (Time: 2319.830915s)
Epoch 53 Complete! Current Validation Loss:     0.1799     0.9276     0.9718     352.2780 @0.3000     LR: 7.59E-06
[[0.457 0.043]
 [0.029 0.471]]

ROC saved to file ./predict/maxdim3_nobj126_lr1e-3_1e-7_lrdecay-exp_pt550-650_nepoch_100_data100_run6.epoch53.valid_ROC.csv

Saving predictions to file: ./model/maxdim3_nobj126_lr1e-3_1e-7_lrdecay-exp_pt550-650_nepoch_100_data100_run6.epoch53.valid.pt
Epoch 53 complete!
Getting predictions for model in last checkpoint.
Starting testing on test set: 
 Done! (Time: 2296.957845s)
Training Complete! Final Testing Loss:     0.1774     0.9289     0.9723     382.4129 @0.2998
[[0.458 0.042]
 [0.029 0.471]]

ROC saved to file ./predict/maxdim3_nobj126_lr1e-3_1e-7_lrdecay-exp_pt550-650_nepoch_100_data100_run6.best.test_ROC.csv

Saving predictions to file: ./model/maxdim3_nobj126_lr1e-3_1e-7_lrdecay-exp_pt550-650_nepoch_100_data100_run6.best.test.pt
Getting predictions for best model (epoch 52).
Starting testing on test set: 
 Done! (Time: 2296.208375s)
Training Complete! Best Testing Loss:     0.1770     0.9290     0.9716     351.1548 @0.3000
[[0.455 0.045]
 [0.026 0.474]]

ROC saved to file ./predict/maxdim3_nobj126_lr1e-3_1e-7_lrdecay-exp_pt550-650_nepoch_100_data100_run6.best.test_ROC.csv

Saving predictions to file: ./model/maxdim3_nobj126_lr1e-3_1e-7_lrdecay-exp_pt550-650_nepoch_100_data100_run6.best.test.pt
Inference phase complete!
