Initializing simulation based upon argument string:
scripts/train_lgn.py --datadir=/data/clariant/toptag/converted --maxdim=3 --max-zf=1 --num-channels 2 4 4 2 --num-epoch=100 --batch-size=8 --num-cg-levels=3 --scale=0.005 --lr-init=0.001 --lr-final=0.0000001 --mlp=True --alpha=100 --pmu-in=True --nobj=126 --lr-decay-type=exp --prefix=set12n126run2
Log, best, checkpoint, load files: ./log/set12n126run2.log ./model/set12n126run2_best.pt ./model/set12n126run2.pt ./model/set12n126run2.pt
Dataset, learning target, datadir: jet is_signal /data/clariant/toptag/converted
Git status: f15b64f

Values of all model arguments:
Namespace(activation='leakyrelu', add_beams=True, alpha=100.0, batch_group_size=1, batch_size=8, beam_mass=1, bestfile='./model/set12n126run2_best.pt', checkfile='./model/set12n126run2.pt', cuda=True, cutoff_decay=0, cutoff_type=['learn'], datadir='/data/clariant/toptag/converted', dataset='jet', dtype='float', force_download=False, full_scalars=False, gaussian_mask=False, hard_cut_rad=inf, input='linear', level_gain=[1.0], load=False, loadfile='./model/set12n126run2.pt', log_level='info', logdir='log/', logfile='./log/set12n126run2.log', lr_decay=inf, lr_decay_type='exp', lr_final=1e-07, lr_init=0.001, lr_minibatch=True, max_zf=[1], maxdim=[3], mlp=True, mlp_depth=3, mlp_width=2, modeldir='model/', nobj=126, num_basis_fn=10, num_cg_levels=3, num_channels=[2, 4, 4, 2], num_epoch=100, num_mpnn_levels=1, num_test=-1, num_train=-1, num_valid=-1, num_workers=0, optim='amsgrad', parallel=False, pmu_in=True, predict=True, predictdir='predict/', predictfile='./predict/set12n126run2', prefix='set12n126run2', quiet=True, save=True, scale=0.005, seed=1, sgd_restart=-1, shuffle=True, soft_cut_rad=inf, soft_cut_width=inf, target='is_signal', task='train', test=True, textlog=True, top='linear', weight_decay=0, weight_init='randn', workdir='./')
Beginning training on CUDA/GPU! Device: 0
Initializing network!
hard_cut_rad: [inf, inf, inf]
soft_cut_rad: [inf, inf, inf]
soft_cut_width: [inf, inf, inf]
maxdim: [3, 3, 3]
max_zf: [1, 1, 1]
num_channels: [2, 4, 4, 2]
CGdict maxdim: 3
{(0, 0): 2, (1, 1): 2}
{(0, 0): 4, (1, 1): 4, (0, 2): 4, (2, 0): 4, (2, 2): 4}
{(0, 0): 4, (1, 1): 4, (0, 2): 4, (2, 0): 4, (2, 2): 4}
{(0, 0): 2, (1, 1): 2, (0, 2): 2, (2, 0): 2, (2, 2): 2}
Model initialized. Number of parameters: 6014
Testing network for symmetries:
Beginning covariance test!
Boost invariance test. The output is a table of [gamma, rel. deviation] tuples:
[[1.0, 0.0], [1.5430806348152437, 6.615628649342398e-07], [3.7621956910836314, 2.7453140774014173e-06], [10.067661995777765, 0.0018623120849952102], [27.308232836016487, 0.00018865306628867984], [74.20994852478785, 0.002176387934014201], [201.7156361224559, 0.013421270996332169], [548.317035155212, 0.3538704812526703], [1490.479161252178, 389.48602294921875], [4051.5420254925943, 47302.609375]]
Rotation invariance test. The output is a table of [angle, rel. deviation] tuples:
[[0.0, 0.0], [1.0, 9.095057862396061e-07], [2.0, 4.9817629133031e-07], [3.0, 5.65745040148613e-07], [4.0, 4.6191058800104656e-07], [5.0, 6.963015835026454e-07], [6.0, 5.842596237926045e-07], [7.0, 5.248983825367759e-07], [8.0, 5.119190973346122e-07], [9.0, 6.894301805004943e-07]]
Averages of components of all tensors:
 [{(0, 0): 0.18062514066696167, (1, 1): 0.0014160447753965855}, {(2, 0): 8.760600758250803e-05, (1, 1): 0.004321821965277195, (2, 2): 0.00013772341480944306, (0, 2): 0.0001645031588850543, (0, 0): 0.084192655980587}, {(2, 0): 6.471230881288648e-05, (1, 1): 0.0018100072629749775, (2, 2): 3.208667112630792e-05, (0, 2): 6.329319148790091e-05, (0, 0): 0.1277851164340973}, {(2, 0): 1.2792012057616375e-05, (1, 1): 0.0018581668846309185, (2, 2): 8.121508471958805e-06, (0, 2): 1.835082730394788e-05, (0, 0): 0.18506577610969543}]
Medians of components of all tensors:
 [{(0, 0): 0.09491825103759766, (1, 1): 0.0}, {(2, 0): 5.344811815355399e-10, (1, 1): 0.00150961522012949, (2, 2): 3.4982826036866754e-05, (0, 2): 6.67633837103665e-10, (0, 0): 0.058802857995033264}, {(2, 0): 2.210322691098554e-06, (1, 1): 0.00047340436140075326, (2, 2): 7.134330189728644e-06, (0, 2): 2.7216344733460573e-06, (0, 0): 0.12320366501808167}, {(2, 0): 2.4775308702373877e-06, (1, 1): 0.0007643242133781314, (2, 2): 2.2640238057647366e-06, (0, 2): 3.0905057428753935e-06, (0, 0): 0.13457250595092773}]
Rotation Invariance test (relative): 8.3586e-05
Largest deviation in covariance test : 0.0058691
Largest deviation in covariance test 0.0058691 detected! Detailed summary (all relative):
(lvl, key) = (0, (0, 0)) -> 0.00012308 (norm) 3.0557e-05 (mean)
(lvl, key) = (0, (1, 1)) -> 1.1177e-07 (norm) 9.4403e-08 (mean)
(lvl, key) = (1, (2, 0)) -> 4.2042e-06 (norm) 9.962e-06 (mean)
(lvl, key) = (1, (1, 1)) -> 0.00065255 (norm) 0.00051375 (mean)
(lvl, key) = (1, (2, 2)) -> 0.00014051 (norm) 1.7248e-05 (mean)
(lvl, key) = (1, (0, 2)) -> 4.1219e-06 (norm) 9.2964e-06 (mean)
(lvl, key) = (1, (0, 0)) -> 0.0017757 (norm) 0.00020612 (mean)
(lvl, key) = (2, (2, 0)) -> 0.008734 (norm) 0.0024769 (mean)
(lvl, key) = (2, (1, 1)) -> 0.0011693 (norm) 0.00065714 (mean)
(lvl, key) = (2, (2, 2)) -> 0.00056709 (norm) 0.00020509 (mean)
(lvl, key) = (2, (0, 2)) -> 0.038093 (norm) 0.0075455 (mean)
(lvl, key) = (2, (0, 0)) -> 0.00020352 (norm) 4.0481e-05 (mean)
(lvl, key) = (3, (2, 0)) -> 0.12226 (norm) 0.11391 (mean)
(lvl, key) = (3, (1, 1)) -> 0.0016853 (norm) 0.00068403 (mean)
(lvl, key) = (3, (2, 2)) -> 0.00098514 (norm) 0.00054917 (mean)
(lvl, key) = (3, (0, 2)) -> 0.22071 (norm) 0.28961 (mean)
(lvl, key) = (3, (0, 0)) -> 0.00026908 (norm) 2.3446e-05 (mean)
Beginning permutation test!
Permutation Invariance test error: 2.300123691558838
Beginning batch invariance test!
Batch invariance test error: 1.563624209666159e-06
Test complete!
Starting Epoch: 1
set12n126run2 E:  1/100, B:     1/151375, L:   8.5688, ACC:   0.3750, AUC:   0.5333  dt:  0.19    0.29    0.09  1.00E-03
set12n126run2 E:  1/100, B:     2/151375, L:   8.5399, ACC:   0.3762, AUC:   0.5318  dt:  0.11    0.40    0.10  1.00E-03
set12n126run2 E:  1/100, B:     3/151375, L:   8.5042, ACC:   0.3775, AUC:   0.5302  dt:  0.10    0.50    0.10  1.00E-03
set12n126run2 E:  1/100, B:     4/151375, L:   8.4332, ACC:   0.3812, AUC:   0.5250  dt:  0.09    0.59    0.10  1.00E-03
set12n126run2 E:  1/100, B:     5/151375, L:   8.3748, ACC:   0.3811, AUC:   0.5257  dt:  0.09    0.68    0.10  1.00E-03
set12n126run2 E:  1/100, B:     6/151375, L:   8.3095, ACC:   0.3823, AUC:   0.5278  dt:  0.09    0.77    0.10  1.00E-03
set12n126run2 E:  1/100, B:     7/151375, L:   8.2434, ACC:   0.3834, AUC:   0.5250  dt:  0.10    0.87    0.10  1.00E-03
set12n126run2 E:  1/100, B:     8/151375, L:   8.1645, ACC:   0.3883, AUC:   0.5297  dt:  0.10    0.97    0.10  1.00E-03
set12n126run2 E:  1/100, B:     9/151375, L:   8.0948, ACC:   0.3919, AUC:   0.5311  dt:  0.10    1.07    0.10  1.00E-03
set12n126run2 E:  1/100, B:    10/151375, L:   8.0328, ACC:   0.3942, AUC:   0.5339  dt:  0.10    1.17    0.10  1.00E-03
set12n126run2 E:  1/100, B:    11/151375, L:   7.9766, ACC:   0.3952, AUC:   0.5385  dt:  0.09    1.26    0.11  1.00E-03
set12n126run2 E:  1/100, B:    12/151375, L:   7.9290, ACC:   0.3963, AUC:   0.5391  dt:  0.09    1.35    0.11  1.00E-03
set12n126run2 E:  1/100, B:    13/151375, L:   7.8742, ACC:   0.3961, AUC:   0.5428  dt:  0.09    1.44    0.11  1.00E-03
set12n126run2 E:  1/100, B:    14/151375, L:   7.8132, ACC:   0.3996, AUC:   0.5391  dt:  0.09    1.53    0.11  1.00E-03
set12n126run2 E:  1/100, B:    15/151375, L:   7.7457, ACC:   0.4043, AUC:   0.5417  dt:  0.09    1.62    0.11  1.00E-03
set12n126run2 E:  1/100, B:    16/151375, L:   7.6737, ACC:   0.4089, AUC:   0.5396  dt:  0.09    1.71    0.11  1.00E-03
set12n126run2 E:  1/100, B:    17/151375, L:   7.6173, ACC:   0.4086, AUC:   0.5384  dt:  0.09    1.80    0.11  1.00E-03
set12n126run2 E:  1/100, B:    18/151375, L:   7.5537, ACC:   0.4070, AUC:   0.5390  dt:  0.09    1.90    0.11  1.00E-03
set12n126run2 E:  1/100, B:    19/151375, L:   7.4848, ACC:   0.4092, AUC:   0.5368  dt:  0.09    1.99    0.11  1.00E-03
set12n126run2 E:  1/100, B:    20/151375, L:   7.4170, ACC:   0.4126, AUC:   0.5356  dt:  0.11    2.10    0.11  1.00E-03
set12n126run2 E:  1/100, B:    21/151375, L:   7.3559, ACC:   0.4134, AUC:   0.5303  dt:  0.13    2.24    0.12  1.00E-03
set12n126run2 E:  1/100, B:    22/151375, L:   7.2934, ACC:   0.4155, AUC:   0.5263  dt:  0.13    2.36    0.12  1.00E-03
set12n126run2 E:  1/100, B:    23/151375, L:   7.2291, ACC:   0.4176, AUC:   0.5218  dt:  0.12    2.49    0.12  1.00E-03
set12n126run2 E:  1/100, B:    24/151375, L:   7.1747, ACC:   0.4159, AUC:   0.5206  dt:  0.11    2.60    0.12  1.00E-03
set12n126run2 E:  1/100, B:    25/151375, L:   7.1187, ACC:   0.4143, AUC:   0.5179  dt:  0.11    2.71    0.12  1.00E-03
set12n126run2 E:  1/100, B:    26/151375, L:   7.0574, ACC:   0.4151, AUC:   0.5134  dt:  0.10    2.81    0.12  1.00E-03
set12n126run2 E:  1/100, B:    27/151375, L:   6.9932, ACC:   0.4160, AUC:   0.5110  dt:  0.10    2.92    0.12  1.00E-03
set12n126run2 E:  1/100, B:    28/151375, L:   6.9297, ACC:   0.4181, AUC:   0.5084  dt:  0.11    3.03    0.13  1.00E-03
set12n126run2 E:  1/100, B:    29/151375, L:   6.8646, ACC:   0.4226, AUC:   0.5033  dt:  0.10    3.13    0.13  1.00E-03
set12n126run2 E:  1/100, B:    30/151375, L:   6.8015, ACC:   0.4271, AUC:   0.4997  dt:  0.10    3.23    0.13  1.00E-03
set12n126run2 E:  1/100, B:    31/151375, L:   6.7384, ACC:   0.4315, AUC:   0.4954  dt:  0.10    3.33    0.13  1.00E-03
set12n126run2 E:  1/100, B:    32/151375, L:   6.6943, ACC:   0.4309, AUC:   0.4944  dt:  0.10    3.42    0.13  1.00E-03
set12n126run2 E:  1/100, B:    33/151375, L:   6.6352, ACC:   0.4329, AUC:   0.4922  dt:  0.10    3.52    0.13  1.00E-03
set12n126run2 E:  1/100, B:    34/151375, L:   6.5796, ACC:   0.4335, AUC:   0.4900  dt:  0.10    3.62    0.13  1.00E-03
set12n126run2 E:  1/100, B:    35/151375, L:   6.5194, ACC:   0.4354, AUC:   0.4884  dt:  0.10    3.72    0.13  1.00E-03
set12n126run2 E:  1/100, B:    36/151375, L:   6.4619, ACC:   0.4385, AUC:   0.4873  dt:  0.10    3.81    0.13  1.00E-03
set12n126run2 E:  1/100, B:    37/151375, L:   6.4126, ACC:   0.4379, AUC:   0.4825  dt:  0.10    3.91    0.14  1.00E-03
set12n126run2 E:  1/100, B:    38/151375, L:   6.3564, ACC:   0.4385, AUC:   0.4816  dt:  0.10    4.01    0.14  1.00E-03
set12n126run2 E:  1/100, B:    39/151375, L:   6.3066, ACC:   0.4391, AUC:   0.4815  dt:  0.10    4.11    0.14  1.00E-03
set12n126run2 E:  1/100, B:    40/151375, L:   6.2510, ACC:   0.4410, AUC:   0.4811  dt:  0.10    4.21    0.14  1.00E-03
set12n126run2 E:  1/100, B:    41/151375, L:   6.2032, ACC:   0.4403, AUC:   0.4862  dt:  0.10    4.30    0.14  1.00E-03
set12n126run2 E:  1/100, B:    42/151375, L:   6.1520, ACC:   0.4397, AUC:   0.4847  dt:  0.09    4.40    0.14  1.00E-03
set12n126run2 E:  1/100, B:    43/151375, L:   6.1003, ACC:   0.4403, AUC:   0.4812  dt:  0.09    4.49    0.14  1.00E-03
set12n126run2 E:  1/100, B:    44/151375, L:   6.0477, ACC:   0.4396, AUC:   0.4764  dt:  0.09    4.58    0.14  1.00E-03
set12n126run2 E:  1/100, B:    45/151375, L:   5.9982, ACC:   0.4365, AUC:   0.4767  dt:  0.09    4.67    0.14  1.00E-03
set12n126run2 E:  1/100, B:    46/151375, L:   5.9440, ACC:   0.4408, AUC:   0.4738  dt:  0.09    4.76    0.15  1.00E-03
set12n126run2 E:  1/100, B:    47/151375, L:   5.8907, ACC:   0.4414, AUC:   0.4710  dt:  0.10    4.86    0.15  1.00E-03
set12n126run2 E:  1/100, B:    48/151375, L:   5.8392, ACC:   0.4432, AUC:   0.4700  dt:  0.09    4.96    0.15  1.00E-03
set12n126run2 E:  1/100, B:    49/151375, L:   5.7883, ACC:   0.4463, AUC:   0.4674  dt:  0.09    5.05    0.15  1.00E-03
set12n126run2 E:  1/100, B:    50/151375, L:   5.7380, ACC:   0.4468, AUC:   0.4658  dt:  0.09    5.14    0.15  1.00E-03
set12n126run2 E:  1/100, B:    51/151375, L:   5.6860, ACC:   0.4498, AUC:   0.4629  dt:  0.09    5.23    0.15  1.00E-03
set12n126run2 E:  1/100, B:    52/151375, L:   5.6373, ACC:   0.4528, AUC:   0.4682  dt:  0.09    5.33    0.15  1.00E-03
set12n126run2 E:  1/100, B:    53/151375, L:   5.5860, ACC:   0.4545, AUC:   0.4635  dt:  0.09    5.42    0.15  1.00E-03
set12n126run2 E:  1/100, B:    54/151375, L:   5.5364, ACC:   0.4574, AUC:   0.4639  dt:  0.09    5.51    0.15  1.00E-03
set12n126run2 E:  1/100, B:    55/151375, L:   5.4838, ACC:   0.4616, AUC:   0.4593  dt:  0.09    5.60    0.15  1.00E-03
set12n126run2 E:  1/100, B:    56/151375, L:   5.4360, ACC:   0.4619, AUC:   0.4560  dt:  0.09    5.69    0.16  1.00E-03
set12n126run2 E:  1/100, B:    57/151375, L:   5.3894, ACC:   0.4623, AUC:   0.4540  dt:  0.09    5.78    0.16  1.00E-03
set12n126run2 E:  1/100, B:    58/151375, L:   5.3403, ACC:   0.4652, AUC:   0.4511  dt:  0.09    5.88    0.16  1.00E-03
set12n126run2 E:  1/100, B:    59/151375, L:   5.2957, ACC:   0.4655, AUC:   0.4483  dt:  0.09    5.97    0.16  1.00E-03
set12n126run2 E:  1/100, B:    60/151375, L:   5.2534, ACC:   0.4621, AUC:   0.4519  dt:  0.09    6.06    0.16  1.00E-03
set12n126run2 E:  1/100, B:    61/151375, L:   5.2077, ACC:   0.4637, AUC:   0.4501  dt:  0.09    6.15    0.16  1.00E-03
set12n126run2 E:  1/100, B:    62/151375, L:   5.1633, ACC:   0.4629, AUC:   0.4506  dt:  0.09    6.24    0.16  1.00E-03
set12n126run2 E:  1/100, B:    63/151375, L:   5.1190, ACC:   0.4632, AUC:   0.4486  dt:  0.09    6.33    0.16  1.00E-03
set12n126run2 E:  1/100, B:    64/151375, L:   5.0773, ACC:   0.4624, AUC:   0.4528  dt:  0.09    6.42    0.16  1.00E-03
set12n126run2 E:  1/100, B:    65/151375, L:   5.0316, ACC:   0.4664, AUC:   0.4489  dt:  0.09    6.51    0.16  1.00E-03
set12n126run2 E:  1/100, B:    66/151375, L:   4.9896, ACC:   0.4668, AUC:   0.4511  dt:  0.09    6.60    0.17  1.00E-03
set12n126run2 E:  1/100, B:    67/151375, L:   4.9459, ACC:   0.4696, AUC:   0.4491  dt:  0.09    6.69    0.17  1.00E-03
set12n126run2 E:  1/100, B:    68/151375, L:   4.9034, ACC:   0.4711, AUC:   0.4484  dt:  0.09    6.78    0.17  1.00E-03
set12n126run2 E:  1/100, B:    69/151375, L:   4.8597, ACC:   0.4739, AUC:   0.4439  dt:  0.09    6.87    0.17  1.00E-03
set12n126run2 E:  1/100, B:    70/151375, L:   4.8162, ACC:   0.4779, AUC:   0.4402  dt:  0.09    6.96    0.17  1.00E-03
set12n126run2 E:  1/100, B:    71/151375, L:   4.7745, ACC:   0.4793, AUC:   0.4377  dt:  0.09    7.05    0.17  1.00E-03
set12n126run2 E:  1/100, B:    72/151375, L:   4.7336, ACC:   0.4808, AUC:   0.4383  dt:  0.09    7.15    0.17  1.00E-03
set12n126run2 E:  1/100, B:    73/151375, L:   4.6954, ACC:   0.4797, AUC:   0.4426  dt:  0.13    7.28    0.17  1.00E-03
set12n126run2 E:  1/100, B:    74/151375, L:   4.6562, ACC:   0.4787, AUC:   0.4397  dt:  0.11    7.39    0.17  1.00E-03
set12n126run2 E:  1/100, B:    75/151375, L:   4.6166, ACC:   0.4789, AUC:   0.4379  dt:  0.10    7.49    0.18  1.00E-03
set12n126run2 E:  1/100, B:    76/151375, L:   4.5762, ACC:   0.4816, AUC:   0.4361  dt:  0.10    7.59    0.18  1.00E-03
set12n126run2 E:  1/100, B:    77/151375, L:   4.5368, ACC:   0.4830, AUC:   0.4355  dt:  0.10    7.70    0.18  1.00E-03
set12n126run2 E:  1/100, B:    78/151375, L:   4.4981, ACC:   0.4832, AUC:   0.4318  dt:  0.10    7.80    0.18  1.00E-03
set12n126run2 E:  1/100, B:    79/151375, L:   4.4598, ACC:   0.4833, AUC:   0.4300  dt:  0.10    7.89    0.18  1.00E-03
set12n126run2 E:  1/100, B:    80/151375, L:   4.4209, ACC:   0.4860, AUC:   0.4258  dt:  0.10    7.99    0.18  1.00E-03
set12n126run2 E:  1/100, B:    81/151375, L:   4.3826, ACC:   0.4873, AUC:   0.4228  dt:  0.10    8.08    0.18  1.00E-03
set12n126run2 E:  1/100, B:    82/151375, L:   4.3449, ACC:   0.4899, AUC:   0.4219  dt:  0.10    8.18    0.18  1.00E-03
set12n126run2 E:  1/100, B:    83/151375, L:   4.3077, ACC:   0.4925, AUC:   0.4227  dt:  0.10    8.28    0.18  1.00E-03
set12n126run2 E:  1/100, B:    84/151375, L:   4.2697, ACC:   0.4963, AUC:   0.4185  dt:  0.10    8.37    0.19  1.00E-03
set12n126run2 E:  1/100, B:    85/151375, L:   4.2348, ACC:   0.4976, AUC:   0.4203  dt:  0.10    8.47    0.19  1.00E-03
set12n126run2 E:  1/100, B:    86/151375, L:   4.1993, ACC:   0.4988, AUC:   0.4174  dt:  0.10    8.57    0.19  1.00E-03
set12n126run2 E:  1/100, B:    87/151375, L:   4.1642, ACC:   0.4988, AUC:   0.4139  dt:  0.10    8.67    0.19  1.00E-03
set12n126run2 E:  1/100, B:    88/151375, L:   4.1287, ACC:   0.5001, AUC:   0.4131  dt:  0.10    8.76    0.19  1.00E-03
set12n126run2 E:  1/100, B:    89/151375, L:   4.0937, ACC:   0.5026, AUC:   0.4106  dt:  0.10    8.86    0.19  1.00E-03
set12n126run2 E:  1/100, B:    90/151375, L:   4.0594, ACC:   0.5038, AUC:   0.4099  dt:  0.10    8.96    0.19  1.00E-03
set12n126run2 E:  1/100, B:    91/151375, L:   4.0283, ACC:   0.5037, AUC:   0.4091  dt:  0.10    9.05    0.19  1.00E-03
set12n126run2 E:  1/100, B:    92/151375, L:   3.9963, ACC:   0.5037, AUC:   0.4067  dt:  0.10    9.15    0.19  1.00E-03
set12n126run2 E:  1/100, B:    93/151375, L:   3.9630, ACC:   0.5049, AUC:   0.4043  dt:  0.10    9.25    0.20  1.00E-03
set12n126run2 E:  1/100, B:    94/151375, L:   3.9293, ACC:   0.5061, AUC:   0.4023  dt:  0.10    9.35    0.20  1.00E-03
set12n126run2 E:  1/100, B:    95/151375, L:   3.8983, ACC:   0.5048, AUC:   0.4023  dt:  0.10    9.44    0.20  1.00E-03
set12n126run2 E:  1/100, B:    96/151375, L:   3.8688, ACC:   0.5023, AUC:   0.3983  dt:  0.10    9.54    0.20  1.00E-03
set12n126run2 E:  1/100, B:    97/151375, L:   3.8401, ACC:   0.5010, AUC:   0.3990  dt:  0.09    9.63    0.20  1.00E-03
set12n126run2 E:  1/100, B:    98/151375, L:   3.8077, ACC:   0.5022, AUC:   0.3963  dt:  0.10    9.74    0.20  1.00E-03
set12n126run2 E:  1/100, B:    99/151375, L:   3.7748, ACC:   0.5047, AUC:   0.3923  dt:  0.09    9.83    0.20  1.00E-03
set12n126run2 E:  1/100, B:   100/151375, L:   3.7432, ACC:   0.5071, AUC:   0.3884  dt:  0.09    9.92    0.20  1.00E-03
set12n126run2 E:  1/100, B:   101/151375, L:   3.7124, ACC:   0.5083, AUC:   0.3886  dt:  0.09   10.01    0.20  1.00E-03
set12n126run2 E:  1/100, B:   102/151375, L:   3.6830, ACC:   0.5094, AUC:   0.3888  dt:  0.09   10.10    0.21  1.00E-03
set12n126run2 E:  1/100, B:   103/151375, L:   3.6561, ACC:   0.5106, AUC:   0.3899  dt:  0.12   10.23    0.21  1.00E-03
set12n126run2 E:  1/100, B:   104/151375, L:   3.6292, ACC:   0.5105, AUC:   0.3935  dt:  0.11   10.33    0.21  1.00E-03
set12n126run2 E:  1/100, B:   105/151375, L:   3.6016, ACC:   0.5129, AUC:   0.3916  dt:  0.10   10.43    0.21  1.00E-03
set12n126run2 E:  1/100, B:   106/151375, L:   3.5716, ACC:   0.5152, AUC:   0.3904  dt:  0.09   10.53    0.21  1.00E-03
set12n126run2 E:  1/100, B:   107/151375, L:   3.5426, ACC:   0.5175, AUC:   0.3896  dt:  0.09   10.62    0.21  1.00E-03
set12n126run2 E:  1/100, B:   108/151375, L:   3.5158, ACC:   0.5161, AUC:   0.3913  dt:  0.09   10.71    0.21  1.00E-03
set12n126run2 E:  1/100, B:   109/151375, L:   3.4865, ACC:   0.5184, AUC:   0.3881  dt:  0.09   10.81    0.21  1.00E-03
set12n126run2 E:  1/100, B:   110/151375, L:   3.4586, ACC:   0.5183, AUC:   0.3880  dt:  0.09   10.90    0.22  1.00E-03
set12n126run2 E:  1/100, B:   111/151375, L:   3.4284, ACC:   0.5205, AUC:   0.3841  dt:  0.09   11.00    0.22  1.00E-03
set12n126run2 E:  1/100, B:   112/151375, L:   3.3990, ACC:   0.5228, AUC:   0.3803  dt:  0.09   11.09    0.22  1.00E-03
set12n126run2 E:  1/100, B:   113/151375, L:   3.3718, ACC:   0.5238, AUC:   0.3790  dt:  0.09   11.19    0.22  1.00E-03
set12n126run2 E:  1/100, B:   114/151375, L:   3.3458, ACC:   0.5248, AUC:   0.3779  dt:  0.09   11.28    0.22  1.00E-03
set12n126run2 E:  1/100, B:   115/151375, L:   3.3190, ACC:   0.5271, AUC:   0.3779  dt:  0.09   11.37    0.22  1.00E-03
set12n126run2 E:  1/100, B:   116/151375, L:   3.2940, ACC:   0.5256, AUC:   0.3785  dt:  0.09   11.47    0.22  1.00E-03
set12n126run2 E:  1/100, B:   117/151375, L:   3.2661, ACC:   0.5278, AUC:   0.3753  dt:  0.10   11.57    0.22  1.00E-03
set12n126run2 E:  1/100, B:   118/151375, L:   3.2407, ACC:   0.5263, AUC:   0.3756  dt:  0.09   11.66    0.22  1.00E-03
set12n126run2 E:  1/100, B:   119/151375, L:   3.2136, ACC:   0.5285, AUC:   0.3747  dt:  0.09   11.76    0.23  1.00E-03
set12n126run2 E:  1/100, B:   120/151375, L:   3.1866, ACC:   0.5307, AUC:   0.3723  dt:  0.09   11.85    0.23  1.00E-03
set12n126run2 E:  1/100, B:   121/151375, L:   3.1595, ACC:   0.5328, AUC:   0.3699  dt:  0.09   11.95    0.23  1.00E-03
set12n126run2 E:  1/100, B:   122/151375, L:   3.1336, ACC:   0.5362, AUC:   0.3669  dt:  0.09   12.04    0.23  1.00E-03
set12n126run2 E:  1/100, B:   123/151375, L:   3.1090, ACC:   0.5384, AUC:   0.3652  dt:  0.09   12.14    0.23  1.00E-03
set12n126run2 E:  1/100, B:   124/151375, L:   3.0857, ACC:   0.5367, AUC:   0.3669  dt:  0.09   12.23    0.23  1.00E-03
set12n126run2 E:  1/100, B:   125/151375, L:   3.0622, ACC:   0.5376, AUC:   0.3682  dt:  0.09   12.33    0.23  1.00E-03
set12n126run2 E:  1/100, B:   126/151375, L:   3.0410, ACC:   0.5372, AUC:   0.3679  dt:  0.10   12.42    0.23  1.00E-03
set12n126run2 E:  1/100, B:   127/151375, L:   3.0153, ACC:   0.5406, AUC:   0.3642  dt:  0.10   12.52    0.23  1.00E-03
set12n126run2 E:  1/100, B:   128/151375, L:   2.9936, ACC:   0.5402, AUC:   0.3639  dt:  0.09   12.62    0.23  1.00E-03
set12n126run2 E:  1/100, B:   129/151375, L:   2.9676, ACC:   0.5435, AUC:   0.3636  dt:  0.09   12.71    0.24  1.00E-03
set12n126run2 E:  1/100, B:   130/151375, L:   2.9450, ACC:   0.5443, AUC:   0.3640  dt:  0.09   12.81    0.24  1.00E-03
set12n126run2 E:  1/100, B:   131/151375, L:   2.9233, ACC:   0.5439, AUC:   0.3604  dt:  0.09   12.90    0.24  1.00E-03
set12n126run2 E:  1/100, B:   132/151375, L:   2.8991, ACC:   0.5459, AUC:   0.3588  dt:  0.10   13.00    0.24  1.00E-03
set12n126run2 E:  1/100, B:   133/151375, L:   2.8766, ACC:   0.5467, AUC:   0.3605  dt:  0.09   13.10    0.24  1.00E-03
set12n126run2 E:  1/100, B:   134/151375, L:   2.8526, ACC:   0.5487, AUC:   0.3570  dt:  0.09   13.19    0.24  1.00E-03
set12n126run2 E:  1/100, B:   135/151375, L:   2.8306, ACC:   0.5495, AUC:   0.3547  dt:  0.09   13.29    0.24  1.00E-03
set12n126run2 E:  1/100, B:   136/151375, L:   2.8094, ACC:   0.5490, AUC:   0.3536  dt:  0.09   13.38    0.24  1.00E-03
set12n126run2 E:  1/100, B:   137/151375, L:   2.7871, ACC:   0.5510, AUC:   0.3534  dt:  0.09   13.47    0.24  1.00E-03
set12n126run2 E:  1/100, B:   138/151375, L:   2.7662, ACC:   0.5517, AUC:   0.3532  dt:  0.09   13.56    0.25  1.00E-03
set12n126run2 E:  1/100, B:   139/151375, L:   2.7434, ACC:   0.5549, AUC:   0.3497  dt:  0.09   13.65    0.25  1.00E-03
set12n126run2 E:  1/100, B:   140/151375, L:   2.7209, ACC:   0.5568, AUC:   0.3463  dt:  0.09   13.74    0.25  1.00E-03
set12n126run2 E:  1/100, B:   141/151375, L:   2.7005, ACC:   0.5575, AUC:   0.3468  dt:  0.09   13.83    0.25  1.00E-03
set12n126run2 E:  1/100, B:   142/151375, L:   2.6795, ACC:   0.5582, AUC:   0.3450  dt:  0.09   13.93    0.25  1.00E-03
set12n126run2 E:  1/100, B:   143/151375, L:   2.6643, ACC:   0.5564, AUC:   0.3465  dt:  0.09   14.02    0.25  1.00E-03
set12n126run2 E:  1/100, B:   144/151375, L:   2.6442, ACC:   0.5583, AUC:   0.3431  dt:  0.09   14.11    0.25  1.00E-03
set12n126run2 E:  1/100, B:   145/151375, L:   2.6230, ACC:   0.5602, AUC:   0.3397  dt:  0.09   14.20    0.26  1.00E-03
set12n126run2 E:  1/100, B:   146/151375, L:   2.6071, ACC:   0.5571, AUC:   0.3420  dt:  0.09   14.29    0.26  1.00E-03
set12n126run2 E:  1/100, B:   147/151375, L:   2.5867, ACC:   0.5565, AUC:   0.3386  dt:  0.09   14.38    0.26  1.00E-03
set12n126run2 E:  1/100, B:   148/151375, L:   2.5675, ACC:   0.5597, AUC:   0.3371  dt:  0.09   14.47    0.26  1.00E-03
set12n126run2 E:  1/100, B:   149/151375, L:   2.5470, ACC:   0.5628, AUC:   0.3375  dt:  0.09   14.57    0.26  1.00E-03
set12n126run2 E:  1/100, B:   150/151375, L:   2.5280, ACC:   0.5634, AUC:   0.3373  dt:  0.09   14.66    0.26  1.00E-03
set12n126run2 E:  1/100, B:   151/151375, L:   2.5075, ACC:   0.5653, AUC:   0.3352  dt:  0.09   14.75    0.26  1.00E-03
set12n126run2 E:  1/100, B:   152/151375, L:   2.4887, ACC:   0.5659, AUC:   0.3365  dt:  0.09   14.84    0.26  1.00E-03
set12n126run2 E:  1/100, B:   153/151375, L:   2.4691, ACC:   0.5664, AUC:   0.3332  dt:  0.09   14.94    0.26  1.00E-03
set12n126run2 E:  1/100, B:   154/151375, L:   2.4493, ACC:   0.5683, AUC:   0.3332  dt:  0.09   15.03    0.27  1.00E-03
set12n126run2 E:  1/100, B:   155/151375, L:   2.4311, ACC:   0.5701, AUC:   0.3336  dt:  0.09   15.12    0.27  1.00E-03
set12n126run2 E:  1/100, B:   156/151375, L:   2.4118, ACC:   0.5731, AUC:   0.3303  dt:  0.09   15.21    0.27  1.00E-03
set12n126run2 E:  1/100, B:   157/151375, L:   2.3916, ACC:   0.5773, AUC:   0.3323  dt:  0.09   15.30    0.27  1.00E-03
set12n126run2 E:  1/100, B:   158/151375, L:   2.3719, ACC:   0.5790, AUC:   0.3310  dt:  0.09   15.39    0.27  1.00E-03
set12n126run2 E:  1/100, B:   159/151375, L:   2.3555, ACC:   0.5795, AUC:   0.3363  dt:  0.09   15.48    0.27  1.00E-03
set12n126run2 E:  1/100, B:   160/151375, L:   2.3383, ACC:   0.5799, AUC:   0.3389  dt:  0.09   15.57    0.27  1.00E-03
set12n126run2 E:  1/100, B:   161/151375, L:   2.3201, ACC:   0.5816, AUC:   0.3435  dt:  0.09   15.66    0.27  1.00E-03
set12n126run2 E:  1/100, B:   162/151375, L:   2.3033, ACC:   0.5808, AUC:   0.3457  dt:  0.09   15.75    0.27  1.00E-03
set12n126run2 E:  1/100, B:   163/151375, L:   2.2852, ACC:   0.5825, AUC:   0.3507  dt:  0.09   15.84    0.27  1.00E-03
set12n126run2 E:  1/100, B:   164/151375, L:   2.2668, ACC:   0.5854, AUC:   0.3572  dt:  0.09   15.93    0.28  1.00E-03
set12n126run2 E:  1/100, B:   165/151375, L:   2.2535, ACC:   0.5833, AUC:   0.3635  dt:  0.09   16.02    0.28  1.00E-03
set12n126run2 E:  1/100, B:   166/151375, L:   2.2368, ACC:   0.5837, AUC:   0.3698  dt:  0.09   16.11    0.28  1.00E-03
set12n126run2 E:  1/100, B:   167/151375, L:   2.2232, ACC:   0.5829, AUC:   0.3741  dt:  0.09   16.21    0.28  1.00E-03
set12n126run2 E:  1/100, B:   168/151375, L:   2.2072, ACC:   0.5833, AUC:   0.3786  dt:  0.09   16.30    0.28  1.00E-03
set12n126run2 E:  1/100, B:   169/151375, L:   2.1948, ACC:   0.5837, AUC:   0.3828  dt:  0.09   16.39    0.28  1.00E-03
set12n126run2 E:  1/100, B:   170/151375, L:   2.1803, ACC:   0.5841, AUC:   0.3864  dt:  0.09   16.48    0.28  1.00E-03
set12n126run2 E:  1/100, B:   171/151375, L:   2.1620, ACC:   0.5870, AUC:   0.3925  dt:  0.09   16.57    0.28  1.00E-03
set12n126run2 E:  1/100, B:   172/151375, L:   2.1473, ACC:   0.5874, AUC:   0.3948  dt:  0.09   16.66    0.28  1.00E-03
set12n126run2 E:  1/100, B:   173/151375, L:   2.1340, ACC:   0.5853, AUC:   0.4008  dt:  0.09   16.75    0.28  1.00E-03
set12n126run2 E:  1/100, B:   174/151375, L:   2.1160, ACC:   0.5894, AUC:   0.4034  dt:  0.09   16.84    0.29  1.00E-03
set12n126run2 E:  1/100, B:   175/151375, L:   2.0994, ACC:   0.5910, AUC:   0.4093  dt:  0.09   16.93    0.29  1.00E-03
set12n126run2 E:  1/100, B:   176/151375, L:   2.0855, ACC:   0.5913, AUC:   0.4135  dt:  0.09   17.02    0.29  1.00E-03
set12n126run2 E:  1/100, B:   177/151375, L:   2.0742, ACC:   0.5916, AUC:   0.4169  dt:  0.09   17.10    0.29  1.00E-03
set12n126run2 E:  1/100, B:   178/151375, L:   2.0586, ACC:   0.5932, AUC:   0.4200  dt:  0.09   17.19    0.29  1.00E-03
set12n126run2 E:  1/100, B:   179/151375, L:   2.0446, ACC:   0.5935, AUC:   0.4208  dt:  0.09   17.29    0.29  1.00E-03
set12n126run2 E:  1/100, B:   180/151375, L:   2.0313, ACC:   0.5926, AUC:   0.4199  dt:  0.09   17.37    0.29  1.00E-03
set12n126run2 E:  1/100, B:   181/151375, L:   2.0147, ACC:   0.5966, AUC:   0.4207  dt:  0.09   17.46    0.29  1.00E-03
set12n126run2 E:  1/100, B:   182/151375, L:   2.0006, ACC:   0.5969, AUC:   0.4232  dt:  0.09   17.55    0.29  1.00E-03
set12n126run2 E:  1/100, B:   183/151375, L:   1.9872, ACC:   0.5972, AUC:   0.4289  dt:  0.09   17.64    0.29  1.00E-03
set12n126run2 E:  1/100, B:   184/151375, L:   1.9735, ACC:   0.5987, AUC:   0.4312  dt:  0.09   17.73    0.29  1.00E-03
set12n126run2 E:  1/100, B:   185/151375, L:   1.9598, ACC:   0.5990, AUC:   0.4350  dt:  0.09   17.82    0.30  1.00E-03
set12n126run2 E:  1/100, B:   186/151375, L:   1.9466, ACC:   0.6017, AUC:   0.4363  dt:  0.09   17.91    0.30  1.00E-03
set12n126run2 E:  1/100, B:   187/151375, L:   1.9317, ACC:   0.6044, AUC:   0.4381  dt:  0.09   18.00    0.30  1.00E-03
set12n126run2 E:  1/100, B:   188/151375, L:   1.9200, ACC:   0.6046, AUC:   0.4394  dt:  0.09   18.09    0.30  1.00E-03
set12n126run2 E:  1/100, B:   189/151375, L:   1.9045, ACC:   0.6085, AUC:   0.4410  dt:  0.10   18.19    0.30  1.00E-03
set12n126run2 E:  1/100, B:   190/151375, L:   1.8905, ACC:   0.6099, AUC:   0.4415  dt:  0.10   18.29    0.30  1.00E-03
set12n126run2 E:  1/100, B:   191/151375, L:   1.8754, ACC:   0.6138, AUC:   0.4457  dt:  0.12   18.41    0.30  1.00E-03
set12n126run2 E:  1/100, B:   192/151375, L:   1.8619, ACC:   0.6151, AUC:   0.4437  dt:  0.10   18.51    0.30  1.00E-03
set12n126run2 E:  1/100, B:   193/151375, L:   1.8477, ACC:   0.6165, AUC:   0.4426  dt:  0.11   18.62    0.30  1.00E-03
set12n126run2 E:  1/100, B:   194/151375, L:   1.8371, ACC:   0.6141, AUC:   0.4457  dt:  0.10   18.73    0.31  1.00E-03
set12n126run2 E:  1/100, B:   195/151375, L:   1.8218, ACC:   0.6167, AUC:   0.4441  dt:  0.10   18.83    0.31  1.00E-03
set12n126run2 E:  1/100, B:   196/151375, L:   1.8109, ACC:   0.6167, AUC:   0.4403  dt:  0.10   18.93    0.31  1.00E-03
set12n126run2 E:  1/100, B:   197/151375, L:   1.7966, ACC:   0.6205, AUC:   0.4393  dt:  0.10   19.03    0.31  1.00E-03
set12n126run2 E:  1/100, B:   198/151375, L:   1.7857, ACC:   0.6206, AUC:   0.4402  dt:  0.10   19.13    0.31  1.00E-03
set12n126run2 E:  1/100, B:   199/151375, L:   1.7735, ACC:   0.6231, AUC:   0.4371  dt:  0.10   19.23    0.31  1.00E-03
set12n126run2 E:  1/100, B:   200/151375, L:   1.7618, ACC:   0.6231, AUC:   0.4427  dt:  0.10   19.32    0.31  1.00E-03
set12n126run2 E:  1/100, B:   201/151375, L:   1.7523, ACC:   0.6231, AUC:   0.4462  dt:  0.09   19.41    0.31  1.00E-03
set12n126run2 E:  1/100, B:   202/151375, L:   1.7383, ACC:   0.6256, AUC:   0.4467  dt:  0.09   19.50    0.31  1.00E-03
set12n126run2 E:  1/100, B:   203/151375, L:   1.7234, ACC:   0.6293, AUC:   0.4489  dt:  0.09   19.59    0.32  1.00E-03
set12n126run2 E:  1/100, B:   204/151375, L:   1.7136, ACC:   0.6305, AUC:   0.4530  dt:  0.09   19.68    0.32  1.00E-03
set12n126run2 E:  1/100, B:   205/151375, L:   1.7035, ACC:   0.6292, AUC:   0.4584  dt:  0.09   19.77    0.32  1.00E-03
set12n126run2 E:  1/100, B:   206/151375, L:   1.6905, ACC:   0.6304, AUC:   0.4637  dt:  0.09   19.86    0.32  1.00E-03
set12n126run2 E:  1/100, B:   207/151375, L:   1.6775, ACC:   0.6329, AUC:   0.4676  dt:  0.09   19.95    0.32  1.00E-03
set12n126run2 E:  1/100, B:   208/151375, L:   1.6661, ACC:   0.6340, AUC:   0.4722  dt:  0.09   20.04    0.32  1.00E-03
set12n126run2 E:  1/100, B:   209/151375, L:   1.6531, ACC:   0.6352, AUC:   0.4768  dt:  0.09   20.12    0.32  1.00E-03
set12n126run2 E:  1/100, B:   210/151375, L:   1.6514, ACC:   0.6351, AUC:   0.4780  dt:  0.09   20.21    0.32  1.00E-03
set12n126run2 E:  1/100, B:   211/151375, L:   1.6405, ACC:   0.6374, AUC:   0.4815  dt:  0.09   20.30    0.32  1.00E-03
set12n126run2 E:  1/100, B:   212/151375, L:   1.6279, ACC:   0.6398, AUC:   0.4867  dt:  0.09   20.39    0.32  1.00E-03
set12n126run2 E:  1/100, B:   213/151375, L:   1.6162, ACC:   0.6409, AUC:   0.4918  dt:  0.09   20.48    0.33  1.00E-03
set12n126run2 E:  1/100, B:   214/151375, L:   1.6048, ACC:   0.6432, AUC:   0.4968  dt:  0.09   20.57    0.33  1.00E-03
set12n126run2 E:  1/100, B:   215/151375, L:   1.5939, ACC:   0.6430, AUC:   0.5018  dt:  0.09   20.66    0.33  1.00E-03
set12n126run2 E:  1/100, B:   216/151375, L:   1.5840, ACC:   0.6441, AUC:   0.5067  dt:  0.09   20.75    0.33  1.00E-03
set12n126run2 E:  1/100, B:   217/151375, L:   1.5703, ACC:   0.6476, AUC:   0.5108  dt:  0.09   20.84    0.33  1.00E-03
set12n126run2 E:  1/100, B:   218/151375, L:   1.5579, ACC:   0.6511, AUC:   0.5156  dt:  0.09   20.93    0.33  1.00E-03
set12n126run2 E:  1/100, B:   219/151375, L:   1.5454, ACC:   0.6533, AUC:   0.5204  dt:  0.09   21.02    0.33  1.00E-03
set12n126run2 E:  1/100, B:   220/151375, L:   1.5334, ACC:   0.6555, AUC:   0.5235  dt:  0.14   21.16    0.33  1.00E-03
set12n126run2 E:  1/100, B:   221/151375, L:   1.5219, ACC:   0.6577, AUC:   0.5282  dt:  0.10   21.26    0.34  1.00E-03
set12n126run2 E:  1/100, B:   222/151375, L:   1.5179, ACC:   0.6561, AUC:   0.5329  dt:  0.11   21.37    0.34  1.00E-03
set12n126run2 E:  1/100, B:   223/151375, L:   1.5069, ACC:   0.6583, AUC:   0.5359  dt:  0.11   21.48    0.34  1.00E-03
set12n126run2 E:  1/100, B:   224/151375, L:   1.4965, ACC:   0.6580, AUC:   0.5405  dt:  0.12   21.61    0.34  1.00E-03
set12n126run2 E:  1/100, B:   225/151375, L:   1.4864, ACC:   0.6601, AUC:   0.5444  dt:  0.13   21.73    0.34  1.00E-03
set12n126run2 E:  1/100, B:   226/151375, L:   1.4754, ACC:   0.6635, AUC:   0.5489  dt:  0.12   21.85    0.34  1.00E-03
set12n126run2 E:  1/100, B:   227/151375, L:   1.4700, ACC:   0.6581, AUC:   0.5459  dt:  0.11   21.96    0.34  1.00E-03
set12n126run2 E:  1/100, B:   228/151375, L:   1.4614, ACC:   0.6578, AUC:   0.5491  dt:  0.10   22.06    0.34  1.00E-03
set12n126run2 E:  1/100, B:   229/151375, L:   1.4515, ACC:   0.6575, AUC:   0.5498  dt:  0.10   22.16    0.35  1.00E-03
set12n126run2 E:  1/100, B:   230/151375, L:   1.4416, ACC:   0.6584, AUC:   0.5477  dt:  0.10   22.27    0.35  1.00E-03
set12n126run2 E:  1/100, B:   231/151375, L:   1.4323, ACC:   0.6593, AUC:   0.5495  dt:  0.13   22.40    0.35  1.00E-03
set12n126run2 E:  1/100, B:   232/151375, L:   1.4212, ACC:   0.6627, AUC:   0.5540  dt:  0.12   22.52    0.35  1.00E-03
set12n126run2 E:  1/100, B:   233/151375, L:   1.4097, ACC:   0.6660, AUC:   0.5584  dt:  0.10   22.62    0.35  1.00E-03
set12n126run2 E:  1/100, B:   234/151375, L:   1.3989, ACC:   0.6681, AUC:   0.5628  dt:  0.10   22.72    0.35  1.00E-03
set12n126run2 E:  1/100, B:   235/151375, L:   1.3889, ACC:   0.6701, AUC:   0.5671  dt:  0.10   22.81    0.35  1.00E-03
set12n126run2 E:  1/100, B:   236/151375, L:   1.3804, ACC:   0.6709, AUC:   0.5683  dt:  0.09   22.91    0.35  1.00E-03
set12n126run2 E:  1/100, B:   237/151375, L:   1.3700, ACC:   0.6717, AUC:   0.5726  dt:  0.10   23.00    0.36  1.00E-03
set12n126run2 E:  1/100, B:   238/151375, L:   1.3710, ACC:   0.6725, AUC:   0.5743  dt:  0.10   23.10    0.36  1.00E-03
set12n126run2 E:  1/100, B:   239/151375, L:   1.3617, ACC:   0.6733, AUC:   0.5766  dt:  0.09   23.19    0.36  1.00E-03
set12n126run2 E:  1/100, B:   240/151375, L:   1.3500, ACC:   0.6765, AUC:   0.5808  dt:  0.09   23.29    0.36  1.00E-03
set12n126run2 E:  1/100, B:   241/151375, L:   1.3492, ACC:   0.6723, AUC:   0.5808  dt:  0.09   23.38    0.36  1.00E-03
set12n126run2 E:  1/100, B:   242/151375, L:   1.3467, ACC:   0.6681, AUC:   0.5816  dt:  0.09   23.48    0.36  1.00E-03
set12n126run2 E:  1/100, B:   243/151375, L:   1.3390, ACC:   0.6664, AUC:   0.5851  dt:  0.09   23.57    0.36  1.00E-03
set12n126run2 E:  1/100, B:   244/151375, L:   1.3327, ACC:   0.6648, AUC:   0.5884  dt:  0.09   23.67    0.36  1.00E-03
set12n126run2 E:  1/100, B:   245/151375, L:   1.3240, ACC:   0.6656, AUC:   0.5900  dt:  0.09   23.76    0.36  1.00E-03
set12n126run2 E:  1/100, B:   246/151375, L:   1.3148, ACC:   0.6677, AUC:   0.5934  dt:  0.10   23.86    0.36  1.00E-03
set12n126run2 E:  1/100, B:   247/151375, L:   1.3054, ACC:   0.6685, AUC:   0.5968  dt:  0.11   23.98    0.37  1.00E-03
set12n126run2 E:  1/100, B:   248/151375, L:   1.2944, ACC:   0.6718, AUC:   0.6001  dt:  0.11   24.09    0.37  1.00E-03
set12n126run2 E:  1/100, B:   249/151375, L:   1.2842, ACC:   0.6738, AUC:   0.6024  dt:  0.10   24.18    0.37  1.00E-03
set12n126run2 E:  1/100, B:   250/151375, L:   1.2743, ACC:   0.6758, AUC:   0.6047  dt:  0.09   24.28    0.37  1.00E-03
set12n126run2 E:  1/100, B:   251/151375, L:   1.2692, ACC:   0.6753, AUC:   0.6086  dt:  0.09   24.37    0.37  1.00E-03
set12n126run2 E:  1/100, B:   252/151375, L:   1.2594, ACC:   0.6773, AUC:   0.6112  dt:  0.09   24.47    0.37  1.00E-03
set12n126run2 E:  1/100, B:   253/151375, L:   1.2496, ACC:   0.6792, AUC:   0.6150  dt:  0.09   24.56    0.37  1.00E-03
set12n126run2 E:  1/100, B:   254/151375, L:   1.2392, ACC:   0.6812, AUC:   0.6188  dt:  0.09   24.65    0.37  1.00E-03
set12n126run2 E:  1/100, B:   255/151375, L:   1.2343, ACC:   0.6831, AUC:   0.6206  dt:  0.09   24.75    0.37  1.00E-03
set12n126run2 E:  1/100, B:   256/151375, L:   1.2241, ACC:   0.6862, AUC:   0.6230  dt:  0.09   24.83    0.37  1.00E-03
set12n126run2 E:  1/100, B:   257/151375, L:   1.2172, ACC:   0.6881, AUC:   0.6254  dt:  0.09   24.92    0.38  1.00E-03
set12n126run2 E:  1/100, B:   258/151375, L:   1.2099, ACC:   0.6887, AUC:   0.6285  dt:  0.09   25.01    0.38  1.00E-03
set12n126run2 E:  1/100, B:   259/151375, L:   1.2014, ACC:   0.6905, AUC:   0.6321  dt:  0.09   25.10    0.38  1.00E-03
set12n126run2 E:  1/100, B:   260/151375, L:   1.1936, ACC:   0.6924, AUC:   0.6325  dt:  0.09   25.20    0.38  1.00E-03
set12n126run2 E:  1/100, B:   261/151375, L:   1.1835, ACC:   0.6954, AUC:   0.6361  dt:  0.09   25.28    0.38  1.00E-03
set12n126run2 E:  1/100, B:   262/151375, L:   1.1750, ACC:   0.6972, AUC:   0.6372  dt:  0.09   25.37    0.38  1.00E-03
set12n126run2 E:  1/100, B:   263/151375, L:   1.1657, ACC:   0.7002, AUC:   0.6389  dt:  0.09   25.46    0.38  1.00E-03
set12n126run2 E:  1/100, B:   264/151375, L:   1.1565, ACC:   0.7032, AUC:   0.6416  dt:  0.09   25.55    0.38  1.00E-03
set12n126run2 E:  1/100, B:   265/151375, L:   1.1526, ACC:   0.7036, AUC:   0.6435  dt:  0.09   25.64    0.38  1.00E-03
set12n126run2 E:  1/100, B:   266/151375, L:   1.1430, ACC:   0.7066, AUC:   0.6470  dt:  0.09   25.73    0.38  1.00E-03
set12n126run2 E:  1/100, B:   267/151375, L:   1.1346, ACC:   0.7070, AUC:   0.6505  dt:  0.09   25.82    0.39  1.00E-03
set12n126run2 E:  1/100, B:   268/151375, L:   1.1265, ACC:   0.7087, AUC:   0.6540  dt:  0.09   25.91    0.39  1.00E-03
set12n126run2 E:  1/100, B:   269/151375, L:   1.1232, ACC:   0.7103, AUC:   0.6541  dt:  0.09   25.99    0.39  1.00E-03
set12n126run2 E:  1/100, B:   270/151375, L:   1.1181, ACC:   0.7107, AUC:   0.6561  dt:  0.09   26.08    0.39  1.00E-03
set12n126run2 E:  1/100, B:   271/151375, L:   1.1090, ACC:   0.7136, AUC:   0.6595  dt:  0.09   26.17    0.39  1.00E-03
set12n126run2 E:  1/100, B:   272/151375, L:   1.1005, ACC:   0.7152, AUC:   0.6604  dt:  0.09   26.26    0.39  1.00E-03
set12n126run2 E:  1/100, B:   273/151375, L:   1.0922, ACC:   0.7180, AUC:   0.6631  dt:  0.09   26.35    0.39  1.00E-03
set12n126run2 E:  1/100, B:   274/151375, L:   1.0856, ACC:   0.7183, AUC:   0.6665  dt:  0.09   26.44    0.39  1.00E-03
set12n126run2 E:  1/100, B:   275/151375, L:   1.0817, ACC:   0.7174, AUC:   0.6681  dt:  0.09   26.53    0.39  1.00E-03
set12n126run2 E:  1/100, B:   276/151375, L:   1.0812, ACC:   0.7152, AUC:   0.6694  dt:  0.09   26.62    0.39  1.00E-03
set12n126run2 E:  1/100, B:   277/151375, L:   1.0752, ACC:   0.7168, AUC:   0.6721  dt:  0.09   26.71    0.39  1.00E-03
set12n126run2 E:  1/100, B:   278/151375, L:   1.0692, ACC:   0.7171, AUC:   0.6753  dt:  0.09   26.80    0.40  1.00E-03
set12n126run2 E:  1/100, B:   279/151375, L:   1.0621, ACC:   0.7187, AUC:   0.6772  dt:  0.09   26.88    0.40  1.00E-03
set12n126run2 E:  1/100, B:   280/151375, L:   1.0539, ACC:   0.7202, AUC:   0.6798  dt:  0.09   26.97    0.40  1.00E-03
set12n126run2 E:  1/100, B:   281/151375, L:   1.0504, ACC:   0.7218, AUC:   0.6805  dt:  0.09   27.06    0.40  1.00E-03
set12n126run2 E:  1/100, B:   282/151375, L:   1.0411, ACC:   0.7245, AUC:   0.6836  dt:  0.09   27.15    0.40  1.00E-03
set12n126run2 E:  1/100, B:   283/151375, L:   1.0335, ACC:   0.7260, AUC:   0.6861  dt:  0.09   27.24    0.40  1.00E-03
set12n126run2 E:  1/100, B:   284/151375, L:   1.0275, ACC:   0.7263, AUC:   0.6892  dt:  0.09   27.33    0.40  1.00E-03
set12n126run2 E:  1/100, B:   285/151375, L:   1.0235, ACC:   0.7277, AUC:   0.6905  dt:  0.09   27.42    0.40  1.00E-03
set12n126run2 E:  1/100, B:   286/151375, L:   1.0179, ACC:   0.7292, AUC:   0.6917  dt:  0.09   27.51    0.40  1.00E-03
set12n126run2 E:  1/100, B:   287/151375, L:   1.0184, ACC:   0.7294, AUC:   0.6848  dt:  0.10   27.61    0.40  1.00E-03
set12n126run2 E:  1/100, B:   288/151375, L:   1.0127, ACC:   0.7296, AUC:   0.6879  dt:  0.10   27.72    0.41  1.00E-03
set12n126run2 E:  1/100, B:   289/151375, L:   1.0124, ACC:   0.7298, AUC:   0.6836  dt:  0.09   27.81    0.41  1.00E-03
set12n126run2 E:  1/100, B:   290/151375, L:   1.0072, ACC:   0.7288, AUC:   0.6843  dt:  0.09   27.90    0.41  1.00E-03
set12n126run2 E:  1/100, B:   291/151375, L:   1.0016, ACC:   0.7277, AUC:   0.6861  dt:  0.09   27.99    0.41  1.00E-03
set12n126run2 E:  1/100, B:   292/151375, L:   0.9970, ACC:   0.7292, AUC:   0.6866  dt:  0.10   28.09    0.41  1.00E-03
set12n126run2 E:  1/100, B:   293/151375, L:   0.9897, ACC:   0.7306, AUC:   0.6889  dt:  0.13   28.23    0.41  1.00E-03
set12n126run2 E:  1/100, B:   294/151375, L:   0.9844, ACC:   0.7308, AUC:   0.6907  dt:  0.11   28.34    0.41  1.00E-03
set12n126run2 E:  1/100, B:   295/151375, L:   0.9762, ACC:   0.7335, AUC:   0.6938  dt:  0.10   28.44    0.41  1.00E-03
set12n126run2 E:  1/100, B:   296/151375, L:   0.9760, ACC:   0.7324, AUC:   0.6919  dt:  0.10   28.54    0.41  1.00E-03
set12n126run2 E:  1/100, B:   297/151375, L:   0.9739, ACC:   0.7326, AUC:   0.6900  dt:  0.13   28.68    0.42  1.00E-03
set12n126run2 E:  1/100, B:   298/151375, L:   0.9692, ACC:   0.7328, AUC:   0.6930  dt:  0.11   28.79    0.42  1.00E-03
set12n126run2 E:  1/100, B:   299/151375, L:   0.9658, ACC:   0.7305, AUC:   0.6928  dt:  0.10   28.89    0.42  1.00E-03
set12n126run2 E:  1/100, B:   300/151375, L:   0.9576, ACC:   0.7331, AUC:   0.6958  dt:  0.09   28.99    0.42  1.00E-03
set12n126run2 E:  1/100, B:   301/151375, L:   0.9541, ACC:   0.7321, AUC:   0.6975  dt:  0.09   29.08    0.42  1.00E-03
set12n126run2 E:  1/100, B:   302/151375, L:   0.9480, ACC:   0.7335, AUC:   0.6992  dt:  0.09   29.18    0.42  1.00E-03
set12n126run2 E:  1/100, B:   303/151375, L:   0.9403, ACC:   0.7361, AUC:   0.7022  dt:  0.09   29.27    0.42  1.00E-03
set12n126run2 E:  1/100, B:   304/151375, L:   0.9315, ACC:   0.7387, AUC:   0.6952  dt:  0.09   29.36    0.42  1.00E-03
set12n126run2 E:  1/100, B:   305/151375, L:   0.9277, ACC:   0.7401, AUC:   0.6982  dt:  0.09   29.46    0.43  1.00E-03
set12n126run2 E:  1/100, B:   306/151375, L:   0.9206, ACC:   0.7414, AUC:   0.7012  dt:  0.09   29.55    0.43  1.00E-03
set12n126run2 E:  1/100, B:   307/151375, L:   0.9154, ACC:   0.7415, AUC:   0.7042  dt:  0.09   29.65    0.43  1.00E-03
set12n126run2 E:  1/100, B:   308/151375, L:   0.9136, ACC:   0.7416, AUC:   0.7071  dt:  0.09   29.74    0.43  1.00E-03
set12n126run2 E:  1/100, B:   309/151375, L:   0.9088, ACC:   0.7429, AUC:   0.7100  dt:  0.09   29.83    0.43  1.00E-03
set12n126run2 E:  1/100, B:   310/151375, L:   0.9018, ACC:   0.7442, AUC:   0.7129  dt:  0.09   29.93    0.43  1.00E-03
set12n126run2 E:  1/100, B:   311/151375, L:   0.8965, ACC:   0.7455, AUC:   0.7108  dt:  0.09   30.02    0.43  1.00E-03
set12n126run2 E:  1/100, B:   312/151375, L:   0.8937, ACC:   0.7443, AUC:   0.7117  dt:  0.09   30.12    0.43  1.00E-03
set12n126run2 E:  1/100, B:   313/151375, L:   0.8910, ACC:   0.7419, AUC:   0.7145  dt:  0.09   30.21    0.43  1.00E-03
set12n126run2 E:  1/100, B:   314/151375, L:   0.8913, ACC:   0.7407, AUC:   0.7136  dt:  0.09   30.30    0.43  1.00E-03
set12n126run2 E:  1/100, B:   315/151375, L:   0.8915, ACC:  Initializing simulation based upon argument string:
scripts/train_lgn.py --datadir=/data/clariant/toptag/converted --maxdim=3 --max-zf=1 --num-channels 2 4 4 2 --num-epoch=100 --batch-size=8 --num-cg-levels=3 --scale=0.005 --lr-init=0.001 --lr-final=0.0000001 --mlp=True --alpha=100 --pmu-in=True --nobj=126 --lr-decay-type=exp --v=0 --prefix=maxdim3_nobj126_lr1e-3_1e-7_lrdecay-exp_pt550-650_nepoch_100_data100_run2 --load
Log, best, checkpoint, load files: ./log/maxdim3_nobj126_lr1e-3_1e-7_lrdecay-exp_pt550-650_nepoch_100_data100_run2.log ./model/maxdim3_nobj126_lr1e-3_1e-7_lrdecay-exp_pt550-650_nepoch_100_data100_run2_best.pt ./model/maxdim3_nobj126_lr1e-3_1e-7_lrdecay-exp_pt550-650_nepoch_100_data100_run2.pt ./model/maxdim3_nobj126_lr1e-3_1e-7_lrdecay-exp_pt550-650_nepoch_100_data100_run2.pt
Dataset, learning target, datadir: jet is_signal /data/clariant/toptag/converted
Git status: 9780fa9

Values of all model arguments:
Namespace(activation='leakyrelu', add_beams=True, alpha=100.0, batch_group_size=1, batch_size=8, beam_mass=1, bestfile='./model/maxdim3_nobj126_lr1e-3_1e-7_lrdecay-exp_pt550-650_nepoch_100_data100_run2_best.pt', checkfile='./model/maxdim3_nobj126_lr1e-3_1e-7_lrdecay-exp_pt550-650_nepoch_100_data100_run2.pt', cuda=True, cutoff_decay=0, cutoff_type=['learn'], datadir='/data/clariant/toptag/converted', dataset='jet', dtype='float', force_download=False, full_scalars=False, gaussian_mask=False, hard_cut_rad=inf, input='linear', level_gain=[1.0], load=True, loadfile='./model/maxdim3_nobj126_lr1e-3_1e-7_lrdecay-exp_pt550-650_nepoch_100_data100_run2.pt', log_level='info', logdir='log/', logfile='./log/maxdim3_nobj126_lr1e-3_1e-7_lrdecay-exp_pt550-650_nepoch_100_data100_run2.log', lr_decay=inf, lr_decay_type='exp', lr_final=1e-07, lr_init=0.001, lr_minibatch=True, max_zf=[1], maxdim=[3], mlp=True, mlp_depth=3, mlp_width=2, modeldir='model/', nobj=126, num_basis_fn=10, num_cg_levels=3, num_channels=[2, 4, 4, 2], num_epoch=100, num_mpnn_levels=1, num_test=-1, num_train=-1, num_valid=-1, num_workers=0, optim='amsgrad', parallel=False, pmu_in=True, predict=True, predictdir='predict/', predictfile='./predict/maxdim3_nobj126_lr1e-3_1e-7_lrdecay-exp_pt550-650_nepoch_100_data100_run2', prefix='maxdim3_nobj126_lr1e-3_1e-7_lrdecay-exp_pt550-650_nepoch_100_data100_run2', quiet=True, save=True, scale=0.005, seed=1, sgd_restart=-1, shuffle=True, soft_cut_rad=inf, soft_cut_width=inf, target='is_signal', task='train', test=True, textlog=True, top='linear', verbose=False, weight_decay=0, weight_init='randn', workdir='./')
Beginning training on CUDA/GPU! Device: 0
Initializing simulation based upon argument string:
scripts/train_lgn.py --datadir=/home/jano/clariant/data/toptag/h5 --maxdim=3 --max-zf=1 --num-channels 2 4 4 2 --num-epoch=100 --batch-size=8 --num-cg-levels=3 --scale=0.005 --lr-init=0.001 --lr-final=0.0000001 --mlp=True --alpha=100 --pmu-in=True --nobj=126 --lr-decay-type=exp --v=0 --prefix=maxdim3_nobj126_lr1e-3_1e-7_lrdecay-exp_pt550-650_nepoch_100_data100_run2 --load
Log, best, checkpoint, load files: ./log/maxdim3_nobj126_lr1e-3_1e-7_lrdecay-exp_pt550-650_nepoch_100_data100_run2.log ./model/maxdim3_nobj126_lr1e-3_1e-7_lrdecay-exp_pt550-650_nepoch_100_data100_run2_best.pt ./model/maxdim3_nobj126_lr1e-3_1e-7_lrdecay-exp_pt550-650_nepoch_100_data100_run2.pt ./model/maxdim3_nobj126_lr1e-3_1e-7_lrdecay-exp_pt550-650_nepoch_100_data100_run2.pt
Dataset, learning target, datadir: jet is_signal /home/jano/clariant/data/toptag/h5
Git status: 9780fa9

Values of all model arguments:
Namespace(activation='leakyrelu', add_beams=True, alpha=100.0, batch_group_size=1, batch_size=8, beam_mass=1, bestfile='./model/maxdim3_nobj126_lr1e-3_1e-7_lrdecay-exp_pt550-650_nepoch_100_data100_run2_best.pt', checkfile='./model/maxdim3_nobj126_lr1e-3_1e-7_lrdecay-exp_pt550-650_nepoch_100_data100_run2.pt', cuda=True, cutoff_decay=0, cutoff_type=['learn'], datadir='/home/jano/clariant/data/toptag/h5', dataset='jet', dtype='float', force_download=False, full_scalars=False, gaussian_mask=False, hard_cut_rad=inf, input='linear', level_gain=[1.0], load=True, loadfile='./model/maxdim3_nobj126_lr1e-3_1e-7_lrdecay-exp_pt550-650_nepoch_100_data100_run2.pt', log_level='info', logdir='log/', logfile='./log/maxdim3_nobj126_lr1e-3_1e-7_lrdecay-exp_pt550-650_nepoch_100_data100_run2.log', lr_decay=inf, lr_decay_type='exp', lr_final=1e-07, lr_init=0.001, lr_minibatch=True, max_zf=[1], maxdim=[3], mlp=True, mlp_depth=3, mlp_width=2, modeldir='model/', nobj=126, num_basis_fn=10, num_cg_levels=3, num_channels=[2, 4, 4, 2], num_epoch=100, num_mpnn_levels=1, num_test=-1, num_train=-1, num_valid=-1, num_workers=0, optim='amsgrad', parallel=False, pmu_in=True, predict=True, predictdir='predict/', predictfile='./predict/maxdim3_nobj126_lr1e-3_1e-7_lrdecay-exp_pt550-650_nepoch_100_data100_run2', prefix='maxdim3_nobj126_lr1e-3_1e-7_lrdecay-exp_pt550-650_nepoch_100_data100_run2', quiet=True, save=True, scale=0.005, seed=1, sgd_restart=-1, shuffle=True, soft_cut_rad=inf, soft_cut_width=inf, target='is_signal', task='train', test=True, textlog=True, top='linear', verbose=False, weight_decay=0, weight_init='randn', workdir='./')
Beginning training on CUDA/GPU! Device: 0
Initializing network!
hard_cut_rad: [inf, inf, inf]
soft_cut_rad: [inf, inf, inf]
soft_cut_width: [inf, inf, inf]
maxdim: [3, 3, 3]
max_zf: [1, 1, 1]
num_channels: [2, 4, 4, 2]
CGdict maxdim: 3
{(0, 0): 2, (1, 1): 2}
{(0, 0): 4, (1, 1): 4, (0, 2): 4, (2, 0): 4, (2, 2): 4}
{(0, 0): 4, (1, 1): 4, (0, 2): 4, (2, 0): 4, (2, 2): 4}
{(0, 0): 2, (1, 1): 2, (0, 2): 2, (2, 0): 2, (2, 2): 2}
Model initialized. Number of parameters: 6014
Testing network for symmetries:
Beginning covariance test!
Boost invariance test. The output is a table of [gamma, rel. deviation] tuples:
[[1.0, 0.0], [1.5430806348152437, 9.864244532309385e-08], [3.7621956910836314, 2.6996880819751823e-07], [10.067661995777765, 2.299926563864574e-06], [27.308232836016487, 0.0002254395221825689], [74.20994852478785, 0.0001542871759738773], [201.7156361224559, 0.00352827413007617], [548.317035155212, 0.34712544083595276], [1490.479161252178, 164.52981567382812], [4051.5420254925943, 33347.875]]
Rotation invariance test. The output is a table of [angle, rel. deviation] tuples:
[[0.0, 0.0], [1.0, 1.194092789091883e-07], [2.0, 9.345073692657024e-08], [3.0, 5.191707685980873e-08], [4.0, 1.0383415371961746e-07], [5.0, 1.6613465447790077e-07], [6.0, 5.710878525633234e-08], [7.0, 1.3498440409875911e-07], [8.0, 9.345073692657024e-08], [9.0, 1.869014738531405e-07]]
Averages of components of all tensors:
 [{(0, 0): 0.5614726543426514, (1, 1): 0.0008360747597180307}, {(2, 0): 0.00018786604050546885, (1, 1): 0.01826474443078041, (2, 2): 0.00028687770827673376, (0, 2): 0.00011767829710152, (0, 0): 0.18810412287712097}, {(2, 0): 9.78989846771583e-05, (1, 1): 0.0032020581420511007, (2, 2): 0.0003456851118244231, (0, 2): 0.00010228520113741979, (0, 0): 0.08206082880496979}, {(2, 0): 3.485143679426983e-05, (1, 1): 0.0006722380639985204, (2, 2): 4.447732862900011e-05, (0, 2): 5.416494968812913e-05, (0, 0): 0.30753445625305176}]
Medians of components of all tensors:
 [{(0, 0): 0.498877614736557, (1, 1): 0.0}, {(2, 0): 9.234857323292545e-10, (1, 1): 0.004188349936157465, (2, 2): 5.9026442613685504e-05, (0, 2): 4.403704345623538e-10, (0, 0): 0.1537579596042633}, {(2, 0): 5.58858118893113e-06, (1, 1): 0.0007952023879624903, (2, 2): 5.064368451712653e-05, (0, 2): 8.059728315856773e-06, (0, 0): 0.07416492700576782}, {(2, 0): 5.2684858928842004e-06, (1, 1): 0.0002691758272703737, (2, 2): 1.0607662261463702e-05, (0, 2): 1.2217042240081355e-05, (0, 0): 0.323852002620697}]
Rotation Invariance test (relative): 0.00040669
Largest deviation in covariance test : 0.019675
Largest deviation in covariance test 0.019675 detected! Detailed summary (all relative):
(lvl, key) = (0, (0, 0)) -> 6.3766e-05 (norm) 6.0089e-06 (mean)
(lvl, key) = (0, (1, 1)) -> 7.7676e-08 (norm) 6.0722e-08 (mean)
(lvl, key) = (1, (2, 0)) -> 8.441e-06 (norm) 1.6155e-05 (mean)
(lvl, key) = (1, (1, 1)) -> 0.005191 (norm) 0.0011459 (mean)
(lvl, key) = (1, (2, 2)) -> 0.0041964 (norm) 0.0003275 (mean)
(lvl, key) = (1, (0, 2)) -> 8.8044e-06 (norm) 1.5866e-05 (mean)
(lvl, key) = (1, (0, 0)) -> 0.0020518 (norm) 0.00026201 (mean)
(lvl, key) = (2, (2, 0)) -> 0.020854 (norm) 0.0076786 (mean)
(lvl, key) = (2, (1, 1)) -> 0.0064522 (norm) 0.0020214 (mean)
(lvl, key) = (2, (2, 2)) -> 0.0052553 (norm) 0.0010899 (mean)
(lvl, key) = (2, (0, 2)) -> 0.018943 (norm) 0.0068819 (mean)
(lvl, key) = (2, (0, 0)) -> 0.0005555 (norm) 7.6517e-05 (mean)
(lvl, key) = (3, (2, 0)) -> 0.033243 (norm) 0.031875 (mean)
(lvl, key) = (3, (1, 1)) -> 0.0044287 (norm) 0.0027976 (mean)
(lvl, key) = (3, (2, 2)) -> 0.0045461 (norm) 0.0011854 (mean)
(lvl, key) = (3, (0, 2)) -> 0.023831 (norm) 0.035696 (mean)
(lvl, key) = (3, (0, 0)) -> 8.5535e-05 (norm) 9.7739e-06 (mean)
Beginning permutation test!
Permutation Invariance test error: 0.10191851854324341
Beginning batch invariance test!
Batch invariance test error: 1.6613462605619134e-07
Test complete!
Loading previous model from checkpoint!
Loading from checkpoint!
Best loss from checkpoint: 0.18047720177257684 at epoch 45
Starting Epoch: 46
Epoch 46 Complete! Current Training Loss:     0.1789     0.9281     0.9706     466.5046 @0.3000
[[0.455 0.045]
 [0.027 0.473]]

ROC saved to file ./predict/maxdim3_nobj126_lr1e-3_1e-7_lrdecay-exp_pt550-650_nepoch_100_data100_run2.epoch46.train_ROC.csv

Saving predictions to file: ./predict/maxdim3_nobj126_lr1e-3_1e-7_lrdecay-exp_pt550-650_nepoch_100_data100_run2.final.train.pt
Saving model to checkpoint file: ./model/maxdim3_nobj126_lr1e-3_1e-7_lrdecay-exp_pt550-650_nepoch_100_data100_run2.pt
Starting testing on valid set: 
 Done! (Time: 5119.997111s)
Epoch 46 Complete! Current Validation Loss:     0.1805     0.9276     0.9697     461.1053 @0.3001
[[0.454 0.046]
 [0.027 0.473]]

ROC saved to file ./predict/maxdim3_nobj126_lr1e-3_1e-7_lrdecay-exp_pt550-650_nepoch_100_data100_run2.epoch46.valid_ROC.csv

Saving predictions to file: ./predict/maxdim3_nobj126_lr1e-3_1e-7_lrdecay-exp_pt550-650_nepoch_100_data100_run2.final.valid.pt
Epoch 46 complete!
Starting Epoch: 47
Epoch 47 Complete! Current Training Loss:     0.1789     0.9281     0.9706     474.1762 @0.3000
[[0.455 0.045]
 [0.027 0.473]]

ROC saved to file ./predict/maxdim3_nobj126_lr1e-3_1e-7_lrdecay-exp_pt550-650_nepoch_100_data100_run2.epoch47.train_ROC.csv

Saving predictions to file: ./predict/maxdim3_nobj126_lr1e-3_1e-7_lrdecay-exp_pt550-650_nepoch_100_data100_run2.final.train.pt
Saving model to checkpoint file: ./model/maxdim3_nobj126_lr1e-3_1e-7_lrdecay-exp_pt550-650_nepoch_100_data100_run2.pt
Starting testing on valid set: 
 Done! (Time: 5038.165903s)
Epoch 47 Complete! Current Validation Loss:     0.1806     0.9276     0.9705     471.9040 @0.2999
[[0.453 0.047]
 [0.026 0.474]]

ROC saved to file ./predict/maxdim3_nobj126_lr1e-3_1e-7_lrdecay-exp_pt550-650_nepoch_100_data100_run2.epoch47.valid_ROC.csv

Saving predictions to file: ./predict/maxdim3_nobj126_lr1e-3_1e-7_lrdecay-exp_pt550-650_nepoch_100_data100_run2.final.valid.pt
Epoch 47 complete!
Starting Epoch: 48
Epoch 48 Complete! Current Training Loss:     0.1789     0.9282     0.9706     467.2245 @0.2999
[[0.455 0.045]
 [0.027 0.473]]

ROC saved to file ./predict/maxdim3_nobj126_lr1e-3_1e-7_lrdecay-exp_pt550-650_nepoch_100_data100_run2.epoch48.train_ROC.csv

Saving predictions to file: ./predict/maxdim3_nobj126_lr1e-3_1e-7_lrdecay-exp_pt550-650_nepoch_100_data100_run2.final.train.pt
Saving model to checkpoint file: ./model/maxdim3_nobj126_lr1e-3_1e-7_lrdecay-exp_pt550-650_nepoch_100_data100_run2.pt
Starting testing on valid set: 
 Done! (Time: 5010.438765s)
Epoch 48 Complete! Current Validation Loss:     0.1804     0.9277     0.9697     465.3649 @0.3000
[[0.455 0.045]
 [0.027 0.473]]

ROC saved to file ./predict/maxdim3_nobj126_lr1e-3_1e-7_lrdecay-exp_pt550-650_nepoch_100_data100_run2.epoch48.valid_ROC.csv

Saving predictions to file: ./predict/maxdim3_nobj126_lr1e-3_1e-7_lrdecay-exp_pt550-650_nepoch_100_data100_run2.final.valid.pt
Lowest loss achieved! Saving best model to file: ./model/maxdim3_nobj126_lr1e-3_1e-7_lrdecay-exp_pt550-650_nepoch_100_data100_run2_best.pt
Epoch 48 complete!
Starting Epoch: 49
Epoch 49 Complete! Current Training Loss:     0.1789     0.9281     0.9704     466.8643 @0.3000
[[0.455 0.045]
 [0.027 0.473]]

ROC saved to file ./predict/maxdim3_nobj126_lr1e-3_1e-7_lrdecay-exp_pt550-650_nepoch_100_data100_run2.epoch49.train_ROC.csv

Saving predictions to file: ./predict/maxdim3_nobj126_lr1e-3_1e-7_lrdecay-exp_pt550-650_nepoch_100_data100_run2.final.train.pt
Saving model to checkpoint file: ./model/maxdim3_nobj126_lr1e-3_1e-7_lrdecay-exp_pt550-650_nepoch_100_data100_run2.pt
Starting testing on valid set: 
 Done! (Time: 4988.141614s)
Epoch 49 Complete! Current Validation Loss:     0.1804     0.9278     0.9705     464.2926 @0.3001
[[0.455 0.045]
 [0.027 0.473]]

ROC saved to file ./predict/maxdim3_nobj126_lr1e-3_1e-7_lrdecay-exp_pt550-650_nepoch_100_data100_run2.epoch49.valid_ROC.csv

Saving predictions to file: ./predict/maxdim3_nobj126_lr1e-3_1e-7_lrdecay-exp_pt550-650_nepoch_100_data100_run2.final.valid.pt
Lowest loss achieved! Saving best model to file: ./model/maxdim3_nobj126_lr1e-3_1e-7_lrdecay-exp_pt550-650_nepoch_100_data100_run2_best.pt
Epoch 49 complete!
Starting Epoch: 50
Epoch 50 Complete! Current Training Loss:     0.1789     0.9282     0.9705     470.8577 @0.3000
[[0.456 0.044]
 [0.027 0.473]]

ROC saved to file ./predict/maxdim3_nobj126_lr1e-3_1e-7_lrdecay-exp_pt550-650_nepoch_100_data100_run2.epoch50.train_ROC.csv

Saving predictions to file: ./predict/maxdim3_nobj126_lr1e-3_1e-7_lrdecay-exp_pt550-650_nepoch_100_data100_run2.final.train.pt
Saving model to checkpoint file: ./model/maxdim3_nobj126_lr1e-3_1e-7_lrdecay-exp_pt550-650_nepoch_100_data100_run2.pt
Starting testing on valid set: 
 Done! (Time: 5011.542745s)
Epoch 50 Complete! Current Validation Loss:     0.1805     0.9276     0.9703     456.9229 @0.3004
[[0.454 0.046]
 [0.026 0.474]]

ROC saved to file ./predict/maxdim3_nobj126_lr1e-3_1e-7_lrdecay-exp_pt550-650_nepoch_100_data100_run2.epoch50.valid_ROC.csv

Saving predictions to file: ./predict/maxdim3_nobj126_lr1e-3_1e-7_lrdecay-exp_pt550-650_nepoch_100_data100_run2.final.valid.pt
Epoch 50 complete!
Starting Epoch: 51
Epoch 51 Complete! Current Training Loss:     0.1788     0.9282     0.9706     466.8643 @0.3000
[[0.455 0.045]
 [0.027 0.473]]

ROC saved to file ./predict/maxdim3_nobj126_lr1e-3_1e-7_lrdecay-exp_pt550-650_nepoch_100_data100_run2.epoch51.train_ROC.csv

Saving predictions to file: ./predict/maxdim3_nobj126_lr1e-3_1e-7_lrdecay-exp_pt550-650_nepoch_100_data100_run2.final.train.pt
Saving model to checkpoint file: ./model/maxdim3_nobj126_lr1e-3_1e-7_lrdecay-exp_pt550-650_nepoch_100_data100_run2.pt
Starting testing on valid set: 
 Done! (Time: 4982.398645s)
Epoch 51 Complete! Current Validation Loss:     0.1805     0.9276     0.9705     475.2429 @0.2998
[[0.455 0.045]
 [0.027 0.473]]

ROC saved to file ./predict/maxdim3_nobj126_lr1e-3_1e-7_lrdecay-exp_pt550-650_nepoch_100_data100_run2.epoch51.valid_ROC.csv

Saving predictions to file: ./predict/maxdim3_nobj126_lr1e-3_1e-7_lrdecay-exp_pt550-650_nepoch_100_data100_run2.final.valid.pt
Epoch 51 complete!
Starting Epoch: 52
Epoch 52 Complete! Current Training Loss:     0.1788     0.9282     0.9706     471.2241 @0.3000
[[0.455 0.045]
 [0.027 0.473]]

ROC saved to file ./predict/maxdim3_nobj126_lr1e-3_1e-7_lrdecay-exp_pt550-650_nepoch_100_data100_run2.epoch52.train_ROC.csv

Saving predictions to file: ./predict/maxdim3_nobj126_lr1e-3_1e-7_lrdecay-exp_pt550-650_nepoch_100_data100_run2.final.train.pt
Saving model to checkpoint file: ./model/maxdim3_nobj126_lr1e-3_1e-7_lrdecay-exp_pt550-650_nepoch_100_data100_run2.pt
Starting testing on valid set: 
 Done! (Time: 3435.682s)
Epoch 52 Complete! Current Validation Loss:     0.1804     0.9277     0.9698     455.8891 @0.3001
[[0.456 0.044]
 [0.028 0.472]]

ROC saved to file ./predict/maxdim3_nobj126_lr1e-3_1e-7_lrdecay-exp_pt550-650_nepoch_100_data100_run2.epoch52.valid_ROC.csv

Saving predictions to file: ./predict/maxdim3_nobj126_lr1e-3_1e-7_lrdecay-exp_pt550-650_nepoch_100_data100_run2.final.valid.pt
Epoch 52 complete!
Starting Epoch: 53
Initializing simulation based upon argument string:
scripts/train_lgn.py --datadir=/home/jano/clariant/data/toptag/h5 --maxdim=3 --max-zf=1 --num-channels 2 4 4 2 --num-epoch=100 --batch-size=8 --num-cg-levels=3 --scale=0.005 --lr-init=0.001 --lr-final=0.0000001 --mlp=True --alpha=100 --pmu-in=True --nobj=126 --lr-decay-type=exp --v=0 --prefix=maxdim3_nobj126_lr1e-3_1e-7_lrdecay-exp_pt550-650_nepoch_100_data100_run2 --load
Log, best, checkpoint, load files: ./log/maxdim3_nobj126_lr1e-3_1e-7_lrdecay-exp_pt550-650_nepoch_100_data100_run2.log ./model/maxdim3_nobj126_lr1e-3_1e-7_lrdecay-exp_pt550-650_nepoch_100_data100_run2_best.pt ./model/maxdim3_nobj126_lr1e-3_1e-7_lrdecay-exp_pt550-650_nepoch_100_data100_run2.pt ./model/maxdim3_nobj126_lr1e-3_1e-7_lrdecay-exp_pt550-650_nepoch_100_data100_run2.pt
Dataset, learning target, datadir: jet is_signal /home/jano/clariant/data/toptag/h5
Git status: ef3d333

Values of all model arguments:
Namespace(activation='leakyrelu', add_beams=True, alpha=100.0, batch_group_size=1, batch_size=8, beam_mass=1, bestfile='./model/maxdim3_nobj126_lr1e-3_1e-7_lrdecay-exp_pt550-650_nepoch_100_data100_run2_best.pt', checkfile='./model/maxdim3_nobj126_lr1e-3_1e-7_lrdecay-exp_pt550-650_nepoch_100_data100_run2.pt', cuda=True, cutoff_decay=0, cutoff_type=['learn'], datadir='/home/jano/clariant/data/toptag/h5', dataset='jet', dtype='float', force_download=False, full_scalars=False, gaussian_mask=False, hard_cut_rad=inf, input='linear', level_gain=[1.0], load=True, loadfile='./model/maxdim3_nobj126_lr1e-3_1e-7_lrdecay-exp_pt550-650_nepoch_100_data100_run2.pt', log_level='info', logdir='log/', logfile='./log/maxdim3_nobj126_lr1e-3_1e-7_lrdecay-exp_pt550-650_nepoch_100_data100_run2.log', lr_decay=inf, lr_decay_type='exp', lr_final=1e-07, lr_init=0.001, lr_minibatch=True, max_zf=[1], maxdim=[3], mlp=True, mlp_depth=3, mlp_width=2, modeldir='model/', nobj=126, num_basis_fn=10, num_cg_levels=3, num_channels=[2, 4, 4, 2], num_epoch=100, num_mpnn_levels=1, num_test=-1, num_train=-1, num_valid=-1, num_workers=0, optim='amsgrad', parallel=False, pmu_in=True, predict=True, predictdir='predict/', predictfile='./predict/maxdim3_nobj126_lr1e-3_1e-7_lrdecay-exp_pt550-650_nepoch_100_data100_run2', prefix='maxdim3_nobj126_lr1e-3_1e-7_lrdecay-exp_pt550-650_nepoch_100_data100_run2', quiet=True, save=True, scale=0.005, seed=1, sgd_restart=-1, shuffle=True, soft_cut_rad=inf, soft_cut_width=inf, target='is_signal', task='train', test=True, textlog=True, top='linear', verbose=False, weight_decay=0, weight_init='randn', workdir='./')
Beginning training on CUDA/GPU! Device: 0
Initializing network!
hard_cut_rad: [inf, inf, inf]
soft_cut_rad: [inf, inf, inf]
soft_cut_width: [inf, inf, inf]
maxdim: [3, 3, 3]
max_zf: [1, 1, 1]
num_channels: [2, 4, 4, 2]
CGdict maxdim: 3
{(0, 0): 2, (1, 1): 2}
{(0, 0): 4, (1, 1): 4, (0, 2): 4, (2, 0): 4, (2, 2): 4}
{(0, 0): 4, (1, 1): 4, (0, 2): 4, (2, 0): 4, (2, 2): 4}
{(0, 0): 2, (1, 1): 2, (0, 2): 2, (2, 0): 2, (2, 2): 2}
Model initialized. Number of parameters: 6014
Testing network for symmetries:
Beginning covariance test!
Boost invariance test. The output is a table of [gamma, rel. deviation] tuples:
[[1.0, 0.0], [1.5430806348152437, 3.2262826721307647e-07], [3.7621956910836314, 6.259759288695932e-07], [10.067661995777765, 6.433284852391807e-06], [27.308232836016487, 0.0006930877570994198], [74.20994852478785, 0.0023523380514234304], [201.7156361224559, 0.022732464596629143], [548.317035155212, 31.42571258544922], [1490.479161252178, 7782.24267578125], [4051.5420254925943, 94468.578125]]
Rotation invariance test. The output is a table of [angle, rel. deviation] tuples:
[[0.0, 0.0], [1.0, 4.6273376597127935e-07], [2.0, 2.0051795956987917e-07], [3.0, 4.537361633083492e-07], [4.0, 2.686426512354956e-07], [5.0, 3.6504553690974717e-07], [6.0, 2.8406711294337583e-07], [7.0, 2.583596767635754e-07], [8.0, 1.3367863971325278e-07], [9.0, 4.2545798351056874e-07]]
Averages of components of all tensors:
 [{(0, 0): 0.33466166257858276, (1, 1): 0.0027529271319508553}, {(2, 0): 0.0005241271574050188, (1, 1): 0.057214148342609406, (2, 2): 0.0017700762255117297, (0, 2): 0.0006234072498045862, (0, 0): 0.1871221959590912}, {(2, 0): 0.00018904956232290715, (1, 1): 0.009479502215981483, (2, 2): 0.003122909227386117, (0, 2): 0.00019183510448783636, (0, 0): 0.15670733153820038}, {(2, 0): 0.00028128159465268254, (1, 1): 0.0038904098328202963, (2, 2): 0.0003303295816294849, (0, 2): 0.00016550140571780503, (0, 0): 0.14794373512268066}]
Medians of components of all tensors:
 [{(0, 0): 0.281081885099411, (1, 1): 0.0}, {(2, 0): 3.7178526923753452e-09, (1, 1): 0.01153237372636795, (2, 2): 0.00012989265087526292, (0, 2): 3.0779423454418975e-09, (0, 0): 0.15245237946510315}, {(2, 0): 9.70428027358139e-06, (1, 1): 0.0016143855173140764, (2, 2): 0.0002992637746501714, (0, 2): 1.2288121070014313e-05, (0, 0): 0.1377871334552765}, {(2, 0): 1.3925026905781124e-05, (1, 1): 0.0010412135161459446, (2, 2): 2.8443319024518132e-05, (0, 2): 1.979992157430388e-05, (0, 0): 0.12708795070648193}]
Rotation Invariance test (relative): 6.5533e-05
Largest deviation in covariance test : 0.093525
Largest deviation in covariance test 0.093525 detected! Detailed summary (all relative):
(lvl, key) = (0, (0, 0)) -> 0.00014583 (norm) 2.9666e-05 (mean)
(lvl, key) = (0, (1, 1)) -> 6.3036e-08 (norm) 5.7855e-08 (mean)
(lvl, key) = (1, (2, 0)) -> 0.00024657 (norm) 5.6885e-05 (mean)
(lvl, key) = (1, (1, 1)) -> 0.0081155 (norm) 0.0019136 (mean)
(lvl, key) = (1, (2, 2)) -> 0.020055 (norm) 0.0016904 (mean)
(lvl, key) = (1, (0, 2)) -> 0.00023953 (norm) 5.5253e-05 (mean)
(lvl, key) = (1, (0, 0)) -> 0.0011556 (norm) 0.00016048 (mean)
(lvl, key) = (2, (2, 0)) -> 0.035033 (norm) 0.0090599 (mean)
(lvl, key) = (2, (1, 1)) -> 0.014993 (norm) 0.0047207 (mean)
(lvl, key) = (2, (2, 2)) -> 0.011233 (norm) 0.0024628 (mean)
(lvl, key) = (2, (0, 2)) -> 0.047774 (norm) 0.014553 (mean)
(lvl, key) = (2, (0, 0)) -> 0.00081139 (norm) 0.00013202 (mean)
(lvl, key) = (3, (2, 0)) -> 0.017043 (norm) 0.023351 (mean)
(lvl, key) = (3, (1, 1)) -> 0.0058184 (norm) 0.0053029 (mean)
(lvl, key) = (3, (2, 2)) -> 0.0084222 (norm) 0.0026939 (mean)
(lvl, key) = (3, (0, 2)) -> 0.10316 (norm) 0.14805 (mean)
(lvl, key) = (3, (0, 0)) -> 0.00034358 (norm) 5.2898e-05 (mean)
Beginning permutation test!
Permutation Invariance test error: 0.03804321214556694
Beginning batch invariance test!
Batch invariance test error: 1.1516926861077081e-06
Test complete!
Loading previous model from checkpoint!
Loading from checkpoint!
Best loss from checkpoint: 0.18041889359527236 at epoch 52
Starting Epoch: 53
Epoch 53 Complete! Current Training Loss:     0.1788     0.9282     0.9706     467.5853 @0.3000     LR: 7.59E-06
[[0.456 0.044]
 [0.027 0.473]]

ROC saved to file ./predict/maxdim3_nobj126_lr1e-3_1e-7_lrdecay-exp_pt550-650_nepoch_100_data100_run2.epoch53.train_ROC.csv

Saving predictions to file: ./predict/maxdim3_nobj126_lr1e-3_1e-7_lrdecay-exp_pt550-650_nepoch_100_data100_run2.final.train.pt
Saving model to checkpoint file: ./model/maxdim3_nobj126_lr1e-3_1e-7_lrdecay-exp_pt550-650_nepoch_100_data100_run2.pt
Starting testing on valid set: 
 Done! (Time: 2957.460394s)
Epoch 53 Complete! Current Validation Loss:     0.1804     0.9276     0.9697     470.8014 @0.2999     LR: 7.59E-06
[[0.455 0.045]
 [0.027 0.473]]

ROC saved to file ./predict/maxdim3_nobj126_lr1e-3_1e-7_lrdecay-exp_pt550-650_nepoch_100_data100_run2.epoch53.valid_ROC.csv

Saving predictions to file: ./predict/maxdim3_nobj126_lr1e-3_1e-7_lrdecay-exp_pt550-650_nepoch_100_data100_run2.final.valid.pt
Lowest loss achieved! Saving best model to file: ./model/maxdim3_nobj126_lr1e-3_1e-7_lrdecay-exp_pt550-650_nepoch_100_data100_run2_best.pt
Epoch 53 complete!
Starting Epoch: 54
Epoch 54 Complete! Current Training Loss:     0.1788     0.9282     0.9705     465.0714 @0.3000     LR: 6.92E-06
[[0.455 0.045]
 [0.027 0.473]]

ROC saved to file ./predict/maxdim3_nobj126_lr1e-3_1e-7_lrdecay-exp_pt550-650_nepoch_100_data100_run2.epoch54.train_ROC.csv

Saving predictions to file: ./predict/maxdim3_nobj126_lr1e-3_1e-7_lrdecay-exp_pt550-650_nepoch_100_data100_run2.final.train.pt
Saving model to checkpoint file: ./model/maxdim3_nobj126_lr1e-3_1e-7_lrdecay-exp_pt550-650_nepoch_100_data100_run2.pt
Starting testing on valid set: 
 Done! (Time: 2928.936643s)
Epoch 54 Complete! Current Validation Loss:     0.1804     0.9277     0.9702     479.7690 @0.2997     LR: 6.92E-06
[[0.455 0.045]
 [0.027 0.473]]

ROC saved to file ./predict/maxdim3_nobj126_lr1e-3_1e-7_lrdecay-exp_pt550-650_nepoch_100_data100_run2.epoch54.valid_ROC.csv

Saving predictions to file: ./predict/maxdim3_nobj126_lr1e-3_1e-7_lrdecay-exp_pt550-650_nepoch_100_data100_run2.final.valid.pt
Epoch 54 complete!
Starting Epoch: 55
Initializing simulation based upon argument string:
scripts/train_lgn.py --datadir=/home/jano/clariant/data/toptag/h5 --maxdim=3 --max-zf=1 --num-channels 2 4 4 2 --num-epoch=53 --batch-size=8 --num-cg-levels=3 --scale=0.005 --lr-init=0.001 --lr-final=0.0000001 --mlp=True --alpha=100 --pmu-in=True --nobj=126 --lr-decay-type=exp --prefix=maxdim3_nobj126_lr1e-3_1e-7_lrdecay-exp_pt550-650_nepoch_100_data100_run2 --load
Log, best, checkpoint, load files: ./log/maxdim3_nobj126_lr1e-3_1e-7_lrdecay-exp_pt550-650_nepoch_100_data100_run2.log ./model/maxdim3_nobj126_lr1e-3_1e-7_lrdecay-exp_pt550-650_nepoch_100_data100_run2_best.pt ./model/maxdim3_nobj126_lr1e-3_1e-7_lrdecay-exp_pt550-650_nepoch_100_data100_run2.pt ./model/maxdim3_nobj126_lr1e-3_1e-7_lrdecay-exp_pt550-650_nepoch_100_data100_run2.pt
Dataset, learning target, datadir: jet is_signal /home/jano/clariant/data/toptag/h5
Git status: ef3d333

Values of all model arguments:
Namespace(activation='leakyrelu', add_beams=True, alpha=100.0, batch_group_size=1, batch_size=8, beam_mass=1, bestfile='./model/maxdim3_nobj126_lr1e-3_1e-7_lrdecay-exp_pt550-650_nepoch_100_data100_run2_best.pt', checkfile='./model/maxdim3_nobj126_lr1e-3_1e-7_lrdecay-exp_pt550-650_nepoch_100_data100_run2.pt', cuda=True, cutoff_decay=0, cutoff_type=['learn'], datadir='/home/jano/clariant/data/toptag/h5', dataset='jet', dtype='float', force_download=False, full_scalars=False, gaussian_mask=False, hard_cut_rad=inf, input='linear', level_gain=[1.0], load=True, loadfile='./model/maxdim3_nobj126_lr1e-3_1e-7_lrdecay-exp_pt550-650_nepoch_100_data100_run2.pt', log_level='info', logdir='log/', logfile='./log/maxdim3_nobj126_lr1e-3_1e-7_lrdecay-exp_pt550-650_nepoch_100_data100_run2.log', lr_decay=inf, lr_decay_type='exp', lr_final=1e-07, lr_init=0.001, lr_minibatch=True, max_zf=[1], maxdim=[3], mlp=True, mlp_depth=3, mlp_width=2, modeldir='model/', nobj=126, num_basis_fn=10, num_cg_levels=3, num_channels=[2, 4, 4, 2], num_epoch=53, num_mpnn_levels=1, num_test=-1, num_train=-1, num_valid=-1, num_workers=0, optim='amsgrad', parallel=False, pmu_in=True, predict=True, predictdir='predict/', predictfile='./predict/maxdim3_nobj126_lr1e-3_1e-7_lrdecay-exp_pt550-650_nepoch_100_data100_run2', prefix='maxdim3_nobj126_lr1e-3_1e-7_lrdecay-exp_pt550-650_nepoch_100_data100_run2', quiet=True, save=True, scale=0.005, seed=1, sgd_restart=-1, shuffle=True, soft_cut_rad=inf, soft_cut_width=inf, target='is_signal', task='train', test=True, textlog=True, top='linear', verbose=True, weight_decay=0, weight_init='randn', workdir='./')
Beginning training on CUDA/GPU! Device: 0
Initializing network!
hard_cut_rad: [inf, inf, inf]
soft_cut_rad: [inf, inf, inf]
soft_cut_width: [inf, inf, inf]
maxdim: [3, 3, 3]
max_zf: [1, 1, 1]
num_channels: [2, 4, 4, 2]
CGdict maxdim: 3
{(0, 0): 2, (1, 1): 2}
{(0, 0): 4, (1, 1): 4, (0, 2): 4, (2, 0): 4, (2, 2): 4}
{(0, 0): 4, (1, 1): 4, (0, 2): 4, (2, 0): 4, (2, 2): 4}
{(0, 0): 2, (1, 1): 2, (0, 2): 2, (2, 0): 2, (2, 2): 2}
Model initialized. Number of parameters: 6014
Testing network for symmetries:
Beginning covariance test!
Boost invariance test. The output is a table of [gamma, rel. deviation] tuples:
[[1.0, 0.0], [1.5430806348152437, 1.6956084891717182e-07], [3.7621956910836314, 3.36093819441885e-07], [10.067661995777765, 1.298957158724079e-06], [27.308232836016487, 4.631130650523119e-05], [74.20994852478785, 0.0001351944956695661], [201.7156361224559, 0.005875580012798309], [548.317035155212, 0.934999406337738], [1490.479161252178, 944.1460571289062], [4051.5420254925943, 31975.51171875]]
Rotation invariance test. The output is a table of [angle, rel. deviation] tuples:
[[0.0, 0.0], [1.0, 1.5442148537658795e-07], [2.0, 1.150591444343263e-07], [3.0, 9.991978089374243e-08], [4.0, 9.386403831967982e-08], [5.0, 1.0294765218077373e-07], [6.0, 9.386403831967982e-08], [7.0, 5.4501700930131847e-08], [8.0, 1.2111489411381626e-07], [9.0, 1.8470019824690098e-07]]
Averages of components of all tensors:
 [{(0, 0): 0.2997080087661743, (1, 1): 0.002356637269258499}, {(2, 0): 0.0003637539630290121, (1, 1): 0.03494954854249954, (2, 2): 0.0014363628579303622, (0, 2): 0.0004274530801922083, (0, 0): 0.20773832499980927}, {(2, 0): 7.94057923485525e-05, (1, 1): 0.002552690915763378, (2, 2): 0.0010052190627902746, (0, 2): 0.00012796386727131903, (0, 0): 0.2078178972005844}, {(2, 0): 2.4503427994204685e-05, (1, 1): 0.005296406801789999, (2, 2): 9.032869274960831e-05, (0, 2): 3.7167599657550454e-05, (0, 0): 0.20566010475158691}]
Medians of components of all tensors:
 [{(0, 0): 0.1891726702451706, (1, 1): 0.0}, {(2, 0): 1.43435574528894e-09, (1, 1): 0.008726694621145725, (2, 2): 0.00017051298345904797, (0, 2): 2.284442413014176e-09, (0, 0): 0.1672511100769043}, {(2, 0): 6.141454832686577e-06, (1, 1): 0.000748230260796845, (2, 2): 0.00011520857515279204, (0, 2): 7.751894372631796e-06, (0, 0): 0.2011912614107132}, {(2, 0): 7.474125141015975e-06, (1, 1): 0.0010009822435677052, (2, 2): 1.3086192666378338e-05, (0, 2): 5.4710139920644e-06, (0, 0): 0.17365366220474243}]
Rotation Invariance test (relative): 0.00023651
Largest deviation in covariance test : 0.1579
Largest deviation in covariance test 0.1579 detected! Detailed summary (all relative):
(lvl, key) = (0, (0, 0)) -> 0.00015474 (norm) 2.6884e-05 (mean)
(lvl, key) = (0, (1, 1)) -> 8.8008e-08 (norm) 7.1431e-08 (mean)
(lvl, key) = (1, (2, 0)) -> 0.0021422 (norm) 0.00050896 (mean)
(lvl, key) = (1, (1, 1)) -> 0.018371 (norm) 0.0044431 (mean)
(lvl, key) = (1, (2, 2)) -> 0.094077 (norm) 0.0094024 (mean)
(lvl, key) = (1, (0, 2)) -> 0.0020666 (norm) 0.00047686 (mean)
(lvl, key) = (1, (0, 0)) -> 0.0036525 (norm) 0.00060003 (mean)
(lvl, key) = (2, (2, 0)) -> 0.14782 (norm) 0.036931 (mean)
(lvl, key) = (2, (1, 1)) -> 0.053197 (norm) 0.012913 (mean)
(lvl, key) = (2, (2, 2)) -> 0.096025 (norm) 0.017476 (mean)
(lvl, key) = (2, (0, 2)) -> 0.16349 (norm) 0.040717 (mean)
(lvl, key) = (2, (0, 0)) -> 0.00066458 (norm) 0.00016993 (mean)
(lvl, key) = (3, (2, 0)) -> 0.63375 (norm) 0.35176 (mean)
(lvl, key) = (3, (1, 1)) -> 0.013395 (norm) 0.0047288 (mean)
(lvl, key) = (3, (2, 2)) -> 0.09407 (norm) 0.030301 (mean)
(lvl, key) = (3, (0, 2)) -> 0.49018 (norm) 0.39821 (mean)
(lvl, key) = (3, (0, 0)) -> 2.141e-05 (norm) 5.934e-06 (mean)
Beginning permutation test!
Permutation Invariance test error: 0.04219497740268707
Beginning batch invariance test!
Batch invariance test error: 1.9378384763513168e-07
Test complete!
Loading previous model from checkpoint!
Loading from checkpoint!
Best loss from checkpoint: 0.18039792131626312 at epoch 54
Getting predictions for model in last checkpoint.
Starting testing on test set: 
 Done! (Time: 4291.11739s)
Training Complete! Final Testing Loss:     0.1783     0.9285     0.9710     483.0478 @0.2997
[[0.456 0.044]
 [0.027 0.473]]

ROC saved to file ./predict/maxdim3_nobj126_lr1e-3_1e-7_lrdecay-exp_pt550-650_nepoch_100_data100_run2.best.test_ROC.csv

Saving predictions to file: ./predict/maxdim3_nobj126_lr1e-3_1e-7_lrdecay-exp_pt550-650_nepoch_100_data100_run2.best.test.pt
Getting predictions for best model (epoch 53).
Starting testing on test set: 
 Done! (Time: 3356.292189s)
Training Complete! Best Testing Loss:     0.1782     0.9284     0.9705     479.6057 @0.2999
[[0.456 0.044]
 [0.028 0.473]]

ROC saved to file ./predict/maxdim3_nobj126_lr1e-3_1e-7_lrdecay-exp_pt550-650_nepoch_100_data100_run2.best.test_ROC.csv

Saving predictions to file: ./predict/maxdim3_nobj126_lr1e-3_1e-7_lrdecay-exp_pt550-650_nepoch_100_data100_run2.best.test.pt
Inference phase complete!
