Initializing simulation based upon argument string:
scripts/train_lgn.py --datadir=/home/jano/clariant/data/toptag/h5 --maxdim=3 --max-zf=1 --num-channels 2 4 4 2 --num-epoch=53 --batch-size=8 --num-cg-levels=3 --scale=0.005 --lr-init=0.001 --lr-final=7.59e-6 --mlp=True --alpha=100 --pmu-in=True --nobj=126 --lr-decay-type=exp -v=0 --prefix=maxdim3_nobj126_lr1e-3_1e-7_lrdecay-exp_pt550-650_nepoch_100_data100_run5
Log, best, checkpoint, load files: ./log/maxdim3_nobj126_lr1e-3_1e-7_lrdecay-exp_pt550-650_nepoch_100_data100_run5.log ./model/maxdim3_nobj126_lr1e-3_1e-7_lrdecay-exp_pt550-650_nepoch_100_data100_run5_best.pt ./model/maxdim3_nobj126_lr1e-3_1e-7_lrdecay-exp_pt550-650_nepoch_100_data100_run5.pt ./model/maxdim3_nobj126_lr1e-3_1e-7_lrdecay-exp_pt550-650_nepoch_100_data100_run5.pt
Dataset, learning target, datadir: jet is_signal /home/jano/clariant/data/toptag/h5
Git status: c7bcf55

Values of all model arguments:
Namespace(activation='leakyrelu', add_beams=True, alpha=100.0, batch_group_size=1, batch_size=8, beam_mass=1, bestfile='./model/maxdim3_nobj126_lr1e-3_1e-7_lrdecay-exp_pt550-650_nepoch_100_data100_run5_best.pt', checkfile='./model/maxdim3_nobj126_lr1e-3_1e-7_lrdecay-exp_pt550-650_nepoch_100_data100_run5.pt', cuda=True, cutoff_decay=0, cutoff_type=['learn'], datadir='/home/jano/clariant/data/toptag/h5', dataset='jet', dtype='float', force_download=False, full_scalars=False, gaussian_mask=False, hard_cut_rad=inf, input='linear', level_gain=[1.0], load=False, loadfile='./model/maxdim3_nobj126_lr1e-3_1e-7_lrdecay-exp_pt550-650_nepoch_100_data100_run5.pt', log_level='info', logdir='log/', logfile='./log/maxdim3_nobj126_lr1e-3_1e-7_lrdecay-exp_pt550-650_nepoch_100_data100_run5.log', lr_decay=inf, lr_decay_type='exp', lr_final=7.59e-06, lr_init=0.001, lr_minibatch=True, max_zf=[1], maxdim=[3], mlp=True, mlp_depth=3, mlp_width=2, modeldir='model/', nobj=126, num_basis_fn=10, num_cg_levels=3, num_channels=[2, 4, 4, 2], num_epoch=53, num_mpnn_levels=1, num_test=-1, num_train=-1, num_valid=-1, num_workers=0, optim='amsgrad', parallel=False, pmu_in=True, predict=True, predictdir='predict/', predictfile='./predict/maxdim3_nobj126_lr1e-3_1e-7_lrdecay-exp_pt550-650_nepoch_100_data100_run5', prefix='maxdim3_nobj126_lr1e-3_1e-7_lrdecay-exp_pt550-650_nepoch_100_data100_run5', quiet=True, save=True, scale=0.005, seed=1, sgd_restart=-1, shuffle=True, soft_cut_rad=inf, soft_cut_width=inf, target='is_signal', task='train', test=True, textlog=True, top='linear', verbose=False, weight_decay=0, weight_init='randn', workdir='./')
Beginning training on CUDA/GPU! Device: 0
Initializing network!
hard_cut_rad: [inf, inf, inf]
soft_cut_rad: [inf, inf, inf]
soft_cut_width: [inf, inf, inf]
maxdim: [3, 3, 3]
max_zf: [1, 1, 1]
num_channels: [2, 4, 4, 2]
CGdict maxdim: 3
{(0, 0): 2, (1, 1): 2}
{(0, 0): 4, (1, 1): 4, (0, 2): 4, (2, 0): 4, (2, 2): 4}
{(0, 0): 4, (1, 1): 4, (0, 2): 4, (2, 0): 4, (2, 2): 4}
{(0, 0): 2, (1, 1): 2, (0, 2): 2, (2, 0): 2, (2, 2): 2}
Model initialized. Number of parameters: 6014
Testing network for symmetries:
Beginning covariance test!
Boost invariance test. The output is a table of [gamma, rel. deviation] tuples:
[[1.0, 0.0], [1.5430806348152437, 1.5591565727390844e-07], [3.7621956910836314, 4.2238968944730004e-07], [10.067661995777765, 3.5690511595021235e-06], [27.308232836016487, 4.881067434325814e-05], [74.20994852478785, 0.0007233766373246908], [201.7156361224559, 0.010560944676399231], [548.317035155212, 3.1093974113464355], [1490.479161252178, 3271.471923828125], [4051.5420254925943, 436128.40625]]
Rotation invariance test. The output is a table of [angle, rel. deviation] tuples:
[[0.0, 0.0], [1.0, 2.194158525981038e-07], [2.0, 2.8178212119200907e-07], [3.0, 1.9390238037431118e-07], [4.0, 2.2905427954356128e-07], [5.0, 2.0297383684919623e-07], [6.0, 1.83696997169136e-07], [7.0, 2.063756312509213e-07], [8.0, 1.83696997169136e-07], [9.0, 2.1714799913752358e-07]]
Averages of components of all tensors:
 [{(0, 0): 0.5484026670455933, (1, 1): 0.0024249504785984755}, {(2, 0): 0.00041116526699624956, (1, 1): 0.030864622443914413, (2, 2): 0.0011382868979126215, (0, 2): 0.00017672742251306772, (0, 0): 0.31135129928588867}, {(2, 0): 0.0001555863709654659, (1, 1): 0.01304900273680687, (2, 2): 0.0010022276546806097, (0, 2): 0.00017157125694211572, (0, 0): 0.06997643411159515}, {(2, 0): 5.80152845941484e-05, (1, 1): 0.002140520140528679, (2, 2): 0.00046036113053560257, (0, 2): 5.027265797252767e-05, (0, 0): 0.11948411911725998}]
Medians of components of all tensors:
 [{(0, 0): 0.435028612613678, (1, 1): 0.0}, {(2, 0): 1.6002976721551931e-09, (1, 1): 0.010193223133683205, (2, 2): 0.00017759588081389666, (0, 2): 1.420439654786776e-09, (0, 0): 0.2586871385574341}, {(2, 0): 7.353725777647924e-06, (1, 1): 0.002529793418943882, (2, 2): 0.00013975374167785048, (0, 2): 1.0729943824117072e-05, (0, 0): 0.047826386988162994}, {(2, 0): 1.1294520845694933e-05, (1, 1): 0.0005587104242295027, (2, 2): 3.285998900537379e-05, (0, 2): 1.3883207429898903e-05, (0, 0): 0.08860515058040619}]
Rotation Invariance test (relative): 0.00078248
Largest deviation in covariance test : 0.046927
Largest deviation in covariance test 0.046927 detected! Detailed summary (all relative):
(lvl, key) = (0, (0, 0)) -> 6.697e-05 (norm) 1.4329e-05 (mean)
(lvl, key) = (0, (1, 1)) -> 8.4824e-08 (norm) 7.438e-08 (mean)
(lvl, key) = (1, (2, 0)) -> 8.0751e-05 (norm) 3.0377e-05 (mean)
(lvl, key) = (1, (1, 1)) -> 0.0064368 (norm) 0.0012934 (mean)
(lvl, key) = (1, (2, 2)) -> 0.012112 (norm) 0.00099118 (mean)
(lvl, key) = (1, (0, 2)) -> 6.963e-05 (norm) 4.295e-05 (mean)
(lvl, key) = (1, (0, 0)) -> 0.0033092 (norm) 0.000399 (mean)
(lvl, key) = (2, (2, 0)) -> 0.021417 (norm) 0.0056651 (mean)
(lvl, key) = (2, (1, 1)) -> 0.0047203 (norm) 0.0017659 (mean)
(lvl, key) = (2, (2, 2)) -> 0.0076259 (norm) 0.0016441 (mean)
(lvl, key) = (2, (0, 2)) -> 0.028572 (norm) 0.0067981 (mean)
(lvl, key) = (2, (0, 0)) -> 0.0020018 (norm) 0.00038483 (mean)
(lvl, key) = (3, (2, 0)) -> 0.068111 (norm) 0.07254 (mean)
(lvl, key) = (3, (1, 1)) -> 0.0090811 (norm) 0.0042005 (mean)
(lvl, key) = (3, (2, 2)) -> 0.0053927 (norm) 0.0014515 (mean)
(lvl, key) = (3, (0, 2)) -> 0.12129 (norm) 0.085143 (mean)
(lvl, key) = (3, (0, 0)) -> 0.00040714 (norm) 5.3551e-05 (mean)
Beginning permutation test!
Permutation Invariance test error: 0.09516294300556183
Beginning batch invariance test!
Batch invariance test error: 5.080016194369819e-07
Test complete!
Starting Epoch: 1
Epoch 1 Complete! Current Training Loss:     0.2202     0.9118     0.8159     27.2157 @0.3000     LR: 9.12E-04
[[0.442 0.058]
 [0.03  0.469]]

ROC saved to file ./predict/maxdim3_nobj126_lr1e-3_1e-7_lrdecay-exp_pt550-650_nepoch_100_data100_run5.epoch1.train_ROC.csv

Saving predictions to file: ./model/maxdim3_nobj126_lr1e-3_1e-7_lrdecay-exp_pt550-650_nepoch_100_data100_run5.epoch1.train.pt
Saving model to checkpoint file: ./model/maxdim3_nobj126_lr1e-3_1e-7_lrdecay-exp_pt550-650_nepoch_100_data100_run5.pt
Starting testing on valid set: 
 Done! (Time: 2330.349032s)
Epoch 1 Complete! Current Validation Loss:     0.1911     0.9220     0.9134     259.6688 @0.3001     LR: 9.12E-04
[[0.443 0.057]
 [0.02  0.48 ]]

ROC saved to file ./predict/maxdim3_nobj126_lr1e-3_1e-7_lrdecay-exp_pt550-650_nepoch_100_data100_run5.epoch1.valid_ROC.csv

Saving predictions to file: ./model/maxdim3_nobj126_lr1e-3_1e-7_lrdecay-exp_pt550-650_nepoch_100_data100_run5.epoch1.valid.pt
Lowest loss achieved! Saving best model to file: ./model/maxdim3_nobj126_lr1e-3_1e-7_lrdecay-exp_pt550-650_nepoch_100_data100_run5_best.pt
Epoch 1 complete!
Starting Epoch: 2
Epoch 2 Complete! Current Training Loss:     0.1919     0.9225     0.8964     179.3611 @0.3000     LR: 8.32E-04
[[0.451 0.049]
 [0.028 0.472]]

ROC saved to file ./predict/maxdim3_nobj126_lr1e-3_1e-7_lrdecay-exp_pt550-650_nepoch_100_data100_run5.epoch2.train_ROC.csv

Saving predictions to file: ./model/maxdim3_nobj126_lr1e-3_1e-7_lrdecay-exp_pt550-650_nepoch_100_data100_run5.epoch2.train.pt
Saving model to checkpoint file: ./model/maxdim3_nobj126_lr1e-3_1e-7_lrdecay-exp_pt550-650_nepoch_100_data100_run5.pt
Starting testing on valid set: 
 Done! (Time: 2314.110839s)
Epoch 2 Complete! Current Validation Loss:     0.1890     0.9230     0.8717     179.7529 @0.2999     LR: 8.32E-04
[[0.446 0.054]
 [0.023 0.477]]

ROC saved to file ./predict/maxdim3_nobj126_lr1e-3_1e-7_lrdecay-exp_pt550-650_nepoch_100_data100_run5.epoch2.valid_ROC.csv

Saving predictions to file: ./model/maxdim3_nobj126_lr1e-3_1e-7_lrdecay-exp_pt550-650_nepoch_100_data100_run5.epoch2.valid.pt
Lowest loss achieved! Saving best model to file: ./model/maxdim3_nobj126_lr1e-3_1e-7_lrdecay-exp_pt550-650_nepoch_100_data100_run5_best.pt
Epoch 2 complete!
Starting Epoch: 3
Epoch 3 Complete! Current Training Loss:     0.1882     0.9243     0.8874     173.9509 @0.3000     LR: 7.59E-04
[[0.452 0.048]
 [0.028 0.472]]

ROC saved to file ./predict/maxdim3_nobj126_lr1e-3_1e-7_lrdecay-exp_pt550-650_nepoch_100_data100_run5.epoch3.train_ROC.csv

Saving predictions to file: ./model/maxdim3_nobj126_lr1e-3_1e-7_lrdecay-exp_pt550-650_nepoch_100_data100_run5.epoch3.train.pt
Saving model to checkpoint file: ./model/maxdim3_nobj126_lr1e-3_1e-7_lrdecay-exp_pt550-650_nepoch_100_data100_run5.pt
Starting testing on valid set: 
 Done! (Time: 2330.410906s)
Epoch 3 Complete! Current Validation Loss:     0.1875     0.9239     0.9180     259.0013 @0.2999     LR: 7.59E-04
[[0.445 0.055]
 [0.021 0.479]]

ROC saved to file ./predict/maxdim3_nobj126_lr1e-3_1e-7_lrdecay-exp_pt550-650_nepoch_100_data100_run5.epoch3.valid_ROC.csv

Saving predictions to file: ./model/maxdim3_nobj126_lr1e-3_1e-7_lrdecay-exp_pt550-650_nepoch_100_data100_run5.epoch3.valid.pt
Lowest loss achieved! Saving best model to file: ./model/maxdim3_nobj126_lr1e-3_1e-7_lrdecay-exp_pt550-650_nepoch_100_data100_run5_best.pt
Epoch 3 complete!
Starting Epoch: 4
Epoch 4 Complete! Current Training Loss:     0.1867     0.9249     0.9238     233.7927 @0.3000     LR: 6.92E-04
[[0.453 0.047]
 [0.028 0.472]]

ROC saved to file ./predict/maxdim3_nobj126_lr1e-3_1e-7_lrdecay-exp_pt550-650_nepoch_100_data100_run5.epoch4.train_ROC.csv

Saving predictions to file: ./model/maxdim3_nobj126_lr1e-3_1e-7_lrdecay-exp_pt550-650_nepoch_100_data100_run5.epoch4.train.pt
Saving model to checkpoint file: ./model/maxdim3_nobj126_lr1e-3_1e-7_lrdecay-exp_pt550-650_nepoch_100_data100_run5.pt
Starting testing on valid set: 
 Done! (Time: 2322.550978s)
Epoch 4 Complete! Current Validation Loss:     0.1857     0.9246     0.9422     277.1706 @0.3000     LR: 6.92E-04
[[0.447 0.053]
 [0.022 0.478]]

ROC saved to file ./predict/maxdim3_nobj126_lr1e-3_1e-7_lrdecay-exp_pt550-650_nepoch_100_data100_run5.epoch4.valid_ROC.csv

Saving predictions to file: ./model/maxdim3_nobj126_lr1e-3_1e-7_lrdecay-exp_pt550-650_nepoch_100_data100_run5.epoch4.valid.pt
Lowest loss achieved! Saving best model to file: ./model/maxdim3_nobj126_lr1e-3_1e-7_lrdecay-exp_pt550-650_nepoch_100_data100_run5_best.pt
Epoch 4 complete!
Starting Epoch: 5
Epoch 5 Complete! Current Training Loss:     0.1856     0.9252     0.9350     232.4464 @0.3000     LR: 6.31E-04
[[0.453 0.047]
 [0.028 0.472]]

ROC saved to file ./predict/maxdim3_nobj126_lr1e-3_1e-7_lrdecay-exp_pt550-650_nepoch_100_data100_run5.epoch5.train_ROC.csv

Saving predictions to file: ./model/maxdim3_nobj126_lr1e-3_1e-7_lrdecay-exp_pt550-650_nepoch_100_data100_run5.epoch5.train.pt
Saving model to checkpoint file: ./model/maxdim3_nobj126_lr1e-3_1e-7_lrdecay-exp_pt550-650_nepoch_100_data100_run5.pt
Starting testing on valid set: 
 Done! (Time: 2309.136523s)
Epoch 5 Complete! Current Validation Loss:     0.1883     0.9240     0.9470     297.6411 @0.3000     LR: 6.31E-04
[[0.442 0.058]
 [0.018 0.482]]

ROC saved to file ./predict/maxdim3_nobj126_lr1e-3_1e-7_lrdecay-exp_pt550-650_nepoch_100_data100_run5.epoch5.valid_ROC.csv

Saving predictions to file: ./model/maxdim3_nobj126_lr1e-3_1e-7_lrdecay-exp_pt550-650_nepoch_100_data100_run5.epoch5.valid.pt
Epoch 5 complete!
Starting Epoch: 6
Epoch 6 Complete! Current Training Loss:     0.1848     0.9257     0.9477     286.0288 @0.3000     LR: 5.75E-04
[[0.454 0.046]
 [0.028 0.472]]

ROC saved to file ./predict/maxdim3_nobj126_lr1e-3_1e-7_lrdecay-exp_pt550-650_nepoch_100_data100_run5.epoch6.train_ROC.csv

Saving predictions to file: ./model/maxdim3_nobj126_lr1e-3_1e-7_lrdecay-exp_pt550-650_nepoch_100_data100_run5.epoch6.train.pt
Saving model to checkpoint file: ./model/maxdim3_nobj126_lr1e-3_1e-7_lrdecay-exp_pt550-650_nepoch_100_data100_run5.pt
Starting testing on valid set: 
 Done! (Time: 2330.629085s)
Epoch 6 Complete! Current Validation Loss:     0.1847     0.9256     0.9595     375.2384 @0.3000     LR: 5.75E-04
[[0.459 0.041]
 [0.034 0.466]]

ROC saved to file ./predict/maxdim3_nobj126_lr1e-3_1e-7_lrdecay-exp_pt550-650_nepoch_100_data100_run5.epoch6.valid_ROC.csv

Saving predictions to file: ./model/maxdim3_nobj126_lr1e-3_1e-7_lrdecay-exp_pt550-650_nepoch_100_data100_run5.epoch6.valid.pt
Lowest loss achieved! Saving best model to file: ./model/maxdim3_nobj126_lr1e-3_1e-7_lrdecay-exp_pt550-650_nepoch_100_data100_run5_best.pt
Epoch 6 complete!
Starting Epoch: 7
Epoch 7 Complete! Current Training Loss:     0.1841     0.9258     0.9501     284.8180 @0.3000     LR: 5.25E-04
[[0.454 0.046]
 [0.028 0.472]]

ROC saved to file ./predict/maxdim3_nobj126_lr1e-3_1e-7_lrdecay-exp_pt550-650_nepoch_100_data100_run5.epoch7.train_ROC.csv

Saving predictions to file: ./model/maxdim3_nobj126_lr1e-3_1e-7_lrdecay-exp_pt550-650_nepoch_100_data100_run5.epoch7.train.pt
Saving model to checkpoint file: ./model/maxdim3_nobj126_lr1e-3_1e-7_lrdecay-exp_pt550-650_nepoch_100_data100_run5.pt
Starting testing on valid set: 
 Done! (Time: 2329.202434s)
Epoch 7 Complete! Current Validation Loss:     0.1853     0.9251     0.9486     281.8224 @0.3001     LR: 5.25E-04
[[0.449 0.051]
 [0.023 0.477]]

ROC saved to file ./predict/maxdim3_nobj126_lr1e-3_1e-7_lrdecay-exp_pt550-650_nepoch_100_data100_run5.epoch7.valid_ROC.csv

Saving predictions to file: ./model/maxdim3_nobj126_lr1e-3_1e-7_lrdecay-exp_pt550-650_nepoch_100_data100_run5.epoch7.valid.pt
Epoch 7 complete!
Starting Epoch: 8
Epoch 8 Complete! Current Training Loss:     0.1836     0.9261     0.9538     311.8038 @0.3000     LR: 4.79E-04
[[0.454 0.046]
 [0.028 0.472]]

ROC saved to file ./predict/maxdim3_nobj126_lr1e-3_1e-7_lrdecay-exp_pt550-650_nepoch_100_data100_run5.epoch8.train_ROC.csv

Saving predictions to file: ./model/maxdim3_nobj126_lr1e-3_1e-7_lrdecay-exp_pt550-650_nepoch_100_data100_run5.epoch8.train.pt
Saving model to checkpoint file: ./model/maxdim3_nobj126_lr1e-3_1e-7_lrdecay-exp_pt550-650_nepoch_100_data100_run5.pt
Starting testing on valid set: 
 Done! (Time: 2304.17824s)
Epoch 8 Complete! Current Validation Loss:     0.1830     0.9263     0.9510     364.3816 @0.3002     LR: 4.79E-04
[[0.456 0.044]
 [0.029 0.471]]

ROC saved to file ./predict/maxdim3_nobj126_lr1e-3_1e-7_lrdecay-exp_pt550-650_nepoch_100_data100_run5.epoch8.valid_ROC.csv

Saving predictions to file: ./model/maxdim3_nobj126_lr1e-3_1e-7_lrdecay-exp_pt550-650_nepoch_100_data100_run5.epoch8.valid.pt
Lowest loss achieved! Saving best model to file: ./model/maxdim3_nobj126_lr1e-3_1e-7_lrdecay-exp_pt550-650_nepoch_100_data100_run5_best.pt
Epoch 8 complete!
Starting Epoch: 9
Epoch 9 Complete! Current Training Loss:     0.1831     0.9264     0.9572     330.1652 @0.3000     LR: 4.37E-04
[[0.454 0.046]
 [0.028 0.472]]

ROC saved to file ./predict/maxdim3_nobj126_lr1e-3_1e-7_lrdecay-exp_pt550-650_nepoch_100_data100_run5.epoch9.train_ROC.csv

Saving predictions to file: ./model/maxdim3_nobj126_lr1e-3_1e-7_lrdecay-exp_pt550-650_nepoch_100_data100_run5.epoch9.train.pt
Saving model to checkpoint file: ./model/maxdim3_nobj126_lr1e-3_1e-7_lrdecay-exp_pt550-650_nepoch_100_data100_run5.pt
Starting testing on valid set: 
 Done! (Time: 2361.534523s)
Epoch 9 Complete! Current Validation Loss:     0.1836     0.9262     0.9647     387.5058 @0.2999     LR: 4.37E-04
[[0.457 0.043]
 [0.031 0.469]]

ROC saved to file ./predict/maxdim3_nobj126_lr1e-3_1e-7_lrdecay-exp_pt550-650_nepoch_100_data100_run5.epoch9.valid_ROC.csv

Saving predictions to file: ./model/maxdim3_nobj126_lr1e-3_1e-7_lrdecay-exp_pt550-650_nepoch_100_data100_run5.epoch9.valid.pt
Epoch 9 complete!
Starting Epoch: 10
Epoch 10 Complete! Current Training Loss:     0.1827     0.9266     0.9592     355.3539 @0.3000     LR: 3.98E-04
[[0.454 0.046]
 [0.027 0.472]]

ROC saved to file ./predict/maxdim3_nobj126_lr1e-3_1e-7_lrdecay-exp_pt550-650_nepoch_100_data100_run5.epoch10.train_ROC.csv

Saving predictions to file: ./model/maxdim3_nobj126_lr1e-3_1e-7_lrdecay-exp_pt550-650_nepoch_100_data100_run5.epoch10.train.pt
Saving model to checkpoint file: ./model/maxdim3_nobj126_lr1e-3_1e-7_lrdecay-exp_pt550-650_nepoch_100_data100_run5.pt
Starting testing on valid set: 
 Done! (Time: 2338.594437s)
Epoch 10 Complete! Current Validation Loss:     0.1858     0.9245     0.9577     377.3464 @0.3001     LR: 3.98E-04
[[0.462 0.038]
 [0.038 0.462]]

ROC saved to file ./predict/maxdim3_nobj126_lr1e-3_1e-7_lrdecay-exp_pt550-650_nepoch_100_data100_run5.epoch10.valid_ROC.csv

Saving predictions to file: ./model/maxdim3_nobj126_lr1e-3_1e-7_lrdecay-exp_pt550-650_nepoch_100_data100_run5.epoch10.valid.pt
Epoch 10 complete!
Starting Epoch: 11
Epoch 11 Complete! Current Training Loss:     0.1823     0.9265     0.9600     364.3339 @0.3000     LR: 3.63E-04
[[0.454 0.046]
 [0.028 0.472]]

ROC saved to file ./predict/maxdim3_nobj126_lr1e-3_1e-7_lrdecay-exp_pt550-650_nepoch_100_data100_run5.epoch11.train_ROC.csv

Saving predictions to file: ./model/maxdim3_nobj126_lr1e-3_1e-7_lrdecay-exp_pt550-650_nepoch_100_data100_run5.epoch11.train.pt
Saving model to checkpoint file: ./model/maxdim3_nobj126_lr1e-3_1e-7_lrdecay-exp_pt550-650_nepoch_100_data100_run5.pt
Starting testing on valid set: 
 Done! (Time: 2310.829478s)
Epoch 11 Complete! Current Validation Loss:     0.1824     0.9264     0.9558     339.2306 @0.3000     LR: 3.63E-04
[[0.454 0.046]
 [0.028 0.472]]

ROC saved to file ./predict/maxdim3_nobj126_lr1e-3_1e-7_lrdecay-exp_pt550-650_nepoch_100_data100_run5.epoch11.valid_ROC.csv

Saving predictions to file: ./model/maxdim3_nobj126_lr1e-3_1e-7_lrdecay-exp_pt550-650_nepoch_100_data100_run5.epoch11.valid.pt
Lowest loss achieved! Saving best model to file: ./model/maxdim3_nobj126_lr1e-3_1e-7_lrdecay-exp_pt550-650_nepoch_100_data100_run5_best.pt
Epoch 11 complete!
Starting Epoch: 12
Epoch 12 Complete! Current Training Loss:     0.1819     0.9268     0.9603     380.1149 @0.3000     LR: 3.31E-04
[[0.454 0.046]
 [0.028 0.472]]

ROC saved to file ./predict/maxdim3_nobj126_lr1e-3_1e-7_lrdecay-exp_pt550-650_nepoch_100_data100_run5.epoch12.train_ROC.csv

Saving predictions to file: ./model/maxdim3_nobj126_lr1e-3_1e-7_lrdecay-exp_pt550-650_nepoch_100_data100_run5.epoch12.train.pt
Saving model to checkpoint file: ./model/maxdim3_nobj126_lr1e-3_1e-7_lrdecay-exp_pt550-650_nepoch_100_data100_run5.pt
Starting testing on valid set: 
 Done! (Time: 2588.239613s)
Epoch 12 Complete! Current Validation Loss:     0.1830     0.9267     0.9597     365.0417 @0.3000     LR: 3.31E-04
[[0.458 0.042]
 [0.031 0.469]]

ROC saved to file ./predict/maxdim3_nobj126_lr1e-3_1e-7_lrdecay-exp_pt550-650_nepoch_100_data100_run5.epoch12.valid_ROC.csv

Saving predictions to file: ./model/maxdim3_nobj126_lr1e-3_1e-7_lrdecay-exp_pt550-650_nepoch_100_data100_run5.epoch12.valid.pt
Epoch 12 complete!
Starting Epoch: 13
Epoch 13 Complete! Current Training Loss:     0.1816     0.9268     0.9610     375.6346 @0.3000     LR: 3.02E-04
[[0.454 0.046]
 [0.028 0.472]]

ROC saved to file ./predict/maxdim3_nobj126_lr1e-3_1e-7_lrdecay-exp_pt550-650_nepoch_100_data100_run5.epoch13.train_ROC.csv

Saving predictions to file: ./model/maxdim3_nobj126_lr1e-3_1e-7_lrdecay-exp_pt550-650_nepoch_100_data100_run5.epoch13.train.pt
Saving model to checkpoint file: ./model/maxdim3_nobj126_lr1e-3_1e-7_lrdecay-exp_pt550-650_nepoch_100_data100_run5.pt
Starting testing on valid set: 
 Done! (Time: 2328.035437s)
Epoch 13 Complete! Current Validation Loss:     0.1829     0.9264     0.9468     274.1537 @0.2998     LR: 3.02E-04
[[0.453 0.047]
 [0.027 0.473]]

ROC saved to file ./predict/maxdim3_nobj126_lr1e-3_1e-7_lrdecay-exp_pt550-650_nepoch_100_data100_run5.epoch13.valid_ROC.csv

Saving predictions to file: ./model/maxdim3_nobj126_lr1e-3_1e-7_lrdecay-exp_pt550-650_nepoch_100_data100_run5.epoch13.valid.pt
Epoch 13 complete!
Starting Epoch: 14
Epoch 14 Complete! Current Training Loss:     0.1813     0.9270     0.9613     370.8040 @0.3000     LR: 2.75E-04
[[0.455 0.045]
 [0.028 0.472]]

ROC saved to file ./predict/maxdim3_nobj126_lr1e-3_1e-7_lrdecay-exp_pt550-650_nepoch_100_data100_run5.epoch14.train_ROC.csv

Saving predictions to file: ./model/maxdim3_nobj126_lr1e-3_1e-7_lrdecay-exp_pt550-650_nepoch_100_data100_run5.epoch14.train.pt
Saving model to checkpoint file: ./model/maxdim3_nobj126_lr1e-3_1e-7_lrdecay-exp_pt550-650_nepoch_100_data100_run5.pt
Starting testing on valid set: 
 Done! (Time: 2398.944128s)
Epoch 14 Complete! Current Validation Loss:     0.1844     0.9255     0.9634     352.2780 @0.3001     LR: 2.75E-04
[[0.445 0.055]
 [0.019 0.481]]

ROC saved to file ./predict/maxdim3_nobj126_lr1e-3_1e-7_lrdecay-exp_pt550-650_nepoch_100_data100_run5.epoch14.valid_ROC.csv

Saving predictions to file: ./model/maxdim3_nobj126_lr1e-3_1e-7_lrdecay-exp_pt550-650_nepoch_100_data100_run5.epoch14.valid.pt
Epoch 14 complete!
Starting Epoch: 15
Epoch 15 Complete! Current Training Loss:     0.1810     0.9272     0.9628     370.1241 @0.3000     LR: 2.51E-04
[[0.455 0.045]
 [0.027 0.473]]

ROC saved to file ./predict/maxdim3_nobj126_lr1e-3_1e-7_lrdecay-exp_pt550-650_nepoch_100_data100_run5.epoch15.train_ROC.csv

Saving predictions to file: ./model/maxdim3_nobj126_lr1e-3_1e-7_lrdecay-exp_pt550-650_nepoch_100_data100_run5.epoch15.train.pt
Saving model to checkpoint file: ./model/maxdim3_nobj126_lr1e-3_1e-7_lrdecay-exp_pt550-650_nepoch_100_data100_run5.pt
Starting testing on valid set: 
 Done! (Time: 2337.415586s)
Epoch 15 Complete! Current Validation Loss:     0.1812     0.9270     0.9624     382.3586 @0.2999     LR: 2.51E-04
[[0.456 0.044]
 [0.029 0.471]]

ROC saved to file ./predict/maxdim3_nobj126_lr1e-3_1e-7_lrdecay-exp_pt550-650_nepoch_100_data100_run5.epoch15.valid_ROC.csv

Saving predictions to file: ./model/maxdim3_nobj126_lr1e-3_1e-7_lrdecay-exp_pt550-650_nepoch_100_data100_run5.epoch15.valid.pt
Lowest loss achieved! Saving best model to file: ./model/maxdim3_nobj126_lr1e-3_1e-7_lrdecay-exp_pt550-650_nepoch_100_data100_run5_best.pt
Epoch 15 complete!
Starting Epoch: 16
Epoch 16 Complete! Current Training Loss:     0.1807     0.9273     0.9630     386.4218 @0.3000     LR: 2.29E-04
[[0.455 0.045]
 [0.027 0.473]]

ROC saved to file ./predict/maxdim3_nobj126_lr1e-3_1e-7_lrdecay-exp_pt550-650_nepoch_100_data100_run5.epoch16.train_ROC.csv

Saving predictions to file: ./model/maxdim3_nobj126_lr1e-3_1e-7_lrdecay-exp_pt550-650_nepoch_100_data100_run5.epoch16.train.pt
Saving model to checkpoint file: ./model/maxdim3_nobj126_lr1e-3_1e-7_lrdecay-exp_pt550-650_nepoch_100_data100_run5.pt
Starting testing on valid set: 
 Done! (Time: 2310.490088s)
Epoch 16 Complete! Current Validation Loss:     0.1821     0.9267     0.9579     354.1353 @0.3001     LR: 2.29E-04
[[0.458 0.042]
 [0.031 0.469]]

ROC saved to file ./predict/maxdim3_nobj126_lr1e-3_1e-7_lrdecay-exp_pt550-650_nepoch_100_data100_run5.epoch16.valid_ROC.csv

Saving predictions to file: ./model/maxdim3_nobj126_lr1e-3_1e-7_lrdecay-exp_pt550-650_nepoch_100_data100_run5.epoch16.valid.pt
Epoch 16 complete!
Starting Epoch: 17
Epoch 17 Complete! Current Training Loss:     0.1805     0.9273     0.9639     396.5442 @0.3000     LR: 2.09E-04
[[0.455 0.045]
 [0.027 0.473]]

ROC saved to file ./predict/maxdim3_nobj126_lr1e-3_1e-7_lrdecay-exp_pt550-650_nepoch_100_data100_run5.epoch17.train_ROC.csv

Saving predictions to file: ./model/maxdim3_nobj126_lr1e-3_1e-7_lrdecay-exp_pt550-650_nepoch_100_data100_run5.epoch17.train.pt
Saving model to checkpoint file: ./model/maxdim3_nobj126_lr1e-3_1e-7_lrdecay-exp_pt550-650_nepoch_100_data100_run5.pt
Starting testing on valid set: 
 Done! (Time: 2331.747879s)
Epoch 17 Complete! Current Validation Loss:     0.1827     0.9263     0.9635     371.7768 @0.2999     LR: 2.09E-04
[[0.458 0.042]
 [0.032 0.468]]

ROC saved to file ./predict/maxdim3_nobj126_lr1e-3_1e-7_lrdecay-exp_pt550-650_nepoch_100_data100_run5.epoch17.valid_ROC.csv

Saving predictions to file: ./model/maxdim3_nobj126_lr1e-3_1e-7_lrdecay-exp_pt550-650_nepoch_100_data100_run5.epoch17.valid.pt
Epoch 17 complete!
Starting Epoch: 18
Epoch 18 Complete! Current Training Loss:     0.1802     0.9275     0.9637     383.2424 @0.3000     LR: 1.91E-04
[[0.455 0.045]
 [0.027 0.473]]

ROC saved to file ./predict/maxdim3_nobj126_lr1e-3_1e-7_lrdecay-exp_pt550-650_nepoch_100_data100_run5.epoch18.train_ROC.csv

Saving predictions to file: ./model/maxdim3_nobj126_lr1e-3_1e-7_lrdecay-exp_pt550-650_nepoch_100_data100_run5.epoch18.train.pt
Saving model to checkpoint file: ./model/maxdim3_nobj126_lr1e-3_1e-7_lrdecay-exp_pt550-650_nepoch_100_data100_run5.pt
Starting testing on valid set: 
 Done! (Time: 2331.427044s)
Epoch 18 Complete! Current Validation Loss:     0.1827     0.9266     0.9621     397.4418 @0.3000     LR: 1.91E-04
[[0.45  0.05 ]
 [0.024 0.476]]

ROC saved to file ./predict/maxdim3_nobj126_lr1e-3_1e-7_lrdecay-exp_pt550-650_nepoch_100_data100_run5.epoch18.valid_ROC.csv

Saving predictions to file: ./model/maxdim3_nobj126_lr1e-3_1e-7_lrdecay-exp_pt550-650_nepoch_100_data100_run5.epoch18.valid.pt
Epoch 18 complete!
Starting Epoch: 19
Epoch 19 Complete! Current Training Loss:     0.1800     0.9276     0.9614     365.8749 @0.3000     LR: 1.74E-04
[[0.455 0.045]
 [0.027 0.473]]

ROC saved to file ./predict/maxdim3_nobj126_lr1e-3_1e-7_lrdecay-exp_pt550-650_nepoch_100_data100_run5.epoch19.train_ROC.csv

Saving predictions to file: ./model/maxdim3_nobj126_lr1e-3_1e-7_lrdecay-exp_pt550-650_nepoch_100_data100_run5.epoch19.train.pt
Saving model to checkpoint file: ./model/maxdim3_nobj126_lr1e-3_1e-7_lrdecay-exp_pt550-650_nepoch_100_data100_run5.pt
Starting testing on valid set: 
 Done! (Time: 2329.710887s)
Epoch 19 Complete! Current Validation Loss:     0.1802     0.9274     0.9644     420.6743 @0.2998     LR: 1.74E-04
[[0.454 0.046]
 [0.027 0.473]]

ROC saved to file ./predict/maxdim3_nobj126_lr1e-3_1e-7_lrdecay-exp_pt550-650_nepoch_100_data100_run5.epoch19.valid_ROC.csv

Saving predictions to file: ./model/maxdim3_nobj126_lr1e-3_1e-7_lrdecay-exp_pt550-650_nepoch_100_data100_run5.epoch19.valid.pt
Lowest loss achieved! Saving best model to file: ./model/maxdim3_nobj126_lr1e-3_1e-7_lrdecay-exp_pt550-650_nepoch_100_data100_run5_best.pt
Epoch 19 complete!
Starting Epoch: 20
Epoch 20 Complete! Current Training Loss:     0.1798     0.9277     0.9639     401.2744 @0.3000     LR: 1.59E-04
[[0.455 0.045]
 [0.027 0.473]]

ROC saved to file ./predict/maxdim3_nobj126_lr1e-3_1e-7_lrdecay-exp_pt550-650_nepoch_100_data100_run5.epoch20.train_ROC.csv

Saving predictions to file: ./model/maxdim3_nobj126_lr1e-3_1e-7_lrdecay-exp_pt550-650_nepoch_100_data100_run5.epoch20.train.pt
Saving model to checkpoint file: ./model/maxdim3_nobj126_lr1e-3_1e-7_lrdecay-exp_pt550-650_nepoch_100_data100_run5.pt
Starting testing on valid set: 
 Done! (Time: 2318.622361s)
Epoch 20 Complete! Current Validation Loss:     0.1805     0.9274     0.9633     415.4701 @0.3000     LR: 1.59E-04
[[0.458 0.042]
 [0.031 0.469]]

ROC saved to file ./predict/maxdim3_nobj126_lr1e-3_1e-7_lrdecay-exp_pt550-650_nepoch_100_data100_run5.epoch20.valid_ROC.csv

Saving predictions to file: ./model/maxdim3_nobj126_lr1e-3_1e-7_lrdecay-exp_pt550-650_nepoch_100_data100_run5.epoch20.valid.pt
Epoch 20 complete!
Starting Epoch: 21
Epoch 21 Complete! Current Training Loss:     0.1796     0.9277     0.9630     423.1468 @0.3000     LR: 1.45E-04
[[0.455 0.045]
 [0.027 0.473]]

ROC saved to file ./predict/maxdim3_nobj126_lr1e-3_1e-7_lrdecay-exp_pt550-650_nepoch_100_data100_run5.epoch21.train_ROC.csv

Saving predictions to file: ./model/maxdim3_nobj126_lr1e-3_1e-7_lrdecay-exp_pt550-650_nepoch_100_data100_run5.epoch21.train.pt
Saving model to checkpoint file: ./model/maxdim3_nobj126_lr1e-3_1e-7_lrdecay-exp_pt550-650_nepoch_100_data100_run5.pt
Starting testing on valid set: 
 Done! (Time: 2314.481875s)
Epoch 21 Complete! Current Validation Loss:     0.1821     0.9270     0.9682     434.2737 @0.2998     LR: 1.45E-04
[[0.449 0.051]
 [0.022 0.478]]

ROC saved to file ./predict/maxdim3_nobj126_lr1e-3_1e-7_lrdecay-exp_pt550-650_nepoch_100_data100_run5.epoch21.valid_ROC.csv

Saving predictions to file: ./model/maxdim3_nobj126_lr1e-3_1e-7_lrdecay-exp_pt550-650_nepoch_100_data100_run5.epoch21.valid.pt
Epoch 21 complete!
Starting Epoch: 22
Epoch 22 Complete! Current Training Loss:     0.1794     0.9276     0.9639     410.5241 @0.3000     LR: 1.32E-04
[[0.455 0.045]
 [0.027 0.473]]

ROC saved to file ./predict/maxdim3_nobj126_lr1e-3_1e-7_lrdecay-exp_pt550-650_nepoch_100_data100_run5.epoch22.train_ROC.csv

Saving predictions to file: ./model/maxdim3_nobj126_lr1e-3_1e-7_lrdecay-exp_pt550-650_nepoch_100_data100_run5.epoch22.train.pt
Saving model to checkpoint file: ./model/maxdim3_nobj126_lr1e-3_1e-7_lrdecay-exp_pt550-650_nepoch_100_data100_run5.pt
Starting testing on valid set: 
 Done! (Time: 2326.185966s)
Epoch 22 Complete! Current Validation Loss:     0.1829     0.9258     0.9663     440.9256 @0.2999     LR: 1.32E-04
[[0.461 0.039]
 [0.035 0.465]]

ROC saved to file ./predict/maxdim3_nobj126_lr1e-3_1e-7_lrdecay-exp_pt550-650_nepoch_100_data100_run5.epoch22.valid_ROC.csv

Saving predictions to file: ./model/maxdim3_nobj126_lr1e-3_1e-7_lrdecay-exp_pt550-650_nepoch_100_data100_run5.epoch22.valid.pt
Epoch 22 complete!
Starting Epoch: 23
Epoch 23 Complete! Current Training Loss:     0.1792     0.9279     0.9640     416.7398 @0.3000     LR: 1.20E-04
[[0.455 0.045]
 [0.027 0.473]]

ROC saved to file ./predict/maxdim3_nobj126_lr1e-3_1e-7_lrdecay-exp_pt550-650_nepoch_100_data100_run5.epoch23.train_ROC.csv

Saving predictions to file: ./model/maxdim3_nobj126_lr1e-3_1e-7_lrdecay-exp_pt550-650_nepoch_100_data100_run5.epoch23.train.pt
Saving model to checkpoint file: ./model/maxdim3_nobj126_lr1e-3_1e-7_lrdecay-exp_pt550-650_nepoch_100_data100_run5.pt
Starting testing on valid set: 
 Done! (Time: 2319.757156s)
Epoch 23 Complete! Current Validation Loss:     0.1800     0.9276     0.9641     398.2273 @0.3000     LR: 1.20E-04
[[0.455 0.045]
 [0.027 0.473]]

ROC saved to file ./predict/maxdim3_nobj126_lr1e-3_1e-7_lrdecay-exp_pt550-650_nepoch_100_data100_run5.epoch23.valid_ROC.csv

Saving predictions to file: ./model/maxdim3_nobj126_lr1e-3_1e-7_lrdecay-exp_pt550-650_nepoch_100_data100_run5.epoch23.valid.pt
Lowest loss achieved! Saving best model to file: ./model/maxdim3_nobj126_lr1e-3_1e-7_lrdecay-exp_pt550-650_nepoch_100_data100_run5_best.pt
Epoch 23 complete!
Starting Epoch: 24
Epoch 24 Complete! Current Training Loss:     0.1791     0.9279     0.9640     433.4452 @0.3000     LR: 1.10E-04
[[0.455 0.045]
 [0.027 0.473]]

ROC saved to file ./predict/maxdim3_nobj126_lr1e-3_1e-7_lrdecay-exp_pt550-650_nepoch_100_data100_run5.epoch24.train_ROC.csv

Saving predictions to file: ./model/maxdim3_nobj126_lr1e-3_1e-7_lrdecay-exp_pt550-650_nepoch_100_data100_run5.epoch24.train.pt
Saving model to checkpoint file: ./model/maxdim3_nobj126_lr1e-3_1e-7_lrdecay-exp_pt550-650_nepoch_100_data100_run5.pt
Starting testing on valid set: 
 Done! (Time: 2333.084726s)
Epoch 24 Complete! Current Validation Loss:     0.1814     0.9270     0.9608     399.8075 @0.3001     LR: 1.10E-04
[[0.46  0.04 ]
 [0.033 0.467]]

ROC saved to file ./predict/maxdim3_nobj126_lr1e-3_1e-7_lrdecay-exp_pt550-650_nepoch_100_data100_run5.epoch24.valid_ROC.csv

Saving predictions to file: ./model/maxdim3_nobj126_lr1e-3_1e-7_lrdecay-exp_pt550-650_nepoch_100_data100_run5.epoch24.valid.pt
Epoch 24 complete!
Starting Epoch: 25
Epoch 25 Complete! Current Training Loss:     0.1789     0.9280     0.9624     430.3646 @0.3000     LR: 1.00E-04
[[0.455 0.045]
 [0.027 0.473]]

ROC saved to file ./predict/maxdim3_nobj126_lr1e-3_1e-7_lrdecay-exp_pt550-650_nepoch_100_data100_run5.epoch25.train_ROC.csv

Saving predictions to file: ./model/maxdim3_nobj126_lr1e-3_1e-7_lrdecay-exp_pt550-650_nepoch_100_data100_run5.epoch25.train.pt
Saving model to checkpoint file: ./model/maxdim3_nobj126_lr1e-3_1e-7_lrdecay-exp_pt550-650_nepoch_100_data100_run5.pt
Starting testing on valid set: 
 Done! (Time: 2338.022652s)
Epoch 25 Complete! Current Validation Loss:     0.1799     0.9277     0.9638     425.1118 @0.3001     LR: 1.00E-04
[[0.455 0.045]
 [0.027 0.473]]

ROC saved to file ./predict/maxdim3_nobj126_lr1e-3_1e-7_lrdecay-exp_pt550-650_nepoch_100_data100_run5.epoch25.valid_ROC.csv

Saving predictions to file: ./model/maxdim3_nobj126_lr1e-3_1e-7_lrdecay-exp_pt550-650_nepoch_100_data100_run5.epoch25.valid.pt
Lowest loss achieved! Saving best model to file: ./model/maxdim3_nobj126_lr1e-3_1e-7_lrdecay-exp_pt550-650_nepoch_100_data100_run5_best.pt
Epoch 25 complete!
Starting Epoch: 26
Epoch 26 Complete! Current Training Loss:     0.1788     0.9280     0.9625     430.0589 @0.3000     LR: 9.12E-05
[[0.455 0.045]
 [0.027 0.473]]

ROC saved to file ./predict/maxdim3_nobj126_lr1e-3_1e-7_lrdecay-exp_pt550-650_nepoch_100_data100_run5.epoch26.train_ROC.csv

Saving predictions to file: ./model/maxdim3_nobj126_lr1e-3_1e-7_lrdecay-exp_pt550-650_nepoch_100_data100_run5.epoch26.train.pt
Saving model to checkpoint file: ./model/maxdim3_nobj126_lr1e-3_1e-7_lrdecay-exp_pt550-650_nepoch_100_data100_run5.pt
Starting testing on valid set: 
 Done! (Time: 2345.44088s)
Epoch 26 Complete! Current Validation Loss:     0.1801     0.9274     0.9621     412.9160 @0.3000     LR: 9.12E-05
[[0.452 0.048]
 [0.024 0.476]]

ROC saved to file ./predict/maxdim3_nobj126_lr1e-3_1e-7_lrdecay-exp_pt550-650_nepoch_100_data100_run5.epoch26.valid_ROC.csv

Saving predictions to file: ./model/maxdim3_nobj126_lr1e-3_1e-7_lrdecay-exp_pt550-650_nepoch_100_data100_run5.epoch26.valid.pt
Epoch 26 complete!
Starting Epoch: 27
Epoch 27 Complete! Current Training Loss:     0.1786     0.9282     0.9622     420.2103 @0.3000     LR: 8.32E-05
[[0.455 0.045]
 [0.027 0.473]]

ROC saved to file ./predict/maxdim3_nobj126_lr1e-3_1e-7_lrdecay-exp_pt550-650_nepoch_100_data100_run5.epoch27.train_ROC.csv

Saving predictions to file: ./model/maxdim3_nobj126_lr1e-3_1e-7_lrdecay-exp_pt550-650_nepoch_100_data100_run5.epoch27.train.pt
Saving model to checkpoint file: ./model/maxdim3_nobj126_lr1e-3_1e-7_lrdecay-exp_pt550-650_nepoch_100_data100_run5.pt
Starting testing on valid set: 
 Done! (Time: 2321.606082s)
Epoch 27 Complete! Current Validation Loss:     0.1803     0.9275     0.9630     412.0716 @0.3003     LR: 8.32E-05
[[0.45  0.05 ]
 [0.023 0.477]]

ROC saved to file ./predict/maxdim3_nobj126_lr1e-3_1e-7_lrdecay-exp_pt550-650_nepoch_100_data100_run5.epoch27.valid_ROC.csv

Saving predictions to file: ./model/maxdim3_nobj126_lr1e-3_1e-7_lrdecay-exp_pt550-650_nepoch_100_data100_run5.epoch27.valid.pt
Epoch 27 complete!
Starting Epoch: 28
Epoch 28 Complete! Current Training Loss:     0.1785     0.9282     0.9627     433.1352 @0.3000     LR: 7.59E-05
[[0.455 0.045]
 [0.027 0.473]]

ROC saved to file ./predict/maxdim3_nobj126_lr1e-3_1e-7_lrdecay-exp_pt550-650_nepoch_100_data100_run5.epoch28.train_ROC.csv

Saving predictions to file: ./model/maxdim3_nobj126_lr1e-3_1e-7_lrdecay-exp_pt550-650_nepoch_100_data100_run5.epoch28.train.pt
Saving model to checkpoint file: ./model/maxdim3_nobj126_lr1e-3_1e-7_lrdecay-exp_pt550-650_nepoch_100_data100_run5.pt
Starting testing on valid set: 
 Done! (Time: 2316.992531s)
Epoch 28 Complete! Current Validation Loss:     0.1793     0.9277     0.9664     465.3649 @0.3001     LR: 7.59E-05
[[0.457 0.043]
 [0.029 0.471]]

ROC saved to file ./predict/maxdim3_nobj126_lr1e-3_1e-7_lrdecay-exp_pt550-650_nepoch_100_data100_run5.epoch28.valid_ROC.csv

Saving predictions to file: ./model/maxdim3_nobj126_lr1e-3_1e-7_lrdecay-exp_pt550-650_nepoch_100_data100_run5.epoch28.valid.pt
Lowest loss achieved! Saving best model to file: ./model/maxdim3_nobj126_lr1e-3_1e-7_lrdecay-exp_pt550-650_nepoch_100_data100_run5_best.pt
Epoch 28 complete!
Starting Epoch: 29
Epoch 29 Complete! Current Training Loss:     0.1783     0.9282     0.9626     432.2077 @0.3000     LR: 6.92E-05
[[0.455 0.045]
 [0.027 0.473]]

ROC saved to file ./predict/maxdim3_nobj126_lr1e-3_1e-7_lrdecay-exp_pt550-650_nepoch_100_data100_run5.epoch29.train_ROC.csv

Saving predictions to file: ./model/maxdim3_nobj126_lr1e-3_1e-7_lrdecay-exp_pt550-650_nepoch_100_data100_run5.epoch29.train.pt
Saving model to checkpoint file: ./model/maxdim3_nobj126_lr1e-3_1e-7_lrdecay-exp_pt550-650_nepoch_100_data100_run5.pt
Starting testing on valid set: 
 Done! (Time: 2324.060124s)
Epoch 29 Complete! Current Validation Loss:     0.1798     0.9278     0.9635     436.1537 @0.2997     LR: 6.92E-05
[[0.452 0.048]
 [0.025 0.475]]

ROC saved to file ./predict/maxdim3_nobj126_lr1e-3_1e-7_lrdecay-exp_pt550-650_nepoch_100_data100_run5.epoch29.valid_ROC.csv

Saving predictions to file: ./model/maxdim3_nobj126_lr1e-3_1e-7_lrdecay-exp_pt550-650_nepoch_100_data100_run5.epoch29.valid.pt
Epoch 29 complete!
Starting Epoch: 30
Epoch 30 Complete! Current Training Loss:     0.1782     0.9283     0.9616     431.5916 @0.3000     LR: 6.31E-05
[[0.455 0.045]
 [0.027 0.473]]

ROC saved to file ./predict/maxdim3_nobj126_lr1e-3_1e-7_lrdecay-exp_pt550-650_nepoch_100_data100_run5.epoch30.train_ROC.csv

Saving predictions to file: ./model/maxdim3_nobj126_lr1e-3_1e-7_lrdecay-exp_pt550-650_nepoch_100_data100_run5.epoch30.train.pt
Saving model to checkpoint file: ./model/maxdim3_nobj126_lr1e-3_1e-7_lrdecay-exp_pt550-650_nepoch_100_data100_run5.pt
Starting testing on valid set: 
 Done! (Time: 2369.843697s)
Epoch 30 Complete! Current Validation Loss:     0.1793     0.9278     0.9635     442.8637 @0.3000     LR: 6.31E-05
[[0.454 0.046]
 [0.026 0.474]]

ROC saved to file ./predict/maxdim3_nobj126_lr1e-3_1e-7_lrdecay-exp_pt550-650_nepoch_100_data100_run5.epoch30.valid_ROC.csv

Saving predictions to file: ./model/maxdim3_nobj126_lr1e-3_1e-7_lrdecay-exp_pt550-650_nepoch_100_data100_run5.epoch30.valid.pt
Lowest loss achieved! Saving best model to file: ./model/maxdim3_nobj126_lr1e-3_1e-7_lrdecay-exp_pt550-650_nepoch_100_data100_run5_best.pt
Epoch 30 complete!
Starting Epoch: 31
Epoch 31 Complete! Current Training Loss:     0.1781     0.9284     0.9616     434.3780 @0.3000     LR: 5.76E-05
[[0.456 0.044]
 [0.027 0.473]]

ROC saved to file ./predict/maxdim3_nobj126_lr1e-3_1e-7_lrdecay-exp_pt550-650_nepoch_100_data100_run5.epoch31.train_ROC.csv

Saving predictions to file: ./model/maxdim3_nobj126_lr1e-3_1e-7_lrdecay-exp_pt550-650_nepoch_100_data100_run5.epoch31.train.pt
Saving model to checkpoint file: ./model/maxdim3_nobj126_lr1e-3_1e-7_lrdecay-exp_pt550-650_nepoch_100_data100_run5.pt
Starting testing on valid set: 
 Done! (Time: 2325.762449s)
Epoch 31 Complete! Current Validation Loss:     0.1810     0.9270     0.9638     436.1537 @0.3000     LR: 5.76E-05
[[0.46  0.04 ]
 [0.033 0.467]]

ROC saved to file ./predict/maxdim3_nobj126_lr1e-3_1e-7_lrdecay-exp_pt550-650_nepoch_100_data100_run5.epoch31.valid_ROC.csv

Saving predictions to file: ./model/maxdim3_nobj126_lr1e-3_1e-7_lrdecay-exp_pt550-650_nepoch_100_data100_run5.epoch31.valid.pt
Epoch 31 complete!
Starting Epoch: 32
Epoch 32 Complete! Current Training Loss:     0.1780     0.9285     0.9613     436.5703 @0.3000     LR: 5.25E-05
[[0.456 0.044]
 [0.027 0.473]]

ROC saved to file ./predict/maxdim3_nobj126_lr1e-3_1e-7_lrdecay-exp_pt550-650_nepoch_100_data100_run5.epoch32.train_ROC.csv

Saving predictions to file: ./model/maxdim3_nobj126_lr1e-3_1e-7_lrdecay-exp_pt550-650_nepoch_100_data100_run5.epoch32.train.pt
Saving model to checkpoint file: ./model/maxdim3_nobj126_lr1e-3_1e-7_lrdecay-exp_pt550-650_nepoch_100_data100_run5.pt
Starting testing on valid set: 
 Done! (Time: 2333.393924s)
Epoch 32 Complete! Current Validation Loss:     0.1788     0.9282     0.9620     434.2737 @0.3000     LR: 5.25E-05
[[0.456 0.044]
 [0.028 0.472]]

ROC saved to file ./predict/maxdim3_nobj126_lr1e-3_1e-7_lrdecay-exp_pt550-650_nepoch_100_data100_run5.epoch32.valid_ROC.csv

Saving predictions to file: ./model/maxdim3_nobj126_lr1e-3_1e-7_lrdecay-exp_pt550-650_nepoch_100_data100_run5.epoch32.valid.pt
Lowest loss achieved! Saving best model to file: ./model/maxdim3_nobj126_lr1e-3_1e-7_lrdecay-exp_pt550-650_nepoch_100_data100_run5_best.pt
Epoch 32 complete!
Starting Epoch: 33
Epoch 33 Complete! Current Training Loss:     0.1779     0.9285     0.9614     439.7407 @0.3000     LR: 4.79E-05
[[0.456 0.044]
 [0.027 0.473]]

ROC saved to file ./predict/maxdim3_nobj126_lr1e-3_1e-7_lrdecay-exp_pt550-650_nepoch_100_data100_run5.epoch33.train_ROC.csv

Saving predictions to file: ./model/maxdim3_nobj126_lr1e-3_1e-7_lrdecay-exp_pt550-650_nepoch_100_data100_run5.epoch33.train.pt
Saving model to checkpoint file: ./model/maxdim3_nobj126_lr1e-3_1e-7_lrdecay-exp_pt550-650_nepoch_100_data100_run5.pt
Starting testing on valid set: 
 Done! (Time: 2423.75843s)
Epoch 33 Complete! Current Validation Loss:     0.1795     0.9277     0.9641     444.8190 @0.3000     LR: 4.79E-05
[[0.459 0.041]
 [0.032 0.468]]

ROC saved to file ./predict/maxdim3_nobj126_lr1e-3_1e-7_lrdecay-exp_pt550-650_nepoch_100_data100_run5.epoch33.valid_ROC.csv

Saving predictions to file: ./model/maxdim3_nobj126_lr1e-3_1e-7_lrdecay-exp_pt550-650_nepoch_100_data100_run5.epoch33.valid.pt
Epoch 33 complete!
Starting Epoch: 34
Epoch 34 Complete! Current Training Loss:     0.1778     0.9285     0.9608     447.2105 @0.3000     LR: 4.37E-05
[[0.456 0.044]
 [0.027 0.473]]

ROC saved to file ./predict/maxdim3_nobj126_lr1e-3_1e-7_lrdecay-exp_pt550-650_nepoch_100_data100_run5.epoch34.train_ROC.csv

Saving predictions to file: ./model/maxdim3_nobj126_lr1e-3_1e-7_lrdecay-exp_pt550-650_nepoch_100_data100_run5.epoch34.train.pt
Saving model to checkpoint file: ./model/maxdim3_nobj126_lr1e-3_1e-7_lrdecay-exp_pt550-650_nepoch_100_data100_run5.pt
Starting testing on valid set: 
 Done! (Time: 2309.874567s)
Epoch 34 Complete! Current Validation Loss:     0.1790     0.9282     0.9607     429.6439 @0.2996     LR: 4.37E-05
[[0.453 0.047]
 [0.024 0.476]]

ROC saved to file ./predict/maxdim3_nobj126_lr1e-3_1e-7_lrdecay-exp_pt550-650_nepoch_100_data100_run5.epoch34.valid_ROC.csv

Saving predictions to file: ./model/maxdim3_nobj126_lr1e-3_1e-7_lrdecay-exp_pt550-650_nepoch_100_data100_run5.epoch34.valid.pt
Epoch 34 complete!
Starting Epoch: 35
Epoch 35 Complete! Current Training Loss:     0.1777     0.9286     0.9603     438.4671 @0.3000     LR: 3.98E-05
[[0.456 0.044]
 [0.027 0.473]]

ROC saved to file ./predict/maxdim3_nobj126_lr1e-3_1e-7_lrdecay-exp_pt550-650_nepoch_100_data100_run5.epoch35.train_ROC.csv

Saving predictions to file: ./model/maxdim3_nobj126_lr1e-3_1e-7_lrdecay-exp_pt550-650_nepoch_100_data100_run5.epoch35.train.pt
Saving model to checkpoint file: ./model/maxdim3_nobj126_lr1e-3_1e-7_lrdecay-exp_pt550-650_nepoch_100_data100_run5.pt
Starting testing on valid set: 
 Done! (Time: 2320.508478s)
Epoch 35 Complete! Current Validation Loss:     0.1800     0.9274     0.9615     445.8031 @0.3000     LR: 3.98E-05
[[0.46  0.04 ]
 [0.033 0.467]]

ROC saved to file ./predict/maxdim3_nobj126_lr1e-3_1e-7_lrdecay-exp_pt550-650_nepoch_100_data100_run5.epoch35.valid_ROC.csv

Saving predictions to file: ./model/maxdim3_nobj126_lr1e-3_1e-7_lrdecay-exp_pt550-650_nepoch_100_data100_run5.epoch35.valid.pt
Epoch 35 complete!
Starting Epoch: 36
Epoch 36 Complete! Current Training Loss:     0.1776     0.9285     0.9601     440.0603 @0.3000     LR: 3.63E-05
[[0.456 0.044]
 [0.027 0.473]]

ROC saved to file ./predict/maxdim3_nobj126_lr1e-3_1e-7_lrdecay-exp_pt550-650_nepoch_100_data100_run5.epoch36.train_ROC.csv

Saving predictions to file: ./model/maxdim3_nobj126_lr1e-3_1e-7_lrdecay-exp_pt550-650_nepoch_100_data100_run5.epoch36.train.pt
Saving model to checkpoint file: ./model/maxdim3_nobj126_lr1e-3_1e-7_lrdecay-exp_pt550-650_nepoch_100_data100_run5.pt
Starting testing on valid set: 
 Done! (Time: 2356.168763s)
Epoch 36 Complete! Current Validation Loss:     0.1788     0.9282     0.9597     426.0106 @0.3000     LR: 3.63E-05
[[0.458 0.042]
 [0.03  0.47 ]]

ROC saved to file ./predict/maxdim3_nobj126_lr1e-3_1e-7_lrdecay-exp_pt550-650_nepoch_100_data100_run5.epoch36.valid_ROC.csv

Saving predictions to file: ./model/maxdim3_nobj126_lr1e-3_1e-7_lrdecay-exp_pt550-650_nepoch_100_data100_run5.epoch36.valid.pt
Epoch 36 complete!
Starting Epoch: 37
Epoch 37 Complete! Current Training Loss:     0.1775     0.9287     0.9606     447.5410 @0.3000     LR: 3.31E-05
[[0.456 0.044]
 [0.027 0.473]]

ROC saved to file ./predict/maxdim3_nobj126_lr1e-3_1e-7_lrdecay-exp_pt550-650_nepoch_100_data100_run5.epoch37.train_ROC.csv

Saving predictions to file: ./model/maxdim3_nobj126_lr1e-3_1e-7_lrdecay-exp_pt550-650_nepoch_100_data100_run5.epoch37.train.pt
Saving model to checkpoint file: ./model/maxdim3_nobj126_lr1e-3_1e-7_lrdecay-exp_pt550-650_nepoch_100_data100_run5.pt
Starting testing on valid set: 
 Done! (Time: 2339.322981s)
Epoch 37 Complete! Current Validation Loss:     0.1789     0.9281     0.9609     440.9256 @0.2997     LR: 3.31E-05
[[0.458 0.042]
 [0.03  0.47 ]]

ROC saved to file ./predict/maxdim3_nobj126_lr1e-3_1e-7_lrdecay-exp_pt550-650_nepoch_100_data100_run5.epoch37.valid_ROC.csv

Saving predictions to file: ./model/maxdim3_nobj126_lr1e-3_1e-7_lrdecay-exp_pt550-650_nepoch_100_data100_run5.epoch37.valid.pt
Epoch 37 complete!
Starting Epoch: 38
Epoch 38 Complete! Current Training Loss:     0.1774     0.9287     0.9598     428.8407 @0.3000     LR: 3.02E-05
[[0.456 0.044]
 [0.027 0.473]]

ROC saved to file ./predict/maxdim3_nobj126_lr1e-3_1e-7_lrdecay-exp_pt550-650_nepoch_100_data100_run5.epoch38.train_ROC.csv

Saving predictions to file: ./model/maxdim3_nobj126_lr1e-3_1e-7_lrdecay-exp_pt550-650_nepoch_100_data100_run5.epoch38.train.pt
Saving model to checkpoint file: ./model/maxdim3_nobj126_lr1e-3_1e-7_lrdecay-exp_pt550-650_nepoch_100_data100_run5.pt
Starting testing on valid set: 
 Done! (Time: 2362.433252s)
Epoch 38 Complete! Current Validation Loss:     0.1784     0.9285     0.9582     405.4386 @0.3000     LR: 3.02E-05
[[0.456 0.044]
 [0.027 0.473]]

ROC saved to file ./predict/maxdim3_nobj126_lr1e-3_1e-7_lrdecay-exp_pt550-650_nepoch_100_data100_run5.epoch38.valid_ROC.csv

Saving predictions to file: ./model/maxdim3_nobj126_lr1e-3_1e-7_lrdecay-exp_pt550-650_nepoch_100_data100_run5.epoch38.valid.pt
Lowest loss achieved! Saving best model to file: ./model/maxdim3_nobj126_lr1e-3_1e-7_lrdecay-exp_pt550-650_nepoch_100_data100_run5_best.pt
Epoch 38 complete!
Starting Epoch: 39
Epoch 39 Complete! Current Training Loss:     0.1774     0.9287     0.9592     440.3804 @0.3000     LR: 2.76E-05
[[0.456 0.044]
 [0.027 0.473]]

ROC saved to file ./predict/maxdim3_nobj126_lr1e-3_1e-7_lrdecay-exp_pt550-650_nepoch_100_data100_run5.epoch39.train_ROC.csv

Saving predictions to file: ./model/maxdim3_nobj126_lr1e-3_1e-7_lrdecay-exp_pt550-650_nepoch_100_data100_run5.epoch39.train.pt
Saving model to checkpoint file: ./model/maxdim3_nobj126_lr1e-3_1e-7_lrdecay-exp_pt550-650_nepoch_100_data100_run5.pt
Starting testing on valid set: 
 Done! (Time: 2369.796166s)
Epoch 39 Complete! Current Validation Loss:     0.1789     0.9281     0.9588     421.5544 @0.3002     LR: 2.76E-05
[[0.458 0.042]
 [0.03  0.47 ]]

ROC saved to file ./predict/maxdim3_nobj126_lr1e-3_1e-7_lrdecay-exp_pt550-650_nepoch_100_data100_run5.epoch39.valid_ROC.csv

Saving predictions to file: ./model/maxdim3_nobj126_lr1e-3_1e-7_lrdecay-exp_pt550-650_nepoch_100_data100_run5.epoch39.valid.pt
Epoch 39 complete!
Starting Epoch: 40
Epoch 40 Complete! Current Training Loss:     0.1773     0.9287     0.9593     439.1030 @0.3000     LR: 2.51E-05
[[0.456 0.044]
 [0.027 0.473]]

ROC saved to file ./predict/maxdim3_nobj126_lr1e-3_1e-7_lrdecay-exp_pt550-650_nepoch_100_data100_run5.epoch40.train_ROC.csv

Saving predictions to file: ./model/maxdim3_nobj126_lr1e-3_1e-7_lrdecay-exp_pt550-650_nepoch_100_data100_run5.epoch40.train.pt
Saving model to checkpoint file: ./model/maxdim3_nobj126_lr1e-3_1e-7_lrdecay-exp_pt550-650_nepoch_100_data100_run5.pt
Starting testing on valid set: 
 Done! (Time: 2333.097046s)
Epoch 40 Complete! Current Validation Loss:     0.1786     0.9283     0.9589     420.6743 @0.3000     LR: 2.51E-05
[[0.457 0.043]
 [0.029 0.471]]

ROC saved to file ./predict/maxdim3_nobj126_lr1e-3_1e-7_lrdecay-exp_pt550-650_nepoch_100_data100_run5.epoch40.valid_ROC.csv

Saving predictions to file: ./model/maxdim3_nobj126_lr1e-3_1e-7_lrdecay-exp_pt550-650_nepoch_100_data100_run5.epoch40.valid.pt
Epoch 40 complete!
Starting Epoch: 41
Epoch 41 Complete! Current Training Loss:     0.1773     0.9288     0.9588     443.6066 @0.3000     LR: 2.29E-05
[[0.456 0.044]
 [0.027 0.473]]

ROC saved to file ./predict/maxdim3_nobj126_lr1e-3_1e-7_lrdecay-exp_pt550-650_nepoch_100_data100_run5.epoch41.train_ROC.csv

Saving predictions to file: ./model/maxdim3_nobj126_lr1e-3_1e-7_lrdecay-exp_pt550-650_nepoch_100_data100_run5.epoch41.train.pt
Saving model to checkpoint file: ./model/maxdim3_nobj126_lr1e-3_1e-7_lrdecay-exp_pt550-650_nepoch_100_data100_run5.pt
Starting testing on valid set: 
 Done! (Time: 2335.532636s)
Epoch 41 Complete! Current Validation Loss:     0.1785     0.9284     0.9604     432.4099 @0.3000     LR: 2.29E-05
[[0.456 0.044]
 [0.028 0.472]]

ROC saved to file ./predict/maxdim3_nobj126_lr1e-3_1e-7_lrdecay-exp_pt550-650_nepoch_100_data100_run5.epoch41.valid_ROC.csv

Saving predictions to file: ./model/maxdim3_nobj126_lr1e-3_1e-7_lrdecay-exp_pt550-650_nepoch_100_data100_run5.epoch41.valid.pt
Epoch 41 complete!
Starting Epoch: 42
Epoch 42 Complete! Current Training Loss:     0.1772     0.9288     0.9591     436.5703 @0.3000     LR: 2.09E-05
[[0.456 0.044]
 [0.027 0.473]]

ROC saved to file ./predict/maxdim3_nobj126_lr1e-3_1e-7_lrdecay-exp_pt550-650_nepoch_100_data100_run5.epoch42.train_ROC.csv

Saving predictions to file: ./model/maxdim3_nobj126_lr1e-3_1e-7_lrdecay-exp_pt550-650_nepoch_100_data100_run5.epoch42.train.pt
Saving model to checkpoint file: ./model/maxdim3_nobj126_lr1e-3_1e-7_lrdecay-exp_pt550-650_nepoch_100_data100_run5.pt
Starting testing on valid set: 
 Done! (Time: 2354.203125s)
Epoch 42 Complete! Current Validation Loss:     0.1784     0.9285     0.9582     404.6245 @0.3001     LR: 2.09E-05
[[0.456 0.044]
 [0.027 0.473]]

ROC saved to file ./predict/maxdim3_nobj126_lr1e-3_1e-7_lrdecay-exp_pt550-650_nepoch_100_data100_run5.epoch42.valid_ROC.csv

Saving predictions to file: ./model/maxdim3_nobj126_lr1e-3_1e-7_lrdecay-exp_pt550-650_nepoch_100_data100_run5.epoch42.valid.pt
Lowest loss achieved! Saving best model to file: ./model/maxdim3_nobj126_lr1e-3_1e-7_lrdecay-exp_pt550-650_nepoch_100_data100_run5_best.pt
Epoch 42 complete!
Starting Epoch: 43
Epoch 43 Complete! Current Training Loss:     0.1771     0.9288     0.9580     436.5703 @0.3000     LR: 1.91E-05
[[0.456 0.044]
 [0.027 0.473]]

ROC saved to file ./predict/maxdim3_nobj126_lr1e-3_1e-7_lrdecay-exp_pt550-650_nepoch_100_data100_run5.epoch43.train_ROC.csv

Saving predictions to file: ./model/maxdim3_nobj126_lr1e-3_1e-7_lrdecay-exp_pt550-650_nepoch_100_data100_run5.epoch43.train.pt
Saving model to checkpoint file: ./model/maxdim3_nobj126_lr1e-3_1e-7_lrdecay-exp_pt550-650_nepoch_100_data100_run5.pt
Starting testing on valid set: 
 Done! (Time: 2323.552083s)
Epoch 43 Complete! Current Validation Loss:     0.1783     0.9284     0.9587     420.6743 @0.3002     LR: 1.91E-05
[[0.456 0.044]
 [0.028 0.472]]

ROC saved to file ./predict/maxdim3_nobj126_lr1e-3_1e-7_lrdecay-exp_pt550-650_nepoch_100_data100_run5.epoch43.valid_ROC.csv

Saving predictions to file: ./model/maxdim3_nobj126_lr1e-3_1e-7_lrdecay-exp_pt550-650_nepoch_100_data100_run5.epoch43.valid.pt
Lowest loss achieved! Saving best model to file: ./model/maxdim3_nobj126_lr1e-3_1e-7_lrdecay-exp_pt550-650_nepoch_100_data100_run5_best.pt
Epoch 43 complete!
Starting Epoch: 44
Epoch 44 Complete! Current Training Loss:     0.1771     0.9288     0.9581     441.3433 @0.3000     LR: 1.74E-05
[[0.456 0.044]
 [0.027 0.473]]

ROC saved to file ./predict/maxdim3_nobj126_lr1e-3_1e-7_lrdecay-exp_pt550-650_nepoch_100_data100_run5.epoch44.train_ROC.csv

Saving predictions to file: ./model/maxdim3_nobj126_lr1e-3_1e-7_lrdecay-exp_pt550-650_nepoch_100_data100_run5.epoch44.train.pt
Saving model to checkpoint file: ./model/maxdim3_nobj126_lr1e-3_1e-7_lrdecay-exp_pt550-650_nepoch_100_data100_run5.pt
Starting testing on valid set: 
 Done! (Time: 2341.85523s)
Epoch 44 Complete! Current Validation Loss:     0.1782     0.9286     0.9564     412.0716 @0.3000     LR: 1.74E-05
[[0.455 0.045]
 [0.026 0.474]]

ROC saved to file ./predict/maxdim3_nobj126_lr1e-3_1e-7_lrdecay-exp_pt550-650_nepoch_100_data100_run5.epoch44.valid_ROC.csv

Saving predictions to file: ./model/maxdim3_nobj126_lr1e-3_1e-7_lrdecay-exp_pt550-650_nepoch_100_data100_run5.epoch44.valid.pt
Lowest loss achieved! Saving best model to file: ./model/maxdim3_nobj126_lr1e-3_1e-7_lrdecay-exp_pt550-650_nepoch_100_data100_run5_best.pt
Epoch 44 complete!
Starting Epoch: 45
Epoch 45 Complete! Current Training Loss:     0.1770     0.9289     0.9573     424.6304 @0.3000     LR: 1.59E-05
[[0.456 0.044]
 [0.027 0.473]]

ROC saved to file ./predict/maxdim3_nobj126_lr1e-3_1e-7_lrdecay-exp_pt550-650_nepoch_100_data100_run5.epoch45.train_ROC.csv

Saving predictions to file: ./model/maxdim3_nobj126_lr1e-3_1e-7_lrdecay-exp_pt550-650_nepoch_100_data100_run5.epoch45.train.pt
Saving model to checkpoint file: ./model/maxdim3_nobj126_lr1e-3_1e-7_lrdecay-exp_pt550-650_nepoch_100_data100_run5.pt
Starting testing on valid set: 
 Done! (Time: 2310.983803s)
Epoch 45 Complete! Current Validation Loss:     0.1783     0.9286     0.9570     419.7979 @0.3000     LR: 1.59E-05
[[0.455 0.045]
 [0.027 0.473]]

ROC saved to file ./predict/maxdim3_nobj126_lr1e-3_1e-7_lrdecay-exp_pt550-650_nepoch_100_data100_run5.epoch45.valid_ROC.csv

Saving predictions to file: ./model/maxdim3_nobj126_lr1e-3_1e-7_lrdecay-exp_pt550-650_nepoch_100_data100_run5.epoch45.valid.pt
Epoch 45 complete!
Starting Epoch: 46
Epoch 46 Complete! Current Training Loss:     0.1770     0.9288     0.9575     434.6899 @0.3000     LR: 1.45E-05
[[0.456 0.044]
 [0.027 0.473]]

ROC saved to file ./predict/maxdim3_nobj126_lr1e-3_1e-7_lrdecay-exp_pt550-650_nepoch_100_data100_run5.epoch46.train_ROC.csv

Saving predictions to file: ./model/maxdim3_nobj126_lr1e-3_1e-7_lrdecay-exp_pt550-650_nepoch_100_data100_run5.epoch46.train.pt
Saving model to checkpoint file: ./model/maxdim3_nobj126_lr1e-3_1e-7_lrdecay-exp_pt550-650_nepoch_100_data100_run5.pt
Starting testing on valid set: 
 Done! (Time: 2352.727072s)
Epoch 46 Complete! Current Validation Loss:     0.1783     0.9284     0.9570     425.1118 @0.2999     LR: 1.45E-05
[[0.456 0.044]
 [0.027 0.473]]

ROC saved to file ./predict/maxdim3_nobj126_lr1e-3_1e-7_lrdecay-exp_pt550-650_nepoch_100_data100_run5.epoch46.valid_ROC.csv

Saving predictions to file: ./model/maxdim3_nobj126_lr1e-3_1e-7_lrdecay-exp_pt550-650_nepoch_100_data100_run5.epoch46.valid.pt
Epoch 46 complete!
Starting Epoch: 47
Epoch 47 Complete! Current Training Loss:     0.1770     0.9289     0.9569     435.0022 @0.3000     LR: 1.32E-05
[[0.456 0.044]
 [0.027 0.473]]

ROC saved to file ./predict/maxdim3_nobj126_lr1e-3_1e-7_lrdecay-exp_pt550-650_nepoch_100_data100_run5.epoch47.train_ROC.csv

Saving predictions to file: ./model/maxdim3_nobj126_lr1e-3_1e-7_lrdecay-exp_pt550-650_nepoch_100_data100_run5.epoch47.train.pt
Saving model to checkpoint file: ./model/maxdim3_nobj126_lr1e-3_1e-7_lrdecay-exp_pt550-650_nepoch_100_data100_run5.pt
Starting testing on valid set: 
 Done! (Time: 2331.547941s)
Epoch 47 Complete! Current Validation Loss:     0.1783     0.9285     0.9563     406.2560 @0.3001     LR: 1.32E-05
[[0.457 0.043]
 [0.028 0.472]]

ROC saved to file ./predict/maxdim3_nobj126_lr1e-3_1e-7_lrdecay-exp_pt550-650_nepoch_100_data100_run5.epoch47.valid_ROC.csv

Saving predictions to file: ./model/maxdim3_nobj126_lr1e-3_1e-7_lrdecay-exp_pt550-650_nepoch_100_data100_run5.epoch47.valid.pt
Epoch 47 complete!
Starting Epoch: 48
Epoch 48 Complete! Current Training Loss:     0.1769     0.9289     0.9569     440.7009 @0.3000     LR: 1.20E-05
[[0.456 0.044]
 [0.027 0.473]]

ROC saved to file ./predict/maxdim3_nobj126_lr1e-3_1e-7_lrdecay-exp_pt550-650_nepoch_100_data100_run5.epoch48.train_ROC.csv

Saving predictions to file: ./model/maxdim3_nobj126_lr1e-3_1e-7_lrdecay-exp_pt550-650_nepoch_100_data100_run5.epoch48.train.pt
Saving model to checkpoint file: ./model/maxdim3_nobj126_lr1e-3_1e-7_lrdecay-exp_pt550-650_nepoch_100_data100_run5.pt
Starting testing on valid set: 
 Done! (Time: 2337.986905s)
Epoch 48 Complete! Current Validation Loss:     0.1783     0.9285     0.9572     422.4382 @0.3000     LR: 1.20E-05
[[0.455 0.045]
 [0.026 0.474]]

ROC saved to file ./predict/maxdim3_nobj126_lr1e-3_1e-7_lrdecay-exp_pt550-650_nepoch_100_data100_run5.epoch48.valid_ROC.csv

Saving predictions to file: ./model/maxdim3_nobj126_lr1e-3_1e-7_lrdecay-exp_pt550-650_nepoch_100_data100_run5.epoch48.valid.pt
Epoch 48 complete!
Starting Epoch: 49
Epoch 49 Complete! Current Training Loss:     0.1769     0.9290     0.9567     444.9104 @0.3000     LR: 1.10E-05
[[0.456 0.044]
 [0.027 0.473]]

ROC saved to file ./predict/maxdim3_nobj126_lr1e-3_1e-7_lrdecay-exp_pt550-650_nepoch_100_data100_run5.epoch49.train_ROC.csv

Saving predictions to file: ./model/maxdim3_nobj126_lr1e-3_1e-7_lrdecay-exp_pt550-650_nepoch_100_data100_run5.epoch49.train.pt
Saving model to checkpoint file: ./model/maxdim3_nobj126_lr1e-3_1e-7_lrdecay-exp_pt550-650_nepoch_100_data100_run5.pt
Starting testing on valid set: 
 Done! (Time: 2332.692384s)
Epoch 49 Complete! Current Validation Loss:     0.1783     0.9285     0.9550     402.2016 @0.2999     LR: 1.10E-05
[[0.457 0.043]
 [0.028 0.472]]

ROC saved to file ./predict/maxdim3_nobj126_lr1e-3_1e-7_lrdecay-exp_pt550-650_nepoch_100_data100_run5.epoch49.valid_ROC.csv

Saving predictions to file: ./model/maxdim3_nobj126_lr1e-3_1e-7_lrdecay-exp_pt550-650_nepoch_100_data100_run5.epoch49.valid.pt
Epoch 49 complete!
Starting Epoch: 50
Epoch 50 Complete! Current Training Loss:     0.1769     0.9289     0.9566     436.5703 @0.3000     LR: 1.00E-05
[[0.456 0.044]
 [0.027 0.473]]

ROC saved to file ./predict/maxdim3_nobj126_lr1e-3_1e-7_lrdecay-exp_pt550-650_nepoch_100_data100_run5.epoch50.train_ROC.csv

Saving predictions to file: ./model/maxdim3_nobj126_lr1e-3_1e-7_lrdecay-exp_pt550-650_nepoch_100_data100_run5.epoch50.train.pt
Saving model to checkpoint file: ./model/maxdim3_nobj126_lr1e-3_1e-7_lrdecay-exp_pt550-650_nepoch_100_data100_run5.pt
Starting testing on valid set: 
 Done! (Time: 2326.637733s)
Epoch 50 Complete! Current Validation Loss:     0.1782     0.9285     0.9551     399.0158 @0.2996     LR: 1.00E-05
[[0.455 0.045]
 [0.026 0.474]]

ROC saved to file ./predict/maxdim3_nobj126_lr1e-3_1e-7_lrdecay-exp_pt550-650_nepoch_100_data100_run5.epoch50.valid_ROC.csv

Saving predictions to file: ./model/maxdim3_nobj126_lr1e-3_1e-7_lrdecay-exp_pt550-650_nepoch_100_data100_run5.epoch50.valid.pt
Lowest loss achieved! Saving best model to file: ./model/maxdim3_nobj126_lr1e-3_1e-7_lrdecay-exp_pt550-650_nepoch_100_data100_run5_best.pt
Epoch 50 complete!
Starting Epoch: 51
Epoch 51 Complete! Current Training Loss:     0.1768     0.9289     0.9561     424.3329 @0.3000     LR: 9.12E-06
[[0.456 0.044]
 [0.027 0.473]]

ROC saved to file ./predict/maxdim3_nobj126_lr1e-3_1e-7_lrdecay-exp_pt550-650_nepoch_100_data100_run5.epoch51.train_ROC.csv

Saving predictions to file: ./model/maxdim3_nobj126_lr1e-3_1e-7_lrdecay-exp_pt550-650_nepoch_100_data100_run5.epoch51.train.pt
Saving model to checkpoint file: ./model/maxdim3_nobj126_lr1e-3_1e-7_lrdecay-exp_pt550-650_nepoch_100_data100_run5.pt
Starting testing on valid set: 
 Done! (Time: 2306.250702s)
Epoch 51 Complete! Current Validation Loss:     0.1781     0.9286     0.9556     400.6024 @0.3001     LR: 9.12E-06
[[0.455 0.045]
 [0.027 0.473]]

ROC saved to file ./predict/maxdim3_nobj126_lr1e-3_1e-7_lrdecay-exp_pt550-650_nepoch_100_data100_run5.epoch51.valid_ROC.csv

Saving predictions to file: ./model/maxdim3_nobj126_lr1e-3_1e-7_lrdecay-exp_pt550-650_nepoch_100_data100_run5.epoch51.valid.pt
Lowest loss achieved! Saving best model to file: ./model/maxdim3_nobj126_lr1e-3_1e-7_lrdecay-exp_pt550-650_nepoch_100_data100_run5_best.pt
Epoch 51 complete!
Starting Epoch: 52
Epoch 52 Complete! Current Training Loss:     0.1768     0.9290     0.9559     430.3646 @0.3000     LR: 8.32E-06
[[0.456 0.044]
 [0.027 0.473]]

ROC saved to file ./predict/maxdim3_nobj126_lr1e-3_1e-7_lrdecay-exp_pt550-650_nepoch_100_data100_run5.epoch52.train_ROC.csv

Saving predictions to file: ./model/maxdim3_nobj126_lr1e-3_1e-7_lrdecay-exp_pt550-650_nepoch_100_data100_run5.epoch52.train.pt
Saving model to checkpoint file: ./model/maxdim3_nobj126_lr1e-3_1e-7_lrdecay-exp_pt550-650_nepoch_100_data100_run5.pt
Starting testing on valid set: 
 Done! (Time: 2365.154457s)
Epoch 52 Complete! Current Validation Loss:     0.1781     0.9286     0.9551     390.5097 @0.2999     LR: 8.32E-06
[[0.455 0.045]
 [0.026 0.474]]

ROC saved to file ./predict/maxdim3_nobj126_lr1e-3_1e-7_lrdecay-exp_pt550-650_nepoch_100_data100_run5.epoch52.valid_ROC.csv

Saving predictions to file: ./model/maxdim3_nobj126_lr1e-3_1e-7_lrdecay-exp_pt550-650_nepoch_100_data100_run5.epoch52.valid.pt
Lowest loss achieved! Saving best model to file: ./model/maxdim3_nobj126_lr1e-3_1e-7_lrdecay-exp_pt550-650_nepoch_100_data100_run5_best.pt
Epoch 52 complete!
Starting Epoch: 53
Epoch 53 Complete! Current Training Loss:     0.1768     0.9290     0.9560     423.1468 @0.3000     LR: 7.59E-06
[[0.456 0.044]
 [0.027 0.473]]

ROC saved to file ./predict/maxdim3_nobj126_lr1e-3_1e-7_lrdecay-exp_pt550-650_nepoch_100_data100_run5.epoch53.train_ROC.csv

Saving predictions to file: ./model/maxdim3_nobj126_lr1e-3_1e-7_lrdecay-exp_pt550-650_nepoch_100_data100_run5.epoch53.train.pt
Saving model to checkpoint file: ./model/maxdim3_nobj126_lr1e-3_1e-7_lrdecay-exp_pt550-650_nepoch_100_data100_run5.pt
Starting testing on valid set: 
 Done! (Time: 2309.72768s)
Epoch 53 Complete! Current Validation Loss:     0.1782     0.9285     0.9561     407.9008 @0.2999     LR: 7.59E-06
[[0.454 0.046]
 [0.026 0.474]]

ROC saved to file ./predict/maxdim3_nobj126_lr1e-3_1e-7_lrdecay-exp_pt550-650_nepoch_100_data100_run5.epoch53.valid_ROC.csv

Saving predictions to file: ./model/maxdim3_nobj126_lr1e-3_1e-7_lrdecay-exp_pt550-650_nepoch_100_data100_run5.epoch53.valid.pt
Epoch 53 complete!
Getting predictions for model in last checkpoint.
Starting testing on test set: 
 Done! (Time: 2301.438297s)
Training Complete! Final Testing Loss:     0.1760     0.9293     0.9570     475.0918 @0.2998
[[0.455 0.045]
 [0.026 0.474]]

ROC saved to file ./predict/maxdim3_nobj126_lr1e-3_1e-7_lrdecay-exp_pt550-650_nepoch_100_data100_run5.best.test_ROC.csv

Saving predictions to file: ./model/maxdim3_nobj126_lr1e-3_1e-7_lrdecay-exp_pt550-650_nepoch_100_data100_run5.best.test.pt
Getting predictions for best model (epoch 52).
Starting testing on test set: 
 Done! (Time: 2014.157535s)
Training Complete! Best Testing Loss:     0.1760     0.9293     0.9560     453.7393 @0.3000
[[0.456 0.044]
 [0.027 0.474]]

ROC saved to file ./predict/maxdim3_nobj126_lr1e-3_1e-7_lrdecay-exp_pt550-650_nepoch_100_data100_run5.best.test_ROC.csv

Saving predictions to file: ./model/maxdim3_nobj126_lr1e-3_1e-7_lrdecay-exp_pt550-650_nepoch_100_data100_run5.best.test.pt
Inference phase complete!
