Initializing simulation based upon argument string:
scripts/train_lgn.py --datadir=/data/clariant/toptag/converted --maxdim=3 --max-zf=1 --num-channels 2 4 4 2 --num-epoch=100 --batch-size=8 --num-cg-levels=3 --scale=0.005 --lr-init=0.001 --lr-final=0.0000001 --mlp=True --alpha=100 --pmu-in=True --nobj=126 --lr-decay-type=exp -v=0 --prefix=set12n126run4
Log, best, checkpoint, load files: ./log/set12n126run4.log ./model/set12n126run4_best.pt ./model/set12n126run4.pt ./model/set12n126run4.pt
Dataset, learning target, datadir: jet is_signal /data/clariant/toptag/converted
Git status: 8861992

Values of all model arguments:
Namespace(activation='leakyrelu', add_beams=True, alpha=100.0, batch_group_size=1, batch_size=8, beam_mass=1, bestfile='./model/set12n126run4_best.pt', checkfile='./model/set12n126run4.pt', cuda=True, cutoff_decay=0, cutoff_type=['learn'], datadir='/data/clariant/toptag/converted', dataset='jet', dtype='float', force_download=False, full_scalars=False, gaussian_mask=False, hard_cut_rad=inf, input='linear', level_gain=[1.0], load=False, loadfile='./model/set12n126run4.pt', log_level='info', logdir='log/', logfile='./log/set12n126run4.log', lr_decay=inf, lr_decay_type='exp', lr_final=1e-07, lr_init=0.001, lr_minibatch=True, max_zf=[1], maxdim=[3], mlp=True, mlp_depth=3, mlp_width=2, modeldir='model/', nobj=126, num_basis_fn=10, num_cg_levels=3, num_channels=[2, 4, 4, 2], num_epoch=100, num_mpnn_levels=1, num_test=-1, num_train=-1, num_valid=-1, num_workers=0, optim='amsgrad', parallel=False, pmu_in=True, predict=True, predictdir='predict/', predictfile='./predict/set12n126run4', prefix='set12n126run4', quiet=True, save=True, scale=0.005, seed=1, sgd_restart=-1, shuffle=True, soft_cut_rad=inf, soft_cut_width=inf, target='is_signal', task='train', test=True, textlog=True, top='linear', verbose=False, weight_decay=0, weight_init='randn', workdir='./')
Beginning training on CUDA/GPU! Device: 0
Initializing network!
hard_cut_rad: [inf, inf, inf]
soft_cut_rad: [inf, inf, inf]
soft_cut_width: [inf, inf, inf]
maxdim: [3, 3, 3]
max_zf: [1, 1, 1]
num_channels: [2, 4, 4, 2]
CGdict maxdim: 3
{(0, 0): 2, (1, 1): 2}
{(0, 0): 4, (1, 1): 4, (0, 2): 4, (2, 0): 4, (2, 2): 4}
{(0, 0): 4, (1, 1): 4, (0, 2): 4, (2, 0): 4, (2, 2): 4}
{(0, 0): 2, (1, 1): 2, (0, 2): 2, (2, 0): 2, (2, 2): 2}
Model initialized. Number of parameters: 6014
Testing network for symmetries:
Beginning covariance test!
Boost invariance test. The output is a table of [gamma, rel. deviation] tuples:
[[1.0, 0.0], [1.5430806348152437, 7.8910068168625e-07], [3.7621956910836314, 1.817788984226354e-06], [10.067661995777765, 1.9424185666139238e-05], [27.308232836016487, 0.00011692977568600327], [74.20994852478785, 0.0013551166048273444], [201.7156361224559, 0.034676000475883484], [548.317035155212, 3.154926061630249], [1490.479161252178, 1781.2269287109375], [4051.5420254925943, 34424.55859375]]
Rotation invariance test. The output is a table of [angle, rel. deviation] tuples:
[[0.0, 0.0], [1.0, 5.95672076997289e-07], [2.0, 5.648993806062208e-07], [3.0, 5.670974019267305e-07], [4.0, 5.780876790595357e-07], [5.0, 7.297532533812046e-07], [6.0, 6.220487307473377e-07], [7.0, 5.209383289184188e-07], [8.0, 8.044870583034935e-07], [9.0, 5.429188263406104e-07]]
Averages of components of all tensors:
 [{(0, 0): 0.726923942565918, (1, 1): 0.001685107359662652}, {(2, 0): 0.0002064852451439947, (1, 1): 0.034518107771873474, (2, 2): 0.00038128712913021445, (0, 2): 0.00016846327343955636, (0, 0): 0.2529529333114624}, {(2, 0): 0.00011285282380413264, (1, 1): 0.005284243728965521, (2, 2): 0.0010768227512016892, (0, 2): 0.00012439306010492146, (0, 0): 0.16188642382621765}, {(2, 0): 5.672403494827449e-05, (1, 1): 0.0036270204000175, (2, 2): 0.00011456628271844238, (0, 2): 3.201791696483269e-05, (0, 0): 0.1424293965101242}]
Medians of components of all tensors:
 [{(0, 0): 0.49686700105667114, (1, 1): 0.0}, {(2, 0): 4.0683681423736573e-10, (1, 1): 0.007430639583617449, (2, 2): 2.1763353288406506e-05, (0, 2): 3.8039496552677576e-10, (0, 0): 0.17301225662231445}, {(2, 0): 1.3082281839160714e-05, (1, 1): 0.0009686471312306821, (2, 2): 6.609287083847448e-05, (0, 2): 1.2500711818574928e-05, (0, 0): 0.15801480412483215}, {(2, 0): 1.5568375602015294e-05, (1, 1): 0.0007418624009005725, (2, 2): 6.42742770651239e-06, (0, 2): 7.726537660346366e-06, (0, 0): 0.07134225219488144}]
Rotation Invariance test (relative): 0.00023565
Largest deviation in covariance test : 0.24775
Largest deviation in covariance test 0.24775 detected! Detailed summary (all relative):
(lvl, key) = (0, (0, 0)) -> 5.628e-05 (norm) 7.1245e-06 (mean)
(lvl, key) = (0, (1, 1)) -> 5.9192e-08 (norm) 6.1565e-08 (mean)
(lvl, key) = (1, (2, 0)) -> 0.00048119 (norm) 0.00015226 (mean)
(lvl, key) = (1, (1, 1)) -> 0.021374 (norm) 0.0052269 (mean)
(lvl, key) = (1, (2, 2)) -> 0.077519 (norm) 0.0084578 (mean)
(lvl, key) = (1, (0, 2)) -> 0.00048518 (norm) 0.00015352 (mean)
(lvl, key) = (1, (0, 0)) -> 0.0018289 (norm) 0.00024127 (mean)
(lvl, key) = (2, (2, 0)) -> 0.15685 (norm) 0.039987 (mean)
(lvl, key) = (2, (1, 1)) -> 0.067185 (norm) 0.013174 (mean)
(lvl, key) = (2, (2, 2)) -> 0.061798 (norm) 0.017424 (mean)
(lvl, key) = (2, (0, 2)) -> 0.10673 (norm) 0.032548 (mean)
(lvl, key) = (2, (0, 0)) -> 0.00036572 (norm) 9.231e-05 (mean)
(lvl, key) = (3, (2, 0)) -> 0.46681 (norm) 0.49397 (mean)
(lvl, key) = (3, (1, 1)) -> 0.021108 (norm) 0.0079504 (mean)
(lvl, key) = (3, (2, 2)) -> 0.076953 (norm) 0.027955 (mean)
(lvl, key) = (3, (0, 2)) -> 0.39226 (norm) 0.44004 (mean)
(lvl, key) = (3, (0, 0)) -> 0.00016225 (norm) 3.1679e-05 (mean)
Beginning permutation test!
Permutation Invariance test error: 1.1548874378204346
Beginning batch invariance test!
Batch invariance test error: 9.847275350693963e-07
Test complete!
Starting Epoch: 1
Epoch 1 Complete! Current Training Loss:     0.2190     0.9123     0.9516     105.8237 @0.3000
[[0.444 0.056]
 [0.032 0.468]]

ROC saved to file ./predict/set12n126run4.epoch1.train_ROC.csv

Saving predictions to file: ./predict/set12n126run4.final.train.pt
Saving model to checkpoint file: ./model/set12n126run4.pt
Starting testing on valid set: 
 Done! (Time: 2291.773097s)
Epoch 1 Complete! Current Validation Loss:     0.1912     0.9229     0.9725     510.1342 @0.3002
[[0.458 0.042]
 [0.035 0.465]]

ROC saved to file ./predict/set12n126run4.epoch1.valid_ROC.csv

Saving predictions to file: ./predict/set12n126run4.final.valid.pt
Lowest loss achieved! Saving best model to file: ./model/set12n126run4_best.pt
Epoch 1 complete!
Starting Epoch: 2
Epoch 2 Complete! Current Training Loss:     0.1927     0.9223     0.9710     360.2159 @0.3000
[[0.451 0.049]
 [0.029 0.471]]

ROC saved to file ./predict/set12n126run4.epoch2.train_ROC.csv

Saving predictions to file: ./predict/set12n126run4.final.train.pt
Saving model to checkpoint file: ./model/set12n126run4.pt
Starting testing on valid set: 
 Done! (Time: 2232.446677s)
Epoch 2 Complete! Current Validation Loss:     0.1883     0.9231     0.9708     349.2253 @0.3000
[[0.447 0.053]
 [0.024 0.476]]

ROC saved to file ./predict/set12n126run4.epoch2.valid_ROC.csv

Saving predictions to file: ./predict/set12n126run4.final.valid.pt
Lowest loss achieved! Saving best model to file: ./model/set12n126run4_best.pt
Epoch 2 complete!
Starting Epoch: 3
Epoch 3 Complete! Current Training Loss:     0.1892     0.9237     0.9726     363.2412 @0.3000
[[0.452 0.048]
 [0.029 0.471]]

ROC saved to file ./predict/set12n126run4.epoch3.train_ROC.csv

Saving predictions to file: ./predict/set12n126run4.final.train.pt
Saving model to checkpoint file: ./model/set12n126run4.pt
Starting testing on valid set: 
 Done! (Time: 2257.562481s)
Epoch 3 Complete! Current Validation Loss:     0.1876     0.9244     0.9737     377.3464 @0.3000
[[0.46  0.04 ]
 [0.036 0.464]]

ROC saved to file ./predict/set12n126run4.epoch3.valid_ROC.csv

Saving predictions to file: ./predict/set12n126run4.final.valid.pt
Lowest loss achieved! Saving best model to file: ./model/set12n126run4_best.pt
Epoch 3 complete!
Starting Epoch: 4
Epoch 4 Complete! Current Training Loss:     0.1875     0.9245     0.9730     345.2241 @0.3000
[[0.453 0.047]
 [0.028 0.472]]

ROC saved to file ./predict/set12n126run4.epoch4.train_ROC.csv

Saving predictions to file: ./predict/set12n126run4.final.train.pt
Saving model to checkpoint file: ./model/set12n126run4.pt
Starting testing on valid set: 
 Done! (Time: 2316.653213s)
Epoch 4 Complete! Current Validation Loss:     0.2036     0.9182     0.9751     389.0019 @0.2999
[[0.431 0.069]
 [0.012 0.488]]

ROC saved to file ./predict/set12n126run4.epoch4.valid_ROC.csv

Saving predictions to file: ./predict/set12n126run4.final.valid.pt
Epoch 4 complete!
Starting Epoch: 5
Epoch 5 Complete! Current Training Loss:     0.1863     0.9251     0.9735     358.0857 @0.3000
[[0.453 0.047]
 [0.028 0.472]]

ROC saved to file ./predict/set12n126run4.epoch5.train_ROC.csv

Saving predictions to file: ./predict/set12n126run4.final.train.pt
Saving model to checkpoint file: ./model/set12n126run4.pt
Starting testing on valid set: 
 Done! (Time: 2256.686261s)
Epoch 5 Complete! Current Validation Loss:     0.1878     0.9239     0.9741     402.2016 @0.2999
[[0.445 0.055]
 [0.021 0.479]]

ROC saved to file ./predict/set12n126run4.epoch5.valid_ROC.csv

Saving predictions to file: ./predict/set12n126run4.final.valid.pt
Epoch 5 complete!
Starting Epoch: 6
Epoch 6 Complete! Current Training Loss:     0.1854     0.9255     0.9739     370.3505 @0.3000
[[0.453 0.047]
 [0.028 0.472]]

ROC saved to file ./predict/set12n126run4.epoch6.train_ROC.csv

Saving predictions to file: ./predict/set12n126run4.final.train.pt
Saving model to checkpoint file: ./model/set12n126run4.pt
Starting testing on valid set: 
 Done! (Time: 2259.367728s)
Epoch 6 Complete! Current Validation Loss:     0.1843     0.9255     0.9731     362.4155 @0.3002
[[0.452 0.048]
 [0.026 0.474]]

ROC saved to file ./predict/set12n126run4.epoch6.valid_ROC.csv

Saving predictions to file: ./predict/set12n126run4.final.valid.pt
Lowest loss achieved! Saving best model to file: ./model/set12n126run4_best.pt
Epoch 6 complete!
Starting Epoch: 7
Epoch 7 Complete! Current Training Loss:     0.1847     0.9258     0.9743     383.0000 @0.3000
[[0.454 0.046]
 [0.028 0.472]]

ROC saved to file ./predict/set12n126run4.epoch7.train_ROC.csv

Saving predictions to file: ./predict/set12n126run4.final.train.pt
Saving model to checkpoint file: ./model/set12n126run4.pt
Starting testing on valid set: 
 Done! (Time: 2269.506173s)
Epoch 7 Complete! Current Validation Loss:     0.1847     0.9251     0.9724     366.3691 @0.3001
[[0.453 0.047]
 [0.027 0.473]]

ROC saved to file ./predict/set12n126run4.epoch7.valid_ROC.csv

Saving predictions to file: ./predict/set12n126run4.final.valid.pt
Epoch 7 complete!
Starting Epoch: 8
Epoch 8 Complete! Current Training Loss:     0.1841     0.9260     0.9745     393.7081 @0.3000
[[0.454 0.046]
 [0.028 0.472]]

ROC saved to file ./predict/set12n126run4.epoch8.train_ROC.csv

Saving predictions to file: ./predict/set12n126run4.final.train.pt
Saving model to checkpoint file: ./model/set12n126run4.pt
Starting testing on valid set: 
 Done! (Time: 2259.719758s)
Epoch 8 Complete! Current Validation Loss:     0.1847     0.9256     0.9755     415.4701 @0.3002
[[0.458 0.042]
 [0.032 0.468]]

ROC saved to file ./predict/set12n126run4.epoch8.valid_ROC.csv

Saving predictions to file: ./predict/set12n126run4.final.valid.pt
Epoch 8 complete!
Starting Epoch: 9
Epoch 9 Complete! Current Training Loss:     0.1836     0.9262     0.9747     396.0255 @0.3000
[[0.454 0.046]
 [0.028 0.472]]

ROC saved to file ./predict/set12n126run4.epoch9.train_ROC.csv

Saving predictions to file: ./predict/set12n126run4.final.train.pt
Saving model to checkpoint file: ./model/set12n126run4.pt
Starting testing on valid set: 
 Done! (Time: 2259.539585s)
Epoch 9 Complete! Current Validation Loss:     0.1828     0.9265     0.9742     407.0768 @0.3000
[[0.454 0.046]
 [0.027 0.473]]

ROC saved to file ./predict/set12n126run4.epoch9.valid_ROC.csv

Saving predictions to file: ./predict/set12n126run4.final.valid.pt
Lowest loss achieved! Saving best model to file: ./model/set12n126run4_best.pt
Epoch 9 complete!
Starting Epoch: 10
Epoch 10 Complete! Current Training Loss:     0.1831     0.9264     0.9749     400.7432 @0.3000
[[0.454 0.046]
 [0.028 0.472]]

ROC saved to file ./predict/set12n126run4.epoch10.train_ROC.csv

Saving predictions to file: ./predict/set12n126run4.final.train.pt
Saving model to checkpoint file: ./model/set12n126run4.pt
Starting testing on valid set: 
 Done! (Time: 2247.016434s)
Epoch 10 Complete! Current Validation Loss:     0.1845     0.9251     0.9756     426.9131 @0.3000
[[0.458 0.042]
 [0.033 0.467]]

ROC saved to file ./predict/set12n126run4.epoch10.valid_ROC.csv

Saving predictions to file: ./predict/set12n126run4.final.valid.pt
Epoch 10 complete!
Starting Epoch: 11
Epoch 11 Complete! Current Training Loss:     0.1827     0.9265     0.9749     392.6868 @0.3000
[[0.454 0.046]
 [0.028 0.472]]

ROC saved to file ./predict/set12n126run4.epoch11.train_ROC.csv

Saving predictions to file: ./predict/set12n126run4.final.train.pt
Saving model to checkpoint file: ./model/set12n126run4.pt
Starting testing on valid set: 
 Done! (Time: 2257.645404s)
Epoch 11 Complete! Current Validation Loss:     0.1840     0.9263     0.9738     323.4398 @0.3001
[[0.457 0.043]
 [0.03  0.47 ]]

ROC saved to file ./predict/set12n126run4.epoch11.valid_ROC.csv

Saving predictions to file: ./predict/set12n126run4.final.valid.pt
Epoch 11 complete!
Starting Epoch: 12
Epoch 12 Complete! Current Training Loss:     0.1823     0.9268     0.9749     392.4323 @0.3000
[[0.454 0.046]
 [0.028 0.472]]

ROC saved to file ./predict/set12n126run4.epoch12.train_ROC.csv

Saving predictions to file: ./predict/set12n126run4.final.train.pt
Saving model to checkpoint file: ./model/set12n126run4.pt
Starting testing on valid set: 
 Done! (Time: 2243.808038s)
Epoch 12 Complete! Current Validation Loss:     0.1828     0.9268     0.9759     425.1118 @0.2996
[[0.451 0.049]
 [0.024 0.476]]

ROC saved to file ./predict/set12n126run4.epoch12.valid_ROC.csv

Saving predictions to file: ./predict/set12n126run4.final.valid.pt
Epoch 12 complete!
Starting Epoch: 13
Epoch 13 Complete! Current Training Loss:     0.1821     0.9268     0.9747     391.1647 @0.3000
[[0.454 0.046]
 [0.028 0.472]]

ROC saved to file ./predict/set12n126run4.epoch13.train_ROC.csv

Saving predictions to file: ./predict/set12n126run4.final.train.pt
Saving model to checkpoint file: ./model/set12n126run4.pt
Starting testing on valid set: 
 Done! (Time: 2244.344411s)
Epoch 13 Complete! Current Validation Loss:     0.1822     0.9267     0.9752     384.5477 @0.3002
[[0.457 0.043]
 [0.03  0.47 ]]

ROC saved to file ./predict/set12n126run4.epoch13.valid_ROC.csv

Saving predictions to file: ./predict/set12n126run4.final.valid.pt
Lowest loss achieved! Saving best model to file: ./model/set12n126run4_best.pt
Epoch 13 complete!
Starting Epoch: 14
Epoch 14 Complete! Current Training Loss:     0.1818     0.9270     0.9749     388.6540 @0.3000
[[0.455 0.045]
 [0.028 0.472]]

ROC saved to file ./predict/set12n126run4.epoch14.train_ROC.csv

Saving predictions to file: ./predict/set12n126run4.final.train.pt
Saving model to checkpoint file: ./model/set12n126run4.pt
Starting testing on valid set: 
 Done! (Time: 2260.738158s)
Epoch 14 Complete! Current Validation Loss:     0.1831     0.9260     0.9755     421.5544 @0.2999
[[0.46  0.04 ]
 [0.034 0.466]]

ROC saved to file ./predict/set12n126run4.epoch14.valid_ROC.csv

Saving predictions to file: ./predict/set12n126run4.final.valid.pt
Epoch 14 complete!
Starting Epoch: 15
Epoch 15 Complete! Current Training Loss:     0.1815     0.9270     0.9749     403.1445 @0.3000
[[0.455 0.045]
 [0.028 0.472]]

ROC saved to file ./predict/set12n126run4.epoch15.train_ROC.csv

Saving predictions to file: ./predict/set12n126run4.final.train.pt
Saving model to checkpoint file: ./model/set12n126run4.pt
Starting testing on valid set: 
 Done! (Time: 2246.494281s)
Epoch 15 Complete! Current Validation Loss:     0.1816     0.9269     0.9751     409.5589 @0.3001
[[0.455 0.045]
 [0.028 0.472]]

ROC saved to file ./predict/set12n126run4.epoch15.valid_ROC.csv

Saving predictions to file: ./predict/set12n126run4.final.valid.pt
Lowest loss achieved! Saving best model to file: ./model/set12n126run4_best.pt
Epoch 15 complete!
Starting Epoch: 16
Epoch 16 Complete! Current Training Loss:     0.1812     0.9272     0.9750     406.3913 @0.3000
[[0.455 0.045]
 [0.028 0.472]]

ROC saved to file ./predict/set12n126run4.epoch16.train_ROC.csv

Saving predictions to file: ./predict/set12n126run4.final.train.pt
Saving model to checkpoint file: ./model/set12n126run4.pt
Starting testing on valid set: 
 Done! (Time: 2275.974637s)
Epoch 16 Complete! Current Validation Loss:     0.1824     0.9271     0.9756     393.5605 @0.2999
[[0.453 0.047]
 [0.026 0.474]]

ROC saved to file ./predict/set12n126run4.epoch16.valid_ROC.csv

Saving predictions to file: ./predict/set12n126run4.final.valid.pt
Epoch 16 complete!
Starting Epoch: 17
Epoch 17 Complete! Current Training Loss:     0.1810     0.9272     0.9749     399.4215 @0.3001
[[0.455 0.045]
 [0.028 0.472]]

ROC saved to file ./predict/set12n126run4.epoch17.train_ROC.csv

Saving predictions to file: ./predict/set12n126run4.final.train.pt
Saving model to checkpoint file: ./model/set12n126run4.pt
Starting testing on valid set: 
 Done! (Time: 2255.160562s)
Epoch 17 Complete! Current Validation Loss:     0.1820     0.9267     0.9744     388.2524 @0.3000
[[0.45  0.05 ]
 [0.024 0.476]]

ROC saved to file ./predict/set12n126run4.epoch17.valid_ROC.csv

Saving predictions to file: ./predict/set12n126run4.final.valid.pt
Epoch 17 complete!
Starting Epoch: 18
Epoch 18 Complete! Current Training Loss:     0.1809     0.9272     0.9747     387.9071 @0.3000
[[0.455 0.045]
 [0.028 0.472]]

ROC saved to file ./predict/set12n126run4.epoch18.train_ROC.csv

Saving predictions to file: ./predict/set12n126run4.final.train.pt
Saving model to checkpoint file: ./model/set12n126run4.pt
Starting testing on valid set: 
 Done! (Time: 2280.06957s)
Epoch 18 Complete! Current Validation Loss:     0.1816     0.9270     0.9750     415.4701 @0.2999
[[0.455 0.045]
 [0.027 0.473]]

ROC saved to file ./predict/set12n126run4.epoch18.valid_ROC.csv

Saving predictions to file: ./predict/set12n126run4.final.valid.pt
Epoch 18 complete!
Starting Epoch: 19
Initializing simulation based upon argument string:
scripts/train_lgn.py --datadir=/data/clariant/toptag/converted --maxdim=3 --max-zf=1 --num-channels 2 4 4 2 --num-epoch=100 --batch-size=8 --num-cg-levels=3 --scale=0.005 --lr-init=0.001 --lr-final=0.0000001 --mlp=True --alpha=100 --pmu-in=True --nobj=126 --lr-decay-type=exp --v=0 --prefix=maxdim3_nobj126_lr1e-3_1e-7_lrdecay-exp_pt550-650_nepoch_100_data100_run4 --load
Log, best, checkpoint, load files: ./log/maxdim3_nobj126_lr1e-3_1e-7_lrdecay-exp_pt550-650_nepoch_100_data100_run4.log ./model/maxdim3_nobj126_lr1e-3_1e-7_lrdecay-exp_pt550-650_nepoch_100_data100_run4_best.pt ./model/maxdim3_nobj126_lr1e-3_1e-7_lrdecay-exp_pt550-650_nepoch_100_data100_run4.pt ./model/maxdim3_nobj126_lr1e-3_1e-7_lrdecay-exp_pt550-650_nepoch_100_data100_run4.pt
Dataset, learning target, datadir: jet is_signal /data/clariant/toptag/converted
Git status: 9780fa9

Values of all model arguments:
Namespace(activation='leakyrelu', add_beams=True, alpha=100.0, batch_group_size=1, batch_size=8, beam_mass=1, bestfile='./model/maxdim3_nobj126_lr1e-3_1e-7_lrdecay-exp_pt550-650_nepoch_100_data100_run4_best.pt', checkfile='./model/maxdim3_nobj126_lr1e-3_1e-7_lrdecay-exp_pt550-650_nepoch_100_data100_run4.pt', cuda=True, cutoff_decay=0, cutoff_type=['learn'], datadir='/data/clariant/toptag/converted', dataset='jet', dtype='float', force_download=False, full_scalars=False, gaussian_mask=False, hard_cut_rad=inf, input='linear', level_gain=[1.0], load=True, loadfile='./model/maxdim3_nobj126_lr1e-3_1e-7_lrdecay-exp_pt550-650_nepoch_100_data100_run4.pt', log_level='info', logdir='log/', logfile='./log/maxdim3_nobj126_lr1e-3_1e-7_lrdecay-exp_pt550-650_nepoch_100_data100_run4.log', lr_decay=inf, lr_decay_type='exp', lr_final=1e-07, lr_init=0.001, lr_minibatch=True, max_zf=[1], maxdim=[3], mlp=True, mlp_depth=3, mlp_width=2, modeldir='model/', nobj=126, num_basis_fn=10, num_cg_levels=3, num_channels=[2, 4, 4, 2], num_epoch=100, num_mpnn_levels=1, num_test=-1, num_train=-1, num_valid=-1, num_workers=0, optim='amsgrad', parallel=False, pmu_in=True, predict=True, predictdir='predict/', predictfile='./predict/maxdim3_nobj126_lr1e-3_1e-7_lrdecay-exp_pt550-650_nepoch_100_data100_run4', prefix='maxdim3_nobj126_lr1e-3_1e-7_lrdecay-exp_pt550-650_nepoch_100_data100_run4', quiet=True, save=True, scale=0.005, seed=1, sgd_restart=-1, shuffle=True, soft_cut_rad=inf, soft_cut_width=inf, target='is_signal', task='train', test=True, textlog=True, top='linear', verbose=False, weight_decay=0, weight_init='randn', workdir='./')
Beginning training on CUDA/GPU! Device: 0
Initializing simulation based upon argument string:
scripts/train_lgn.py --datadir=/home/jano/clariant/data/toptag/h5 --maxdim=3 --max-zf=1 --num-channels 2 4 4 2 --num-epoch=100 --batch-size=8 --num-cg-levels=3 --scale=0.005 --lr-init=0.001 --lr-final=0.0000001 --mlp=True --alpha=100 --pmu-in=True --nobj=126 --lr-decay-type=exp --v=0 --prefix=maxdim3_nobj126_lr1e-3_1e-7_lrdecay-exp_pt550-650_nepoch_100_data100_run4 --load
Log, best, checkpoint, load files: ./log/maxdim3_nobj126_lr1e-3_1e-7_lrdecay-exp_pt550-650_nepoch_100_data100_run4.log ./model/maxdim3_nobj126_lr1e-3_1e-7_lrdecay-exp_pt550-650_nepoch_100_data100_run4_best.pt ./model/maxdim3_nobj126_lr1e-3_1e-7_lrdecay-exp_pt550-650_nepoch_100_data100_run4.pt ./model/maxdim3_nobj126_lr1e-3_1e-7_lrdecay-exp_pt550-650_nepoch_100_data100_run4.pt
Dataset, learning target, datadir: jet is_signal /home/jano/clariant/data/toptag/h5
Git status: 9780fa9

Values of all model arguments:
Namespace(activation='leakyrelu', add_beams=True, alpha=100.0, batch_group_size=1, batch_size=8, beam_mass=1, bestfile='./model/maxdim3_nobj126_lr1e-3_1e-7_lrdecay-exp_pt550-650_nepoch_100_data100_run4_best.pt', checkfile='./model/maxdim3_nobj126_lr1e-3_1e-7_lrdecay-exp_pt550-650_nepoch_100_data100_run4.pt', cuda=True, cutoff_decay=0, cutoff_type=['learn'], datadir='/home/jano/clariant/data/toptag/h5', dataset='jet', dtype='float', force_download=False, full_scalars=False, gaussian_mask=False, hard_cut_rad=inf, input='linear', level_gain=[1.0], load=True, loadfile='./model/maxdim3_nobj126_lr1e-3_1e-7_lrdecay-exp_pt550-650_nepoch_100_data100_run4.pt', log_level='info', logdir='log/', logfile='./log/maxdim3_nobj126_lr1e-3_1e-7_lrdecay-exp_pt550-650_nepoch_100_data100_run4.log', lr_decay=inf, lr_decay_type='exp', lr_final=1e-07, lr_init=0.001, lr_minibatch=True, max_zf=[1], maxdim=[3], mlp=True, mlp_depth=3, mlp_width=2, modeldir='model/', nobj=126, num_basis_fn=10, num_cg_levels=3, num_channels=[2, 4, 4, 2], num_epoch=100, num_mpnn_levels=1, num_test=-1, num_train=-1, num_valid=-1, num_workers=0, optim='amsgrad', parallel=False, pmu_in=True, predict=True, predictdir='predict/', predictfile='./predict/maxdim3_nobj126_lr1e-3_1e-7_lrdecay-exp_pt550-650_nepoch_100_data100_run4', prefix='maxdim3_nobj126_lr1e-3_1e-7_lrdecay-exp_pt550-650_nepoch_100_data100_run4', quiet=True, save=True, scale=0.005, seed=1, sgd_restart=-1, shuffle=True, soft_cut_rad=inf, soft_cut_width=inf, target='is_signal', task='train', test=True, textlog=True, top='linear', verbose=False, weight_decay=0, weight_init='randn', workdir='./')
Beginning training on CUDA/GPU! Device: 0
Initializing network!
hard_cut_rad: [inf, inf, inf]
soft_cut_rad: [inf, inf, inf]
soft_cut_width: [inf, inf, inf]
maxdim: [3, 3, 3]
max_zf: [1, 1, 1]
num_channels: [2, 4, 4, 2]
CGdict maxdim: 3
{(0, 0): 2, (1, 1): 2}
{(0, 0): 4, (1, 1): 4, (0, 2): 4, (2, 0): 4, (2, 2): 4}
{(0, 0): 4, (1, 1): 4, (0, 2): 4, (2, 0): 4, (2, 2): 4}
{(0, 0): 2, (1, 1): 2, (0, 2): 2, (2, 0): 2, (2, 2): 2}
Model initialized. Number of parameters: 6014
Testing network for symmetries:
Beginning covariance test!
Boost invariance test. The output is a table of [gamma, rel. deviation] tuples:
[[1.0, 0.0], [1.5430806348152437, 1.22954048720203e-07], [3.7621956910836314, 1.1497511422930984e-06], [10.067661995777765, 6.693147497571772e-06], [27.308232836016487, 7.447352982126176e-05], [74.20994852478785, 0.0015784748829901218], [201.7156361224559, 0.022253191098570824], [548.317035155212, 2.853302240371704], [1490.479161252178, 3494.90625], [4051.5420254925943, 120045.125]]
Rotation invariance test. The output is a table of [angle, rel. deviation] tuples:
[[0.0, 0.0], [1.0, 1.412663550581783e-07], [2.0, 1.543465657505294e-07], [3.0, 1.360342594125541e-07], [4.0, 2.210556715454004e-07], [5.0, 1.4257436475872964e-07], [6.0, 1.6742679065373522e-07], [7.0, 1.1248987163980928e-07], [8.0, 1.5696261357334151e-07], [9.0, 1.517305179277173e-07]]
Averages of components of all tensors:
 [{(0, 0): 0.5044458508491516, (1, 1): 0.0019497629255056381}, {(2, 0): 0.0005645514465868473, (1, 1): 0.02975945733487606, (2, 2): 0.0007844801875762641, (0, 2): 0.0006855054525658488, (0, 0): 0.2756662368774414}, {(2, 0): 0.00014203139289747924, (1, 1): 0.010759996250271797, (2, 2): 0.0009159735636785626, (0, 2): 0.0001328489015577361, (0, 0): 0.14357174932956696}, {(2, 0): 8.725427323952317e-05, (1, 1): 0.0046994807198643684, (2, 2): 0.00033216795418411493, (0, 2): 7.020444900263101e-05, (0, 0): 0.22617194056510925}]
Medians of components of all tensors:
 [{(0, 0): 0.37321212887763977, (1, 1): 0.0}, {(2, 0): 1.916591996220518e-09, (1, 1): 0.007757414598017931, (2, 2): 8.12604048405774e-05, (0, 2): 2.402770871157145e-09, (0, 0): 0.1593988537788391}, {(2, 0): 6.803276392020052e-06, (1, 1): 0.0018754167249426246, (2, 2): 0.00015635197632946074, (0, 2): 7.68129393691197e-06, (0, 0): 0.13348370790481567}, {(2, 0): 9.907197636493947e-06, (1, 1): 0.0008682097541168332, (2, 2): 4.185754369245842e-05, (0, 2): 1.1099427865701728e-05, (0, 0): 0.19464173913002014}]
Rotation Invariance test (relative): 0.00068219
Largest deviation in covariance test : 0.03483
Largest deviation in covariance test 0.03483 detected! Detailed summary (all relative):
(lvl, key) = (0, (0, 0)) -> 4.2379e-05 (norm) 7.4363e-06 (mean)
(lvl, key) = (0, (1, 1)) -> 7.8745e-08 (norm) 6.7188e-08 (mean)
(lvl, key) = (1, (2, 0)) -> 1.6217e-05 (norm) 1.4228e-05 (mean)
(lvl, key) = (1, (1, 1)) -> 0.0052892 (norm) 0.0011947 (mean)
(lvl, key) = (1, (2, 2)) -> 0.013203 (norm) 0.0014155 (mean)
(lvl, key) = (1, (0, 2)) -> 1.6228e-05 (norm) 1.4396e-05 (mean)
(lvl, key) = (1, (0, 0)) -> 0.0045252 (norm) 0.00077712 (mean)
(lvl, key) = (2, (2, 0)) -> 0.14203 (norm) 0.035977 (mean)
(lvl, key) = (2, (1, 1)) -> 0.0095927 (norm) 0.0038655 (mean)
(lvl, key) = (2, (2, 2)) -> 0.014159 (norm) 0.0018705 (mean)
(lvl, key) = (2, (0, 2)) -> 0.1928 (norm) 0.045057 (mean)
(lvl, key) = (2, (0, 0)) -> 0.0029854 (norm) 0.0005411 (mean)
(lvl, key) = (3, (2, 0)) -> 0.1351 (norm) 0.16389 (mean)
(lvl, key) = (3, (1, 1)) -> 0.0097282 (norm) 0.0037335 (mean)
(lvl, key) = (3, (2, 2)) -> 0.02638 (norm) 0.0048487 (mean)
(lvl, key) = (3, (0, 2)) -> 0.17976 (norm) 0.1962 (mean)
(lvl, key) = (3, (0, 0)) -> 0.0011064 (norm) 0.00030192 (mean)
Beginning permutation test!
Permutation Invariance test error: 0.1635330617427826
Beginning batch invariance test!
Batch invariance test error: 4.185669695289107e-07
Test complete!
Loading previous model from checkpoint!
Loading from checkpoint!
Best loss from checkpoint: 0.1815946977992623 at epoch 18
Starting Epoch: 19
Epoch 19 Complete! Current Training Loss:     0.1807     0.9274     0.9745     383.7281 @0.3000
[[0.455 0.045]
 [0.027 0.473]]

ROC saved to file ./predict/maxdim3_nobj126_lr1e-3_1e-7_lrdecay-exp_pt550-650_nepoch_100_data100_run4.epoch19.train_ROC.csv

Saving predictions to file: ./predict/maxdim3_nobj126_lr1e-3_1e-7_lrdecay-exp_pt550-650_nepoch_100_data100_run4.final.train.pt
Saving model to checkpoint file: ./model/maxdim3_nobj126_lr1e-3_1e-7_lrdecay-exp_pt550-650_nepoch_100_data100_run4.pt
Starting testing on valid set: 
 Done! (Time: 5146.617234s)
Epoch 19 Complete! Current Validation Loss:     0.1819     0.9269     0.9731     333.6142 @0.3000
[[0.454 0.046]
 [0.028 0.472]]

ROC saved to file ./predict/maxdim3_nobj126_lr1e-3_1e-7_lrdecay-exp_pt550-650_nepoch_100_data100_run4.epoch19.valid_ROC.csv

Saving predictions to file: ./predict/maxdim3_nobj126_lr1e-3_1e-7_lrdecay-exp_pt550-650_nepoch_100_data100_run4.final.valid.pt
Epoch 19 complete!
Starting Epoch: 20
Epoch 20 Complete! Current Training Loss:     0.1805     0.9275     0.9745     370.1241 @0.3000
[[0.455 0.045]
 [0.027 0.473]]

ROC saved to file ./predict/maxdim3_nobj126_lr1e-3_1e-7_lrdecay-exp_pt550-650_nepoch_100_data100_run4.epoch20.train_ROC.csv

Saving predictions to file: ./predict/maxdim3_nobj126_lr1e-3_1e-7_lrdecay-exp_pt550-650_nepoch_100_data100_run4.final.train.pt
Saving model to checkpoint file: ./model/maxdim3_nobj126_lr1e-3_1e-7_lrdecay-exp_pt550-650_nepoch_100_data100_run4.pt
Starting testing on valid set: 
 Done! (Time: 5133.532772s)
Epoch 20 Complete! Current Validation Loss:     0.1825     0.9267     0.9738     367.0364 @0.3000
[[0.452 0.048]
 [0.026 0.474]]

ROC saved to file ./predict/maxdim3_nobj126_lr1e-3_1e-7_lrdecay-exp_pt550-650_nepoch_100_data100_run4.epoch20.valid_ROC.csv

Saving predictions to file: ./predict/maxdim3_nobj126_lr1e-3_1e-7_lrdecay-exp_pt550-650_nepoch_100_data100_run4.final.valid.pt
Epoch 20 complete!
Starting Epoch: 21
Epoch 21 Complete! Current Training Loss:     0.1804     0.9276     0.9745     383.9715 @0.3000
[[0.455 0.045]
 [0.027 0.473]]

ROC saved to file ./predict/maxdim3_nobj126_lr1e-3_1e-7_lrdecay-exp_pt550-650_nepoch_100_data100_run4.epoch21.train_ROC.csv

Saving predictions to file: ./predict/maxdim3_nobj126_lr1e-3_1e-7_lrdecay-exp_pt550-650_nepoch_100_data100_run4.final.train.pt
Saving model to checkpoint file: ./model/maxdim3_nobj126_lr1e-3_1e-7_lrdecay-exp_pt550-650_nepoch_100_data100_run4.pt
Starting testing on valid set: 
 Done! (Time: 5164.254419s)
Epoch 21 Complete! Current Validation Loss:     0.1811     0.9274     0.9755     433.3398 @0.3000
[[0.454 0.046]
 [0.026 0.474]]

ROC saved to file ./predict/maxdim3_nobj126_lr1e-3_1e-7_lrdecay-exp_pt550-650_nepoch_100_data100_run4.epoch21.valid_ROC.csv

Saving predictions to file: ./predict/maxdim3_nobj126_lr1e-3_1e-7_lrdecay-exp_pt550-650_nepoch_100_data100_run4.final.valid.pt
Lowest loss achieved! Saving best model to file: ./model/maxdim3_nobj126_lr1e-3_1e-7_lrdecay-exp_pt550-650_nepoch_100_data100_run4_best.pt
Epoch 21 complete!
Starting Epoch: 22
Epoch 22 Complete! Current Training Loss:     0.1803     0.9275     0.9747     397.0643 @0.3000
[[0.455 0.045]
 [0.027 0.472]]

ROC saved to file ./predict/maxdim3_nobj126_lr1e-3_1e-7_lrdecay-exp_pt550-650_nepoch_100_data100_run4.epoch22.train_ROC.csv

Saving predictions to file: ./predict/maxdim3_nobj126_lr1e-3_1e-7_lrdecay-exp_pt550-650_nepoch_100_data100_run4.final.train.pt
Saving model to checkpoint file: ./model/maxdim3_nobj126_lr1e-3_1e-7_lrdecay-exp_pt550-650_nepoch_100_data100_run4.pt
Starting testing on valid set: 
 Done! (Time: 5068.349074s)
Epoch 22 Complete! Current Validation Loss:     0.1813     0.9272     0.9748     398.2273 @0.2998
[[0.452 0.048]
 [0.024 0.476]]

ROC saved to file ./predict/maxdim3_nobj126_lr1e-3_1e-7_lrdecay-exp_pt550-650_nepoch_100_data100_run4.epoch22.valid_ROC.csv

Saving predictions to file: ./predict/maxdim3_nobj126_lr1e-3_1e-7_lrdecay-exp_pt550-650_nepoch_100_data100_run4.final.valid.pt
Epoch 22 complete!
Starting Epoch: 23
Epoch 23 Complete! Current Training Loss:     0.1801     0.9278     0.9746     383.2424 @0.3001
[[0.455 0.045]
 [0.027 0.473]]

ROC saved to file ./predict/maxdim3_nobj126_lr1e-3_1e-7_lrdecay-exp_pt550-650_nepoch_100_data100_run4.epoch23.train_ROC.csv

Saving predictions to file: ./predict/maxdim3_nobj126_lr1e-3_1e-7_lrdecay-exp_pt550-650_nepoch_100_data100_run4.final.train.pt
Saving model to checkpoint file: ./model/maxdim3_nobj126_lr1e-3_1e-7_lrdecay-exp_pt550-650_nepoch_100_data100_run4.pt
Starting testing on valid set: 
 Done! (Time: 5086.415459s)
Epoch 23 Complete! Current Validation Loss:     0.1813     0.9270     0.9746     385.2830 @0.3000
[[0.456 0.044]
 [0.029 0.471]]

ROC saved to file ./predict/maxdim3_nobj126_lr1e-3_1e-7_lrdecay-exp_pt550-650_nepoch_100_data100_run4.epoch23.valid_ROC.csv

Saving predictions to file: ./predict/maxdim3_nobj126_lr1e-3_1e-7_lrdecay-exp_pt550-650_nepoch_100_data100_run4.final.valid.pt
Epoch 23 complete!
Starting Epoch: 24
Epoch 24 Complete! Current Training Loss:     0.1800     0.9277     0.9746     378.2155 @0.3000
[[0.455 0.045]
 [0.027 0.473]]

ROC saved to file ./predict/maxdim3_nobj126_lr1e-3_1e-7_lrdecay-exp_pt550-650_nepoch_100_data100_run4.epoch24.train_ROC.csv

Saving predictions to file: ./predict/maxdim3_nobj126_lr1e-3_1e-7_lrdecay-exp_pt550-650_nepoch_100_data100_run4.final.train.pt
Saving model to checkpoint file: ./model/maxdim3_nobj126_lr1e-3_1e-7_lrdecay-exp_pt550-650_nepoch_100_data100_run4.pt
Starting testing on valid set: 
 Done! (Time: 5050.998156s)
Epoch 24 Complete! Current Validation Loss:     0.1817     0.9269     0.9741     390.5097 @0.3000
[[0.458 0.042]
 [0.031 0.469]]

ROC saved to file ./predict/maxdim3_nobj126_lr1e-3_1e-7_lrdecay-exp_pt550-650_nepoch_100_data100_run4.epoch24.valid_ROC.csv

Saving predictions to file: ./predict/maxdim3_nobj126_lr1e-3_1e-7_lrdecay-exp_pt550-650_nepoch_100_data100_run4.final.valid.pt
Epoch 24 complete!
Starting Epoch: 25
Epoch 25 Complete! Current Training Loss:     0.1798     0.9276     0.9744     378.4519 @0.3000
[[0.455 0.045]
 [0.027 0.473]]

ROC saved to file ./predict/maxdim3_nobj126_lr1e-3_1e-7_lrdecay-exp_pt550-650_nepoch_100_data100_run4.epoch25.train_ROC.csv

Saving predictions to file: ./predict/maxdim3_nobj126_lr1e-3_1e-7_lrdecay-exp_pt550-650_nepoch_100_data100_run4.final.train.pt
Saving model to checkpoint file: ./model/maxdim3_nobj126_lr1e-3_1e-7_lrdecay-exp_pt550-650_nepoch_100_data100_run4.pt
Starting testing on valid set: 
 Done! (Time: 3501.443157s)
Epoch 25 Complete! Current Validation Loss:     0.1807     0.9275     0.9731     340.9526 @0.3000
[[0.455 0.045]
 [0.027 0.473]]

ROC saved to file ./predict/maxdim3_nobj126_lr1e-3_1e-7_lrdecay-exp_pt550-650_nepoch_100_data100_run4.epoch25.valid_ROC.csv

Saving predictions to file: ./predict/maxdim3_nobj126_lr1e-3_1e-7_lrdecay-exp_pt550-650_nepoch_100_data100_run4.final.valid.pt
Lowest loss achieved! Saving best model to file: ./model/maxdim3_nobj126_lr1e-3_1e-7_lrdecay-exp_pt550-650_nepoch_100_data100_run4_best.pt
Epoch 25 complete!
Starting Epoch: 26
Epoch 26 Complete! Current Training Loss:     0.1797     0.9279     0.9743     364.5533 @0.3000
[[0.455 0.045]
 [0.027 0.473]]

ROC saved to file ./predict/maxdim3_nobj126_lr1e-3_1e-7_lrdecay-exp_pt550-650_nepoch_100_data100_run4.epoch26.train_ROC.csv

Saving predictions to file: ./predict/maxdim3_nobj126_lr1e-3_1e-7_lrdecay-exp_pt550-650_nepoch_100_data100_run4.final.train.pt
Saving model to checkpoint file: ./model/maxdim3_nobj126_lr1e-3_1e-7_lrdecay-exp_pt550-650_nepoch_100_data100_run4.pt
Starting testing on valid set: 
 Done! (Time: 2314.597663s)
Epoch 26 Complete! Current Validation Loss:     0.1806     0.9274     0.9739     376.6411 @0.2999
[[0.456 0.045]
 [0.028 0.472]]

ROC saved to file ./predict/maxdim3_nobj126_lr1e-3_1e-7_lrdecay-exp_pt550-650_nepoch_100_data100_run4.epoch26.valid_ROC.csv

Saving predictions to file: ./predict/maxdim3_nobj126_lr1e-3_1e-7_lrdecay-exp_pt550-650_nepoch_100_data100_run4.final.valid.pt
Lowest loss achieved! Saving best model to file: ./model/maxdim3_nobj126_lr1e-3_1e-7_lrdecay-exp_pt550-650_nepoch_100_data100_run4_best.pt
Epoch 26 complete!
Starting Epoch: 27
Epoch 27 Complete! Current Training Loss:     0.1796     0.9279     0.9740     354.3142 @0.3000
[[0.455 0.045]
 [0.027 0.473]]

ROC saved to file ./predict/maxdim3_nobj126_lr1e-3_1e-7_lrdecay-exp_pt550-650_nepoch_100_data100_run4.epoch27.train_ROC.csv

Saving predictions to file: ./predict/maxdim3_nobj126_lr1e-3_1e-7_lrdecay-exp_pt550-650_nepoch_100_data100_run4.final.train.pt
Saving model to checkpoint file: ./model/maxdim3_nobj126_lr1e-3_1e-7_lrdecay-exp_pt550-650_nepoch_100_data100_run4.pt
Starting testing on valid set: 
 Done! (Time: 2774.753157s)
Epoch 27 Complete! Current Validation Loss:     0.1806     0.9273     0.9743     367.0364 @0.3000
[[0.455 0.045]
 [0.028 0.472]]

ROC saved to file ./predict/maxdim3_nobj126_lr1e-3_1e-7_lrdecay-exp_pt550-650_nepoch_100_data100_run4.epoch27.valid_ROC.csv

Saving predictions to file: ./predict/maxdim3_nobj126_lr1e-3_1e-7_lrdecay-exp_pt550-650_nepoch_100_data100_run4.final.valid.pt
Epoch 27 complete!
Starting Epoch: 28
Epoch 28 Complete! Current Training Loss:     0.1795     0.9279     0.9742     363.2412 @0.3000
[[0.455 0.045]
 [0.027 0.473]]

ROC saved to file ./predict/maxdim3_nobj126_lr1e-3_1e-7_lrdecay-exp_pt550-650_nepoch_100_data100_run4.epoch28.train_ROC.csv

Saving predictions to file: ./predict/maxdim3_nobj126_lr1e-3_1e-7_lrdecay-exp_pt550-650_nepoch_100_data100_run4.final.train.pt
Saving model to checkpoint file: ./model/maxdim3_nobj126_lr1e-3_1e-7_lrdecay-exp_pt550-650_nepoch_100_data100_run4.pt
Starting testing on valid set: 
 Done! (Time: 2767.548454s)
Epoch 28 Complete! Current Validation Loss:     0.1809     0.9273     0.9741     342.6922 @0.2999
[[0.454 0.046]
 [0.027 0.473]]

ROC saved to file ./predict/maxdim3_nobj126_lr1e-3_1e-7_lrdecay-exp_pt550-650_nepoch_100_data100_run4.epoch28.valid_ROC.csv

Saving predictions to file: ./predict/maxdim3_nobj126_lr1e-3_1e-7_lrdecay-exp_pt550-650_nepoch_100_data100_run4.final.valid.pt
Epoch 28 complete!
Starting Epoch: 29
Epoch 29 Complete! Current Training Loss:     0.1794     0.9278     0.9741     351.8437 @0.2999
[[0.455 0.045]
 [0.027 0.473]]

ROC saved to file ./predict/maxdim3_nobj126_lr1e-3_1e-7_lrdecay-exp_pt550-650_nepoch_100_data100_run4.epoch29.train_ROC.csv

Saving predictions to file: ./predict/maxdim3_nobj126_lr1e-3_1e-7_lrdecay-exp_pt550-650_nepoch_100_data100_run4.final.train.pt
Saving model to checkpoint file: ./model/maxdim3_nobj126_lr1e-3_1e-7_lrdecay-exp_pt550-650_nepoch_100_data100_run4.pt
Starting testing on valid set: 
 Done! (Time: 2690.283898s)
Epoch 29 Complete! Current Validation Loss:     0.1806     0.9276     0.9741     388.2524 @0.3000
[[0.453 0.047]
 [0.026 0.474]]

ROC saved to file ./predict/maxdim3_nobj126_lr1e-3_1e-7_lrdecay-exp_pt550-650_nepoch_100_data100_run4.epoch29.valid_ROC.csv

Saving predictions to file: ./predict/maxdim3_nobj126_lr1e-3_1e-7_lrdecay-exp_pt550-650_nepoch_100_data100_run4.final.valid.pt
Lowest loss achieved! Saving best model to file: ./model/maxdim3_nobj126_lr1e-3_1e-7_lrdecay-exp_pt550-650_nepoch_100_data100_run4_best.pt
Epoch 29 complete!
Starting Epoch: 30
Epoch 30 Complete! Current Training Loss:     0.1793     0.9280     0.9739     350.6213 @0.2999
[[0.455 0.045]
 [0.027 0.473]]

ROC saved to file ./predict/maxdim3_nobj126_lr1e-3_1e-7_lrdecay-exp_pt550-650_nepoch_100_data100_run4.epoch30.train_ROC.csv

Saving predictions to file: ./predict/maxdim3_nobj126_lr1e-3_1e-7_lrdecay-exp_pt550-650_nepoch_100_data100_run4.final.train.pt
Saving model to checkpoint file: ./model/maxdim3_nobj126_lr1e-3_1e-7_lrdecay-exp_pt550-650_nepoch_100_data100_run4.pt
Starting testing on valid set: 
 Done! (Time: 2695.870195s)
Epoch 30 Complete! Current Validation Loss:     0.1804     0.9277     0.9740     365.0417 @0.2999
[[0.454 0.046]
 [0.027 0.473]]

ROC saved to file ./predict/maxdim3_nobj126_lr1e-3_1e-7_lrdecay-exp_pt550-650_nepoch_100_data100_run4.epoch30.valid_ROC.csv

Saving predictions to file: ./predict/maxdim3_nobj126_lr1e-3_1e-7_lrdecay-exp_pt550-650_nepoch_100_data100_run4.final.valid.pt
Lowest loss achieved! Saving best model to file: ./model/maxdim3_nobj126_lr1e-3_1e-7_lrdecay-exp_pt550-650_nepoch_100_data100_run4_best.pt
Epoch 30 complete!
Starting Epoch: 31
Epoch 31 Complete! Current Training Loss:     0.1793     0.9278     0.9740     361.9384 @0.3000
[[0.455 0.045]
 [0.027 0.473]]

ROC saved to file ./predict/maxdim3_nobj126_lr1e-3_1e-7_lrdecay-exp_pt550-650_nepoch_100_data100_run4.epoch31.train_ROC.csv

Saving predictions to file: ./predict/maxdim3_nobj126_lr1e-3_1e-7_lrdecay-exp_pt550-650_nepoch_100_data100_run4.final.train.pt
Saving model to checkpoint file: ./model/maxdim3_nobj126_lr1e-3_1e-7_lrdecay-exp_pt550-650_nepoch_100_data100_run4.pt
Starting testing on valid set: 
 Done! (Time: 2673.898463s)
Epoch 31 Complete! Current Validation Loss:     0.1804     0.9276     0.9731     328.7162 @0.3000
[[0.453 0.047]
 [0.026 0.474]]

ROC saved to file ./predict/maxdim3_nobj126_lr1e-3_1e-7_lrdecay-exp_pt550-650_nepoch_100_data100_run4.epoch31.valid_ROC.csv

Saving predictions to file: ./predict/maxdim3_nobj126_lr1e-3_1e-7_lrdecay-exp_pt550-650_nepoch_100_data100_run4.final.valid.pt
Epoch 31 complete!
Starting Epoch: 32
Epoch 32 Complete! Current Training Loss:     0.1792     0.9280     0.9736     334.7280 @0.3000
[[0.455 0.045]
 [0.027 0.473]]

ROC saved to file ./predict/maxdim3_nobj126_lr1e-3_1e-7_lrdecay-exp_pt550-650_nepoch_100_data100_run4.epoch32.train_ROC.csv

Saving predictions to file: ./predict/maxdim3_nobj126_lr1e-3_1e-7_lrdecay-exp_pt550-650_nepoch_100_data100_run4.final.train.pt
Saving model to checkpoint file: ./model/maxdim3_nobj126_lr1e-3_1e-7_lrdecay-exp_pt550-650_nepoch_100_data100_run4.pt
Starting testing on valid set: 
 Done! (Time: 2688.300095s)
Epoch 32 Complete! Current Validation Loss:     0.1807     0.9274     0.9726     289.5158 @0.3000
[[0.453 0.047]
 [0.026 0.474]]

ROC saved to file ./predict/maxdim3_nobj126_lr1e-3_1e-7_lrdecay-exp_pt550-650_nepoch_100_data100_run4.epoch32.valid_ROC.csv

Saving predictions to file: ./predict/maxdim3_nobj126_lr1e-3_1e-7_lrdecay-exp_pt550-650_nepoch_100_data100_run4.final.valid.pt
Epoch 32 complete!
Starting Epoch: 33
Epoch 33 Complete! Current Training Loss:     0.1791     0.9280     0.9736     333.9895 @0.3000
[[0.455 0.045]
 [0.027 0.473]]

ROC saved to file ./predict/maxdim3_nobj126_lr1e-3_1e-7_lrdecay-exp_pt550-650_nepoch_100_data100_run4.epoch33.train_ROC.csv

Saving predictions to file: ./predict/maxdim3_nobj126_lr1e-3_1e-7_lrdecay-exp_pt550-650_nepoch_100_data100_run4.final.train.pt
Saving model to checkpoint file: ./model/maxdim3_nobj126_lr1e-3_1e-7_lrdecay-exp_pt550-650_nepoch_100_data100_run4.pt
Starting testing on valid set: 
 Done! (Time: 2692.969318s)
Epoch 33 Complete! Current Validation Loss:     0.1802     0.9278     0.9735     342.6922 @0.3002
[[0.454 0.046]
 [0.027 0.473]]

ROC saved to file ./predict/maxdim3_nobj126_lr1e-3_1e-7_lrdecay-exp_pt550-650_nepoch_100_data100_run4.epoch33.valid_ROC.csv

Saving predictions to file: ./predict/maxdim3_nobj126_lr1e-3_1e-7_lrdecay-exp_pt550-650_nepoch_100_data100_run4.final.valid.pt
Lowest loss achieved! Saving best model to file: ./model/maxdim3_nobj126_lr1e-3_1e-7_lrdecay-exp_pt550-650_nepoch_100_data100_run4_best.pt
Epoch 33 complete!
Starting Epoch: 34
Epoch 34 Complete! Current Training Loss:     0.1791     0.9281     0.9737     335.6558 @0.3000
[[0.455 0.045]
 [0.027 0.473]]

ROC saved to file ./predict/maxdim3_nobj126_lr1e-3_1e-7_lrdecay-exp_pt550-650_nepoch_100_data100_run4.epoch34.train_ROC.csv

Saving predictions to file: ./predict/maxdim3_nobj126_lr1e-3_1e-7_lrdecay-exp_pt550-650_nepoch_100_data100_run4.final.train.pt
Saving model to checkpoint file: ./model/maxdim3_nobj126_lr1e-3_1e-7_lrdecay-exp_pt550-650_nepoch_100_data100_run4.pt
Starting testing on valid set: 
 Done! (Time: 2697.642626s)
Epoch 34 Complete! Current Validation Loss:     0.1802     0.9277     0.9732     313.8676 @0.3001
[[0.455 0.045]
 [0.027 0.473]]

ROC saved to file ./predict/maxdim3_nobj126_lr1e-3_1e-7_lrdecay-exp_pt550-650_nepoch_100_data100_run4.epoch34.valid_ROC.csv

Saving predictions to file: ./predict/maxdim3_nobj126_lr1e-3_1e-7_lrdecay-exp_pt550-650_nepoch_100_data100_run4.final.valid.pt
Lowest loss achieved! Saving best model to file: ./model/maxdim3_nobj126_lr1e-3_1e-7_lrdecay-exp_pt550-650_nepoch_100_data100_run4_best.pt
Epoch 34 complete!
Starting Epoch: 35
Epoch 35 Complete! Current Training Loss:     0.1790     0.9281     0.9734     329.8056 @0.3000
[[0.455 0.045]
 [0.027 0.473]]

ROC saved to file ./predict/maxdim3_nobj126_lr1e-3_1e-7_lrdecay-exp_pt550-650_nepoch_100_data100_run4.epoch35.train_ROC.csv

Saving predictions to file: ./predict/maxdim3_nobj126_lr1e-3_1e-7_lrdecay-exp_pt550-650_nepoch_100_data100_run4.final.train.pt
Saving model to checkpoint file: ./model/maxdim3_nobj126_lr1e-3_1e-7_lrdecay-exp_pt550-650_nepoch_100_data100_run4.pt
Starting testing on valid set: 
 Done! (Time: 2682.308219s)
Epoch 35 Complete! Current Validation Loss:     0.1805     0.9276     0.9736     320.8646 @0.3000
[[0.455 0.045]
 [0.027 0.473]]

ROC saved to file ./predict/maxdim3_nobj126_lr1e-3_1e-7_lrdecay-exp_pt550-650_nepoch_100_data100_run4.epoch35.valid_ROC.csv

Saving predictions to file: ./predict/maxdim3_nobj126_lr1e-3_1e-7_lrdecay-exp_pt550-650_nepoch_100_data100_run4.final.valid.pt
Epoch 35 complete!
Starting Epoch: 36
Epoch 36 Complete! Current Training Loss:     0.1790     0.9282     0.9730     310.2065 @0.3000
[[0.455 0.045]
 [0.027 0.473]]

ROC saved to file ./predict/maxdim3_nobj126_lr1e-3_1e-7_lrdecay-exp_pt550-650_nepoch_100_data100_run4.epoch36.train_ROC.csv

Saving predictions to file: ./predict/maxdim3_nobj126_lr1e-3_1e-7_lrdecay-exp_pt550-650_nepoch_100_data100_run4.final.train.pt
Saving model to checkpoint file: ./model/maxdim3_nobj126_lr1e-3_1e-7_lrdecay-exp_pt550-650_nepoch_100_data100_run4.pt
Starting testing on valid set: 
 Done! (Time: 2665.083953s)
Epoch 36 Complete! Current Validation Loss:     0.1803     0.9276     0.9728     321.8898 @0.3000
[[0.454 0.046]
 [0.027 0.473]]

ROC saved to file ./predict/maxdim3_nobj126_lr1e-3_1e-7_lrdecay-exp_pt550-650_nepoch_100_data100_run4.epoch36.valid_ROC.csv

Saving predictions to file: ./predict/maxdim3_nobj126_lr1e-3_1e-7_lrdecay-exp_pt550-650_nepoch_100_data100_run4.final.valid.pt
Epoch 36 complete!
Starting Epoch: 37
Epoch 37 Complete! Current Training Loss:     0.1789     0.9281     0.9730     314.5574 @0.3000
[[0.455 0.045]
 [0.027 0.473]]

ROC saved to file ./predict/maxdim3_nobj126_lr1e-3_1e-7_lrdecay-exp_pt550-650_nepoch_100_data100_run4.epoch37.train_ROC.csv

Saving predictions to file: ./predict/maxdim3_nobj126_lr1e-3_1e-7_lrdecay-exp_pt550-650_nepoch_100_data100_run4.final.train.pt
Saving model to checkpoint file: ./model/maxdim3_nobj126_lr1e-3_1e-7_lrdecay-exp_pt550-650_nepoch_100_data100_run4.pt
Starting testing on valid set: 
 Done! (Time: 2692.856162s)
Epoch 37 Complete! Current Validation Loss:     0.1804     0.9277     0.9716     269.7497 @0.2999
[[0.456 0.044]
 [0.028 0.472]]

ROC saved to file ./predict/maxdim3_nobj126_lr1e-3_1e-7_lrdecay-exp_pt550-650_nepoch_100_data100_run4.epoch37.valid_ROC.csv

Saving predictions to file: ./predict/maxdim3_nobj126_lr1e-3_1e-7_lrdecay-exp_pt550-650_nepoch_100_data100_run4.final.valid.pt
Epoch 37 complete!
Starting Epoch: 38
Epoch 38 Complete! Current Training Loss:     0.1789     0.9282     0.9731     311.1629 @0.3000
[[0.455 0.045]
 [0.027 0.473]]

ROC saved to file ./predict/maxdim3_nobj126_lr1e-3_1e-7_lrdecay-exp_pt550-650_nepoch_100_data100_run4.epoch38.train_ROC.csv

Saving predictions to file: ./predict/maxdim3_nobj126_lr1e-3_1e-7_lrdecay-exp_pt550-650_nepoch_100_data100_run4.final.train.pt
Saving model to checkpoint file: ./model/maxdim3_nobj126_lr1e-3_1e-7_lrdecay-exp_pt550-650_nepoch_100_data100_run4.pt
Starting testing on valid set: 
 Done! (Time: 2695.063635s)
Epoch 38 Complete! Current Validation Loss:     0.1801     0.9277     0.9728     316.3312 @0.2999
[[0.455 0.045]
 [0.027 0.473]]

ROC saved to file ./predict/maxdim3_nobj126_lr1e-3_1e-7_lrdecay-exp_pt550-650_nepoch_100_data100_run4.epoch38.valid_ROC.csv

Saving predictions to file: ./predict/maxdim3_nobj126_lr1e-3_1e-7_lrdecay-exp_pt550-650_nepoch_100_data100_run4.final.valid.pt
Lowest loss achieved! Saving best model to file: ./model/maxdim3_nobj126_lr1e-3_1e-7_lrdecay-exp_pt550-650_nepoch_100_data100_run4_best.pt
Epoch 38 complete!
Starting Epoch: 39
Epoch 39 Complete! Current Training Loss:     0.1788     0.9282     0.9731     315.0484 @0.3000
[[0.455 0.045]
 [0.027 0.473]]

ROC saved to file ./predict/maxdim3_nobj126_lr1e-3_1e-7_lrdecay-exp_pt550-650_nepoch_100_data100_run4.epoch39.train_ROC.csv

Saving predictions to file: ./predict/maxdim3_nobj126_lr1e-3_1e-7_lrdecay-exp_pt550-650_nepoch_100_data100_run4.final.train.pt
Saving model to checkpoint file: ./model/maxdim3_nobj126_lr1e-3_1e-7_lrdecay-exp_pt550-650_nepoch_100_data100_run4.pt
Starting testing on valid set: 
 Done! (Time: 2668.46681s)
Epoch 39 Complete! Current Validation Loss:     0.1802     0.9276     0.9724     292.8823 @0.3001
[[0.457 0.043]
 [0.029 0.471]]

ROC saved to file ./predict/maxdim3_nobj126_lr1e-3_1e-7_lrdecay-exp_pt550-650_nepoch_100_data100_run4.epoch39.valid_ROC.csv

Saving predictions to file: ./predict/maxdim3_nobj126_lr1e-3_1e-7_lrdecay-exp_pt550-650_nepoch_100_data100_run4.final.valid.pt
Epoch 39 complete!
Starting Epoch: 40
Epoch 40 Complete! Current Training Loss:     0.1788     0.9281     0.9729     310.0476 @0.3000
[[0.455 0.045]
 [0.027 0.473]]

ROC saved to file ./predict/maxdim3_nobj126_lr1e-3_1e-7_lrdecay-exp_pt550-650_nepoch_100_data100_run4.epoch40.train_ROC.csv

Saving predictions to file: ./predict/maxdim3_nobj126_lr1e-3_1e-7_lrdecay-exp_pt550-650_nepoch_100_data100_run4.final.train.pt
Saving model to checkpoint file: ./model/maxdim3_nobj126_lr1e-3_1e-7_lrdecay-exp_pt550-650_nepoch_100_data100_run4.pt
Starting testing on valid set: 
 Done! (Time: 2693.992819s)
Epoch 40 Complete! Current Validation Loss:     0.1801     0.9277     0.9729     299.8557 @0.3000
[[0.455 0.045]
 [0.027 0.473]]

ROC saved to file ./predict/maxdim3_nobj126_lr1e-3_1e-7_lrdecay-exp_pt550-650_nepoch_100_data100_run4.epoch40.valid_ROC.csv

Saving predictions to file: ./predict/maxdim3_nobj126_lr1e-3_1e-7_lrdecay-exp_pt550-650_nepoch_100_data100_run4.final.valid.pt
Lowest loss achieved! Saving best model to file: ./model/maxdim3_nobj126_lr1e-3_1e-7_lrdecay-exp_pt550-650_nepoch_100_data100_run4_best.pt
Epoch 40 complete!
Starting Epoch: 41
Epoch 41 Complete! Current Training Loss:     0.1787     0.9282     0.9729     311.4830 @0.3000
[[0.455 0.045]
 [0.027 0.473]]

ROC saved to file ./predict/maxdim3_nobj126_lr1e-3_1e-7_lrdecay-exp_pt550-650_nepoch_100_data100_run4.epoch41.train_ROC.csv

Saving predictions to file: ./predict/maxdim3_nobj126_lr1e-3_1e-7_lrdecay-exp_pt550-650_nepoch_100_data100_run4.final.train.pt
Saving model to checkpoint file: ./model/maxdim3_nobj126_lr1e-3_1e-7_lrdecay-exp_pt550-650_nepoch_100_data100_run4.pt
Starting testing on valid set: 
 Done! (Time: 2672.720185s)
Epoch 41 Complete! Current Validation Loss:     0.1801     0.9277     0.9725     302.1034 @0.2999
[[0.455 0.045]
 [0.027 0.473]]

ROC saved to file ./predict/maxdim3_nobj126_lr1e-3_1e-7_lrdecay-exp_pt550-650_nepoch_100_data100_run4.epoch41.valid_ROC.csv

Saving predictions to file: ./predict/maxdim3_nobj126_lr1e-3_1e-7_lrdecay-exp_pt550-650_nepoch_100_data100_run4.final.valid.pt
Epoch 41 complete!
Starting Epoch: 42
Epoch 42 Complete! Current Training Loss:     0.1787     0.9283     0.9729     307.2161 @0.3000
[[0.455 0.045]
 [0.027 0.473]]

ROC saved to file ./predict/maxdim3_nobj126_lr1e-3_1e-7_lrdecay-exp_pt550-650_nepoch_100_data100_run4.epoch42.train_ROC.csv

Saving predictions to file: ./predict/maxdim3_nobj126_lr1e-3_1e-7_lrdecay-exp_pt550-650_nepoch_100_data100_run4.final.train.pt
Saving model to checkpoint file: ./model/maxdim3_nobj126_lr1e-3_1e-7_lrdecay-exp_pt550-650_nepoch_100_data100_run4.pt
Starting testing on valid set: 
 Done! (Time: 3906.586022s)
Epoch 42 Complete! Current Validation Loss:     0.1801     0.9277     0.9722     279.8653 @0.2998
[[0.456 0.044]
 [0.028 0.472]]

ROC saved to file ./predict/maxdim3_nobj126_lr1e-3_1e-7_lrdecay-exp_pt550-650_nepoch_100_data100_run4.epoch42.valid_ROC.csv

Saving predictions to file: ./predict/maxdim3_nobj126_lr1e-3_1e-7_lrdecay-exp_pt550-650_nepoch_100_data100_run4.final.valid.pt
Epoch 42 complete!
Starting Epoch: 43
Epoch 43 Complete! Current Training Loss:     0.1787     0.9283     0.9728     303.3682 @0.3000
[[0.455 0.045]
 [0.027 0.473]]

ROC saved to file ./predict/maxdim3_nobj126_lr1e-3_1e-7_lrdecay-exp_pt550-650_nepoch_100_data100_run4.epoch43.train_ROC.csv

Saving predictions to file: ./predict/maxdim3_nobj126_lr1e-3_1e-7_lrdecay-exp_pt550-650_nepoch_100_data100_run4.final.train.pt
Saving model to checkpoint file: ./model/maxdim3_nobj126_lr1e-3_1e-7_lrdecay-exp_pt550-650_nepoch_100_data100_run4.pt
Starting testing on valid set: 
 Done! (Time: 2706.75728s)
Epoch 43 Complete! Current Validation Loss:     0.1801     0.9276     0.9718     262.3737 @0.3000
[[0.456 0.044]
 [0.028 0.472]]

ROC saved to file ./predict/maxdim3_nobj126_lr1e-3_1e-7_lrdecay-exp_pt550-650_nepoch_100_data100_run4.epoch43.valid_ROC.csv

Saving predictions to file: ./predict/maxdim3_nobj126_lr1e-3_1e-7_lrdecay-exp_pt550-650_nepoch_100_data100_run4.final.valid.pt
Epoch 43 complete!
Starting Epoch: 44
Epoch 44 Complete! Current Training Loss:     0.1787     0.9282     0.9727     300.3586 @0.3000
[[0.455 0.045]
 [0.027 0.473]]

ROC saved to file ./predict/maxdim3_nobj126_lr1e-3_1e-7_lrdecay-exp_pt550-650_nepoch_100_data100_run4.epoch44.train_ROC.csv

Saving predictions to file: ./predict/maxdim3_nobj126_lr1e-3_1e-7_lrdecay-exp_pt550-650_nepoch_100_data100_run4.final.train.pt
Saving model to checkpoint file: ./model/maxdim3_nobj126_lr1e-3_1e-7_lrdecay-exp_pt550-650_nepoch_100_data100_run4.pt
Starting testing on valid set: 
 Done! (Time: 2605.118022s)
Epoch 44 Complete! Current Validation Loss:     0.1801     0.9278     0.9724     282.6129 @0.2999
[[0.455 0.045]
 [0.027 0.473]]

ROC saved to file ./predict/maxdim3_nobj126_lr1e-3_1e-7_lrdecay-exp_pt550-650_nepoch_100_data100_run4.epoch44.valid_ROC.csv

Saving predictions to file: ./predict/maxdim3_nobj126_lr1e-3_1e-7_lrdecay-exp_pt550-650_nepoch_100_data100_run4.final.valid.pt
Epoch 44 complete!
Starting Epoch: 45
Epoch 45 Complete! Current Training Loss:     0.1786     0.9283     0.9726     297.9936 @0.3000
[[0.455 0.045]
 [0.027 0.473]]

ROC saved to file ./predict/maxdim3_nobj126_lr1e-3_1e-7_lrdecay-exp_pt550-650_nepoch_100_data100_run4.epoch45.train_ROC.csv

Saving predictions to file: ./predict/maxdim3_nobj126_lr1e-3_1e-7_lrdecay-exp_pt550-650_nepoch_100_data100_run4.final.train.pt
Saving model to checkpoint file: ./model/maxdim3_nobj126_lr1e-3_1e-7_lrdecay-exp_pt550-650_nepoch_100_data100_run4.pt
Starting testing on valid set: 
 Done! (Time: 2596.464622s)
Epoch 45 Complete! Current Validation Loss:     0.1799     0.9278     0.9723     281.8224 @0.3002
[[0.455 0.045]
 [0.027 0.473]]

ROC saved to file ./predict/maxdim3_nobj126_lr1e-3_1e-7_lrdecay-exp_pt550-650_nepoch_100_data100_run4.epoch45.valid_ROC.csv

Saving predictions to file: ./predict/maxdim3_nobj126_lr1e-3_1e-7_lrdecay-exp_pt550-650_nepoch_100_data100_run4.final.valid.pt
Lowest loss achieved! Saving best model to file: ./model/maxdim3_nobj126_lr1e-3_1e-7_lrdecay-exp_pt550-650_nepoch_100_data100_run4_best.pt
Epoch 45 complete!
Starting Epoch: 46
Epoch 46 Complete! Current Training Loss:     0.1786     0.9283     0.9726     293.8006 @0.3000
[[0.455 0.045]
 [0.027 0.473]]

ROC saved to file ./predict/maxdim3_nobj126_lr1e-3_1e-7_lrdecay-exp_pt550-650_nepoch_100_data100_run4.epoch46.train_ROC.csv

Saving predictions to file: ./predict/maxdim3_nobj126_lr1e-3_1e-7_lrdecay-exp_pt550-650_nepoch_100_data100_run4.final.train.pt
Saving model to checkpoint file: ./model/maxdim3_nobj126_lr1e-3_1e-7_lrdecay-exp_pt550-650_nepoch_100_data100_run4.pt
Starting testing on valid set: 
 Done! (Time: 2581.46125s)
Epoch 46 Complete! Current Validation Loss:     0.1800     0.9278     0.9726     303.9261 @0.3000
[[0.454 0.046]
 [0.027 0.473]]

ROC saved to file ./predict/maxdim3_nobj126_lr1e-3_1e-7_lrdecay-exp_pt550-650_nepoch_100_data100_run4.epoch46.valid_ROC.csv

Saving predictions to file: ./predict/maxdim3_nobj126_lr1e-3_1e-7_lrdecay-exp_pt550-650_nepoch_100_data100_run4.final.valid.pt
Epoch 46 complete!
Starting Epoch: 47
Epoch 47 Complete! Current Training Loss:     0.1786     0.9282     0.9725     291.8183 @0.3000
[[0.455 0.045]
 [0.027 0.473]]

ROC saved to file ./predict/maxdim3_nobj126_lr1e-3_1e-7_lrdecay-exp_pt550-650_nepoch_100_data100_run4.epoch47.train_ROC.csv

Saving predictions to file: ./predict/maxdim3_nobj126_lr1e-3_1e-7_lrdecay-exp_pt550-650_nepoch_100_data100_run4.final.train.pt
Saving model to checkpoint file: ./model/maxdim3_nobj126_lr1e-3_1e-7_lrdecay-exp_pt550-650_nepoch_100_data100_run4.pt
Starting testing on valid set: 
 Done! (Time: 2767.009537s)
Epoch 47 Complete! Current Validation Loss:     0.1800     0.9278     0.9722     280.6448 @0.2999
[[0.455 0.045]
 [0.028 0.472]]

ROC saved to file ./predict/maxdim3_nobj126_lr1e-3_1e-7_lrdecay-exp_pt550-650_nepoch_100_data100_run4.epoch47.valid_ROC.csv

Saving predictions to file: ./predict/maxdim3_nobj126_lr1e-3_1e-7_lrdecay-exp_pt550-650_nepoch_100_data100_run4.final.valid.pt
Epoch 47 complete!
Starting Epoch: 48
Epoch 48 Complete! Current Training Loss:     0.1786     0.9283     0.9725     292.9478 @0.3000
[[0.455 0.045]
 [0.027 0.473]]

ROC saved to file ./predict/maxdim3_nobj126_lr1e-3_1e-7_lrdecay-exp_pt550-650_nepoch_100_data100_run4.epoch48.train_ROC.csv

Saving predictions to file: ./predict/maxdim3_nobj126_lr1e-3_1e-7_lrdecay-exp_pt550-650_nepoch_100_data100_run4.final.train.pt
Saving model to checkpoint file: ./model/maxdim3_nobj126_lr1e-3_1e-7_lrdecay-exp_pt550-650_nepoch_100_data100_run4.pt
Starting testing on valid set: 
 Done! (Time: 2719.783219s)
Epoch 48 Complete! Current Validation Loss:     0.1801     0.9276     0.9728     301.6512 @0.3001
[[0.456 0.044]
 [0.028 0.472]]

ROC saved to file ./predict/maxdim3_nobj126_lr1e-3_1e-7_lrdecay-exp_pt550-650_nepoch_100_data100_run4.epoch48.valid_ROC.csv

Saving predictions to file: ./predict/maxdim3_nobj126_lr1e-3_1e-7_lrdecay-exp_pt550-650_nepoch_100_data100_run4.final.valid.pt
Epoch 48 complete!
Starting Epoch: 49
Epoch 49 Complete! Current Training Loss:     0.1785     0.9283     0.9725     291.6777 @0.3000
[[0.455 0.045]
 [0.027 0.473]]

ROC saved to file ./predict/maxdim3_nobj126_lr1e-3_1e-7_lrdecay-exp_pt550-650_nepoch_100_data100_run4.epoch49.train_ROC.csv

Saving predictions to file: ./predict/maxdim3_nobj126_lr1e-3_1e-7_lrdecay-exp_pt550-650_nepoch_100_data100_run4.final.train.pt
Saving model to checkpoint file: ./model/maxdim3_nobj126_lr1e-3_1e-7_lrdecay-exp_pt550-650_nepoch_100_data100_run4.pt
Starting testing on valid set: 
 Done! (Time: 2694.90579s)
Epoch 49 Complete! Current Validation Loss:     0.1800     0.9277     0.9723     283.4079 @0.3000
[[0.456 0.044]
 [0.028 0.472]]

ROC saved to file ./predict/maxdim3_nobj126_lr1e-3_1e-7_lrdecay-exp_pt550-650_nepoch_100_data100_run4.epoch49.valid_ROC.csv

Saving predictions to file: ./predict/maxdim3_nobj126_lr1e-3_1e-7_lrdecay-exp_pt550-650_nepoch_100_data100_run4.final.valid.pt
Epoch 49 complete!
Starting Epoch: 50
Epoch 50 Complete! Current Training Loss:     0.1785     0.9283     0.9725     290.9769 @0.3000
[[0.455 0.045]
 [0.027 0.473]]

ROC saved to file ./predict/maxdim3_nobj126_lr1e-3_1e-7_lrdecay-exp_pt550-650_nepoch_100_data100_run4.epoch50.train_ROC.csv

Saving predictions to file: ./predict/maxdim3_nobj126_lr1e-3_1e-7_lrdecay-exp_pt550-650_nepoch_100_data100_run4.final.train.pt
Saving model to checkpoint file: ./model/maxdim3_nobj126_lr1e-3_1e-7_lrdecay-exp_pt550-650_nepoch_100_data100_run4.pt
Starting testing on valid set: 
 Done! (Time: 2664.426549s)
Epoch 50 Complete! Current Validation Loss:     0.1800     0.9279     0.9723     281.0363 @0.3000
[[0.454 0.046]
 [0.026 0.474]]

ROC saved to file ./predict/maxdim3_nobj126_lr1e-3_1e-7_lrdecay-exp_pt550-650_nepoch_100_data100_run4.epoch50.valid_ROC.csv

Saving predictions to file: ./predict/maxdim3_nobj126_lr1e-3_1e-7_lrdecay-exp_pt550-650_nepoch_100_data100_run4.final.valid.pt
Epoch 50 complete!
Starting Epoch: 51
Epoch 51 Complete! Current Training Loss:     0.1785     0.9283     0.9724     284.6841 @0.3000
[[0.455 0.045]
 [0.027 0.473]]

ROC saved to file ./predict/maxdim3_nobj126_lr1e-3_1e-7_lrdecay-exp_pt550-650_nepoch_100_data100_run4.epoch51.train_ROC.csv

Saving predictions to file: ./predict/maxdim3_nobj126_lr1e-3_1e-7_lrdecay-exp_pt550-650_nepoch_100_data100_run4.final.train.pt
Saving model to checkpoint file: ./model/maxdim3_nobj126_lr1e-3_1e-7_lrdecay-exp_pt550-650_nepoch_100_data100_run4.pt
Starting testing on valid set: 
 Done! (Time: 2684.369402s)
Epoch 51 Complete! Current Validation Loss:     0.1800     0.9277     0.9719     267.6003 @0.2999
[[0.456 0.044]
 [0.029 0.471]]

ROC saved to file ./predict/maxdim3_nobj126_lr1e-3_1e-7_lrdecay-exp_pt550-650_nepoch_100_data100_run4.epoch51.valid_ROC.csv

Saving predictions to file: ./predict/maxdim3_nobj126_lr1e-3_1e-7_lrdecay-exp_pt550-650_nepoch_100_data100_run4.final.valid.pt
Epoch 51 complete!
Starting Epoch: 52
Epoch 52 Complete! Current Training Loss:     0.1785     0.9283     0.9724     289.3086 @0.3000
[[0.455 0.045]
 [0.027 0.473]]

ROC saved to file ./predict/maxdim3_nobj126_lr1e-3_1e-7_lrdecay-exp_pt550-650_nepoch_100_data100_run4.epoch52.train_ROC.csv

Saving predictions to file: ./predict/maxdim3_nobj126_lr1e-3_1e-7_lrdecay-exp_pt550-650_nepoch_100_data100_run4.final.train.pt
Saving model to checkpoint file: ./model/maxdim3_nobj126_lr1e-3_1e-7_lrdecay-exp_pt550-650_nepoch_100_data100_run4.pt
Starting testing on valid set: 
 Done! (Time: 2695.298325s)
Epoch 52 Complete! Current Validation Loss:     0.1800     0.9279     0.9717     265.8351 @0.2999
[[0.455 0.045]
 [0.027 0.473]]

ROC saved to file ./predict/maxdim3_nobj126_lr1e-3_1e-7_lrdecay-exp_pt550-650_nepoch_100_data100_run4.epoch52.valid_ROC.csv

Saving predictions to file: ./predict/maxdim3_nobj126_lr1e-3_1e-7_lrdecay-exp_pt550-650_nepoch_100_data100_run4.final.valid.pt
Epoch 52 complete!
Starting Epoch: 53
Epoch 53 Complete! Current Training Loss:     0.1785     0.9283     0.9724     285.7588 @0.3000
[[0.455 0.045]
 [0.027 0.473]]

ROC saved to file ./predict/maxdim3_nobj126_lr1e-3_1e-7_lrdecay-exp_pt550-650_nepoch_100_data100_run4.epoch53.train_ROC.csv

Saving predictions to file: ./predict/maxdim3_nobj126_lr1e-3_1e-7_lrdecay-exp_pt550-650_nepoch_100_data100_run4.final.train.pt
Saving model to checkpoint file: ./model/maxdim3_nobj126_lr1e-3_1e-7_lrdecay-exp_pt550-650_nepoch_100_data100_run4.pt
Starting testing on valid set: 
 Done! (Time: 2699.907496s)
Epoch 53 Complete! Current Validation Loss:     0.1800     0.9277     0.9719     272.6698 @0.3001
[[0.456 0.044]
 [0.028 0.472]]

ROC saved to file ./predict/maxdim3_nobj126_lr1e-3_1e-7_lrdecay-exp_pt550-650_nepoch_100_data100_run4.epoch53.valid_ROC.csv

Saving predictions to file: ./predict/maxdim3_nobj126_lr1e-3_1e-7_lrdecay-exp_pt550-650_nepoch_100_data100_run4.final.valid.pt
Epoch 53 complete!
Starting Epoch: 54
Initializing simulation based upon argument string:
scripts/train_lgn.py --datadir=/home/jano/clariant/data/toptag/h5 --maxdim=3 --max-zf=1 --num-channels 2 4 4 2 --num-epoch=53 --batch-size=8 --num-cg-levels=3 --scale=0.005 --lr-init=0.001 --lr-final=0.0000001 --mlp=True --alpha=100 --pmu-in=True --nobj=126 --lr-decay-type=exp --prefix=maxdim3_nobj126_lr1e-3_1e-7_lrdecay-exp_pt550-650_nepoch_100_data100_run4 --load
Log, best, checkpoint, load files: ./log/maxdim3_nobj126_lr1e-3_1e-7_lrdecay-exp_pt550-650_nepoch_100_data100_run4.log ./model/maxdim3_nobj126_lr1e-3_1e-7_lrdecay-exp_pt550-650_nepoch_100_data100_run4_best.pt ./model/maxdim3_nobj126_lr1e-3_1e-7_lrdecay-exp_pt550-650_nepoch_100_data100_run4.pt ./model/maxdim3_nobj126_lr1e-3_1e-7_lrdecay-exp_pt550-650_nepoch_100_data100_run4.pt
Dataset, learning target, datadir: jet is_signal /home/jano/clariant/data/toptag/h5
Git status: ef3d333

Values of all model arguments:
Namespace(activation='leakyrelu', add_beams=True, alpha=100.0, batch_group_size=1, batch_size=8, beam_mass=1, bestfile='./model/maxdim3_nobj126_lr1e-3_1e-7_lrdecay-exp_pt550-650_nepoch_100_data100_run4_best.pt', checkfile='./model/maxdim3_nobj126_lr1e-3_1e-7_lrdecay-exp_pt550-650_nepoch_100_data100_run4.pt', cuda=True, cutoff_decay=0, cutoff_type=['learn'], datadir='/home/jano/clariant/data/toptag/h5', dataset='jet', dtype='float', force_download=False, full_scalars=False, gaussian_mask=False, hard_cut_rad=inf, input='linear', level_gain=[1.0], load=True, loadfile='./model/maxdim3_nobj126_lr1e-3_1e-7_lrdecay-exp_pt550-650_nepoch_100_data100_run4.pt', log_level='info', logdir='log/', logfile='./log/maxdim3_nobj126_lr1e-3_1e-7_lrdecay-exp_pt550-650_nepoch_100_data100_run4.log', lr_decay=inf, lr_decay_type='exp', lr_final=1e-07, lr_init=0.001, lr_minibatch=True, max_zf=[1], maxdim=[3], mlp=True, mlp_depth=3, mlp_width=2, modeldir='model/', nobj=126, num_basis_fn=10, num_cg_levels=3, num_channels=[2, 4, 4, 2], num_epoch=53, num_mpnn_levels=1, num_test=-1, num_train=-1, num_valid=-1, num_workers=0, optim='amsgrad', parallel=False, pmu_in=True, predict=True, predictdir='predict/', predictfile='./predict/maxdim3_nobj126_lr1e-3_1e-7_lrdecay-exp_pt550-650_nepoch_100_data100_run4', prefix='maxdim3_nobj126_lr1e-3_1e-7_lrdecay-exp_pt550-650_nepoch_100_data100_run4', quiet=True, save=True, scale=0.005, seed=1, sgd_restart=-1, shuffle=True, soft_cut_rad=inf, soft_cut_width=inf, target='is_signal', task='train', test=True, textlog=True, top='linear', verbose=True, weight_decay=0, weight_init='randn', workdir='./')
Beginning training on CUDA/GPU! Device: 0
Initializing network!
hard_cut_rad: [inf, inf, inf]
soft_cut_rad: [inf, inf, inf]
soft_cut_width: [inf, inf, inf]
maxdim: [3, 3, 3]
max_zf: [1, 1, 1]
num_channels: [2, 4, 4, 2]
CGdict maxdim: 3
{(0, 0): 2, (1, 1): 2}
{(0, 0): 4, (1, 1): 4, (0, 2): 4, (2, 0): 4, (2, 2): 4}
{(0, 0): 4, (1, 1): 4, (0, 2): 4, (2, 0): 4, (2, 2): 4}
{(0, 0): 2, (1, 1): 2, (0, 2): 2, (2, 0): 2, (2, 2): 2}
Model initialized. Number of parameters: 6014
Testing network for symmetries:
Beginning covariance test!
Boost invariance test. The output is a table of [gamma, rel. deviation] tuples:
[[1.0, 0.0], [1.5430806348152437, 5.821450344001278e-08], [3.7621956910836314, 2.51380811278068e-07], [10.067661995777765, 1.3071802413833211e-06], [27.308232836016487, 4.583862755680457e-05], [74.20994852478785, 6.669793947366998e-05], [201.7156361224559, 0.001738208346068859], [548.317035155212, 0.0743941143155098], [1490.479161252178, 113.9699935913086], [4051.5420254925943, 6492.619140625]]
Rotation invariance test. The output is a table of [angle, rel. deviation] tuples:
[[0.0, 0.0], [1.0, 1.6670516345129727e-07], [2.0, 8.467564072134337e-08], [3.0, 1.2172122865194979e-07], [4.0, 1.2701346463472873e-07], [5.0, 1.1907511776598767e-07], [6.0, 8.732175160730549e-08], [7.0, 1.2172122865194979e-07], [8.0, 1.0055232024797078e-07], [9.0, 8.20295227299539e-08]]
Averages of components of all tensors:
 [{(0, 0): 0.6660469174385071, (1, 1): 0.0013861318584531546}, {(2, 0): 9.13739058887586e-05, (1, 1): 0.025319095700979233, (2, 2): 0.000499698449857533, (0, 2): 5.12061633344274e-05, (0, 0): 0.14791713654994965}, {(2, 0): 9.7925920272246e-05, (1, 1): 0.003092312254011631, (2, 2): 0.0004508092242758721, (0, 2): 8.956609963206574e-05, (0, 0): 0.09827472269535065}, {(2, 0): 3.035284680663608e-05, (1, 1): 0.0018971508834511042, (2, 2): 0.00011885890853591263, (0, 2): 5.601944212685339e-05, (0, 0): 0.16172254085540771}]
Medians of components of all tensors:
 [{(0, 0): 0.42966073751449585, (1, 1): 0.0}, {(2, 0): 2.1211854495106763e-09, (1, 1): 0.007968788966536522, (2, 2): 4.8712438001530245e-05, (0, 2): 8.563169617836763e-10, (0, 0): 0.1444421112537384}, {(2, 0): 3.0785304261371493e-06, (1, 1): 0.0005721388151869178, (2, 2): 4.261909634806216e-05, (0, 2): 3.0030178095330484e-06, (0, 0): 0.053421203047037125}, {(2, 0): 3.4362976748525398e-06, (1, 1): 0.0004357927246019244, (2, 2): 1.3599346857517958e-05, (0, 2): 3.6838982850895263e-06, (0, 0): 0.0990096777677536}]
Rotation Invariance test (relative): 0.00023434
Largest deviation in covariance test : 0.012292
Largest deviation in covariance test 0.012292 detected! Detailed summary (all relative):
(lvl, key) = (0, (0, 0)) -> 7.5827e-05 (norm) 1.2479e-05 (mean)
(lvl, key) = (0, (1, 1)) -> 6.4379e-08 (norm) 6.3865e-08 (mean)
(lvl, key) = (1, (2, 0)) -> 2.9271e-05 (norm) 3.0657e-05 (mean)
(lvl, key) = (1, (1, 1)) -> 0.00164 (norm) 0.00045069 (mean)
(lvl, key) = (1, (2, 2)) -> 0.0010207 (norm) 0.00010591 (mean)
(lvl, key) = (1, (0, 2)) -> 4.1082e-05 (norm) 4.776e-05 (mean)
(lvl, key) = (1, (0, 0)) -> 0.0020909 (norm) 0.0001863 (mean)
(lvl, key) = (2, (2, 0)) -> 0.012725 (norm) 0.002779 (mean)
(lvl, key) = (2, (1, 1)) -> 0.0023436 (norm) 0.0010376 (mean)
(lvl, key) = (2, (2, 2)) -> 0.0011765 (norm) 0.00027937 (mean)
(lvl, key) = (2, (0, 2)) -> 0.007708 (norm) 0.0017517 (mean)
(lvl, key) = (2, (0, 0)) -> 0.00040974 (norm) 8.9802e-05 (mean)
(lvl, key) = (3, (2, 0)) -> 0.099075 (norm) 0.063916 (mean)
(lvl, key) = (3, (1, 1)) -> 0.0030887 (norm) 0.00095218 (mean)
(lvl, key) = (3, (2, 2)) -> 0.0022641 (norm) 0.00059371 (mean)
(lvl, key) = (3, (0, 2)) -> 0.025368 (norm) 0.017637 (mean)
(lvl, key) = (3, (0, 0)) -> 9.6747e-06 (norm) 2.3659e-06 (mean)
Beginning permutation test!
Permutation Invariance test error: 0.18838877975940704
Beginning batch invariance test!
Batch invariance test error: 1.6935128144268674e-07
Test complete!
Loading previous model from checkpoint!
Loading from checkpoint!
Best loss from checkpoint: 0.1799261777929184 at epoch 53
Getting predictions for model in last checkpoint.
Starting testing on test set: 
 Done! (Time: 4271.992904s)
Training Complete! Final Testing Loss:     0.1779     0.9287     0.9726     282.0028 @0.2999
[[0.456 0.043]
 [0.028 0.472]]

ROC saved to file ./predict/maxdim3_nobj126_lr1e-3_1e-7_lrdecay-exp_pt550-650_nepoch_100_data100_run4.best.test_ROC.csv

Saving predictions to file: ./predict/maxdim3_nobj126_lr1e-3_1e-7_lrdecay-exp_pt550-650_nepoch_100_data100_run4.best.test.pt
Getting predictions for best model (epoch 45).
Starting testing on test set: 
 Done! (Time: 3274.626924s)
Training Complete! Best Testing Loss:     0.1779     0.9287     0.9729     296.9324 @0.3000
[[0.456 0.044]
 [0.027 0.473]]

ROC saved to file ./predict/maxdim3_nobj126_lr1e-3_1e-7_lrdecay-exp_pt550-650_nepoch_100_data100_run4.best.test_ROC.csv

Saving predictions to file: ./predict/maxdim3_nobj126_lr1e-3_1e-7_lrdecay-exp_pt550-650_nepoch_100_data100_run4.best.test.pt
Inference phase complete!
